{"numTotalTestSuites":393,"numPassedTestSuites":373,"numFailedTestSuites":20,"numPendingTestSuites":0,"numTotalTests":1130,"numPassedTests":1047,"numFailedTests":80,"numPendingTests":3,"numTodoTests":0,"snapshot":{"added":0,"failure":false,"filesAdded":0,"filesRemoved":0,"filesRemovedList":[],"filesUnmatched":0,"filesUpdated":0,"matched":0,"total":0,"unchecked":0,"uncheckedKeysByFile":[],"unmatched":0,"updated":0,"didUpdate":false},"startTime":1785855971266,"success":false,"testResults":[{"assertionResults":[{"ancestorTitles":["main sentry bootstrap"],"fullName":"main sentry bootstrap initializes sentry and records app_open","status":"passed","title":"initializes sentry and records app_open","duration":131.54839999999967,"failureMessages":[],"meta":{}}],"startTime":1785856013564,"endTime":1785856013695.5483,"status":"passed","message":"","name":"W:/DESKbook/我的项目/BlackRain/apps/desktop/src/main.test.tsx"},{"assertionResults":[{"ancestorTitles":["Browser client 制品完整性"],"fullName":"Browser client 制品完整性 接受仓库锁定的 client/hash/license","status":"passed","title":"接受仓库锁定的 client/hash/license","duration":32.96119999999996,"failureMessages":[],"meta":{}},{"ancestorTitles":["Browser client 制品完整性"],"fullName":"Browser client 制品完整性 拒绝 client 内容与 manifest 摘要不一致","status":"passed","title":"拒绝 client 内容与 manifest 摘要不一致","duration":38.46759999999995,"failureMessages":[],"meta":{}}],"startTime":1785856028309,"endTime":1785856028380.4675,"status":"passed","message":"","name":"W:/DESKbook/我的项目/BlackRain/apps/desktop/scripts/verify-browser-client.test.ts"},{"assertionResults":[{"ancestorTitles":["Codex runtime 完整性校验"],"fullName":"Codex runtime 完整性校验 拒绝与生成态 manifest 一起被替换的 runtime 文件","status":"passed","title":"拒绝与生成态 manifest 一起被替换的 runtime 文件","duration":73.68869999999993,"failureMessages":[],"meta":{}}],"startTime":1785856028300,"endTime":1785856028373.6887,"status":"passed","message":"","name":"W:/DESKbook/我的项目/BlackRain/apps/desktop/scripts/verify-codex-runtime.test.ts"},{"assertionResults":[{"ancestorTitles":["Agent host service"],"fullName":"Agent host service 在 Electron 下投影 thread、turn、steer 与 interrupt typed API","status":"passed","title":"在 Electron 下投影 thread、turn、steer 与 interrupt typed API","duration":15.777000000000044,"failureMessages":[],"meta":{}}],"startTime":1785856026820,"endTime":1785856026835.777,"status":"passed","message":"","name":"W:/DESKbook/我的项目/BlackRain/apps/desktop/src/services/agent.test.ts"},{"assertionResults":[{"ancestorTitles":["Electron typed 事件入口"],"fullName":"Electron typed 事件入口 补拉、排序并去重 App Server 事件","status":"passed","title":"补拉、排序并去重 App Server 事件","duration":8.808199999999943,"failureMessages":[],"meta":{}},{"ancestorTitles":["Electron typed 事件入口"],"fullName":"Electron typed 事件入口 统一扇出 terminal data/exit 并在最后一个订阅释放时解绑","status":"passed","title":"统一扇出 terminal data/exit 并在最后一个订阅释放时解绑","duration":8.273800000000392,"failureMessages":[],"meta":{}}],"startTime":1785856026373,"endTime":1785856026390.2737,"status":"passed","message":"","name":"W:/DESKbook/我的项目/BlackRain/apps/desktop/src/services/events.test.ts"},{"assertionResults":[{"ancestorTitles":["error toasts"],"fullName":"error toasts publishes error toasts to subscribers","status":"passed","title":"publishes error toasts to subscribers","duration":9.987699999999904,"failureMessages":[],"meta":{}}],"startTime":1785856032364,"endTime":1785856032373.9878,"status":"passed","message":"","name":"W:/DESKbook/我的项目/BlackRain/apps/desktop/src/services/toasts.test.ts"},{"assertionResults":[{"ancestorTitles":["workspace host service"],"fullName":"workspace host service Electron 下使用 typed workspace API","status":"passed","title":"Electron 下使用 typed workspace API","duration":9.44360000000006,"failureMessages":[],"meta":{}}],"startTime":1785856027128,"endTime":1785856027137.4436,"status":"passed","message":"","name":"W:/DESKbook/我的项目/BlackRain/apps/desktop/src/services/workspaces.test.ts"},{"assertionResults":[{"ancestorTitles":["i18n"],"fullName":"i18n normalizes unsupported language preferences to system","status":"passed","title":"normalizes unsupported language preferences to system","duration":2.4705999999998767,"failureMessages":[],"meta":{}},{"ancestorTitles":["i18n"],"fullName":"i18n resolves system language to a supported locale","status":"passed","title":"resolves system language to a supported locale","duration":0.6213999999999942,"failureMessages":[],"meta":{}},{"ancestorTitles":["i18n"],"fullName":"i18n translates and interpolates values","status":"passed","title":"translates and interpolates values","duration":3.869499999999789,"failureMessages":[],"meta":{}}],"startTime":1785856032944,"endTime":1785856032950.8694,"status":"passed","message":"","name":"W:/DESKbook/我的项目/BlackRain/apps/desktop/src/i18n/i18n.test.ts"},{"assertionResults":[{"ancestorTitles":["appServerEvents"],"fullName":"appServerEvents extracts method and params safely","status":"passed","title":"extracts method and params safely","duration":3.974100000000135,"failureMessages":[],"meta":{}},{"ancestorTitles":["appServerEvents"],"fullName":"appServerEvents checks supported method and approval requests","status":"passed","title":"checks supported method and approval requests","duration":0.8803000000000338,"failureMessages":[],"meta":{}},{"ancestorTitles":["appServerEvents"],"fullName":"appServerEvents matches canonical skills update event method only","status":"passed","title":"matches canonical skills update event method only","duration":0.44249999999988177,"failureMessages":[],"meta":{}},{"ancestorTitles":["appServerEvents"],"fullName":"appServerEvents matches canonical app list update event method only","status":"passed","title":"matches canonical app list update event method only","duration":1.1649999999999636,"failureMessages":[],"meta":{}},{"ancestorTitles":["appServerEvents"],"fullName":"appServerEvents gracefully handles malformed event payloads","status":"passed","title":"gracefully handles malformed event payloads","duration":1.5559000000000651,"failureMessages":[],"meta":{}},{"ancestorTitles":["appServerEvents"],"fullName":"appServerEvents keeps supported methods aligned with useAppServerEvents routing","status":"passed","title":"keeps supported methods aligned with useAppServerEvents routing","duration":0.6884000000000015,"failureMessages":[],"meta":{}}],"startTime":1785856032740,"endTime":1785856032748.6885,"status":"passed","message":"","name":"W:/DESKbook/我的项目/BlackRain/apps/desktop/src/utils/appServerEvents.test.ts"},{"assertionResults":[{"ancestorTitles":["normalizeCodexArgsInput"],"fullName":"normalizeCodexArgsInput normalizes smart punctuation and strips whole-string quotes","status":"passed","title":"normalizes smart punctuation and strips whole-string quotes","duration":2.8034000000000106,"failureMessages":[],"meta":{}},{"ancestorTitles":["normalizeCodexArgsInput"],"fullName":"normalizeCodexArgsInput returns null for empty/whitespace values","status":"passed","title":"returns null for empty/whitespace values","duration":0.4591000000000349,"failureMessages":[],"meta":{}},{"ancestorTitles":["normalizeCodexArgsInput"],"fullName":"normalizeCodexArgsInput keeps already-valid args unchanged","status":"passed","title":"keeps already-valid args unchanged","duration":0.3976000000000113,"failureMessages":[],"meta":{}},{"ancestorTitles":["normalizeCodexArgsInput"],"fullName":"normalizeCodexArgsInput preserves long-flag equals forms when normalizing smart dashes","status":"passed","title":"preserves long-flag equals forms when normalizing smart dashes","duration":0.25939999999991414,"failureMessages":[],"meta":{}}],"startTime":1785856033346,"endTime":1785856033350.2595,"status":"passed","message":"","name":"W:/DESKbook/我的项目/BlackRain/apps/desktop/src/utils/codexArgsInput.test.ts"},{"assertionResults":[{"ancestorTitles":["shouldApplyCommitMessage"],"fullName":"shouldApplyCommitMessage returns true when workspace ids match","status":"passed","title":"returns true when workspace ids match","duration":1.994799999999941,"failureMessages":[],"meta":{}},{"ancestorTitles":["shouldApplyCommitMessage"],"fullName":"shouldApplyCommitMessage returns false when workspace ids differ","status":"passed","title":"returns false when workspace ids differ","duration":0.38369999999997617,"failureMessages":[],"meta":{}},{"ancestorTitles":["shouldApplyCommitMessage"],"fullName":"shouldApplyCommitMessage returns false when active workspace is null","status":"passed","title":"returns false when active workspace is null","duration":0.2582999999999629,"failureMessages":[],"meta":{}}],"startTime":1785856033491,"endTime":1785856033494.2583,"status":"passed","message":"","name":"W:/DESKbook/我的项目/BlackRain/apps/desktop/src/utils/commitMessage.test.ts"},{"assertionResults":[{"ancestorTitles":["parseFileUrlLocation"],"fullName":"parseFileUrlLocation keeps encoded #L-like path segments as part of the decoded filename","status":"passed","title":"keeps encoded #L-like path segments as part of the decoded filename","duration":2.858100000000036,"failureMessages":[],"meta":{}},{"ancestorTitles":["parseFileUrlLocation"],"fullName":"parseFileUrlLocation uses only the real URL fragment as a line anchor","status":"passed","title":"uses only the real URL fragment as a line anchor","duration":0.5786000000000513,"failureMessages":[],"meta":{}},{"ancestorTitles":["parseFileUrlLocation"],"fullName":"parseFileUrlLocation keeps Windows drive paths when decoding a file URL with an unescaped percent","status":"passed","title":"keeps Windows drive paths when decoding a file URL with an unescaped percent","duration":0.7556999999999334,"failureMessages":[],"meta":{}},{"ancestorTitles":["parseFileUrlLocation"],"fullName":"parseFileUrlLocation keeps UNC host paths when decoding a file URL with an unescaped percent","status":"passed","title":"keeps UNC host paths when decoding a file URL with an unescaped percent","duration":0.28300000000001546,"failureMessages":[],"meta":{}},{"ancestorTitles":["parseFileUrlLocation"],"fullName":"parseFileUrlLocation preserves Windows drive info when the URL constructor fallback is used","status":"passed","title":"preserves Windows drive info when the URL constructor fallback is used","duration":0.6095000000000255,"failureMessages":[],"meta":{}},{"ancestorTitles":["parseFileUrlLocation"],"fullName":"parseFileUrlLocation preserves UNC host info when the URL constructor fallback is used","status":"passed","title":"preserves UNC host info when the URL constructor fallback is used","duration":0.35159999999996217,"failureMessages":[],"meta":{}},{"ancestorTitles":["parseFileUrlLocation"],"fullName":"parseFileUrlLocation keeps encoded #L-like path segments when the URL constructor fallback is used","status":"passed","title":"keeps encoded #L-like path segments when the URL constructor fallback is used","duration":0.3269999999999982,"failureMessages":[],"meta":{}},{"ancestorTitles":["parseFileUrlLocation"],"fullName":"parseFileUrlLocation round-trips Windows namespace drive paths through file URLs","status":"passed","title":"round-trips Windows namespace drive paths through file URLs","duration":0.7339000000000624,"failureMessages":[],"meta":{}},{"ancestorTitles":["parseFileUrlLocation"],"fullName":"parseFileUrlLocation round-trips Windows namespace UNC paths through file URLs","status":"passed","title":"round-trips Windows namespace UNC paths through file URLs","duration":0.38769999999999527,"failureMessages":[],"meta":{}}],"startTime":1785856031544,"endTime":1785856031551.3877,"status":"passed","message":"","name":"W:/DESKbook/我的项目/BlackRain/apps/desktop/src/utils/fileLinks.test.ts"},{"assertionResults":[{"ancestorTitles":["playNotificationSound"],"fullName":"playNotificationSound plays notification audio via Web Audio API","status":"passed","title":"plays notification audio via Web Audio API","duration":97.90270000000055,"failureMessages":[],"meta":{}},{"ancestorTitles":["playNotificationSound"],"fullName":"playNotificationSound logs debug information when fetch fails","status":"passed","title":"logs debug information when fetch fails","duration":86.20310000000063,"failureMessages":[],"meta":{}},{"ancestorTitles":["playNotificationSound"],"fullName":"playNotificationSound attempts to resume suspended contexts before playback","status":"passed","title":"attempts to resume suspended contexts before playback","duration":101.40470000000005,"failureMessages":[],"meta":{}}],"startTime":1785855996973,"endTime":1785855997259.4048,"status":"passed","message":"","name":"W:/DESKbook/我的项目/BlackRain/apps/desktop/src/utils/notificationSounds.test.ts"},{"assertionResults":[{"ancestorTitles":["isMobilePlatform"],"fullName":"isMobilePlatform returns true for iPhone-like user agents","status":"passed","title":"returns true for iPhone-like user agents","duration":2.963300000000004,"failureMessages":[],"meta":{}},{"ancestorTitles":["isMobilePlatform"],"fullName":"isMobilePlatform returns false for desktop platforms","status":"passed","title":"returns false for desktop platforms","duration":0.5031000000000176,"failureMessages":[],"meta":{}},{"ancestorTitles":["isMobilePlatform"],"fullName":"isMobilePlatform returns true for iPad desktop user agents with touch support","status":"passed","title":"returns true for iPad desktop user agents with touch support","duration":0.30330000000003565,"failureMessages":[],"meta":{}}],"startTime":1785856032346,"endTime":1785856032350.3032,"status":"passed","message":"","name":"W:/DESKbook/我的项目/BlackRain/apps/desktop/src/utils/platformPaths.test.ts"},{"assertionResults":[{"ancestorTitles":["buildPullRequestReviewPrompt"],"fullName":"buildPullRequestReviewPrompt includes metadata, diff excerpts, and request instructions","status":"passed","title":"includes metadata, diff excerpts, and request instructions","duration":3.1283999999999423,"failureMessages":[],"meta":{}},{"ancestorTitles":["buildPullRequestReviewPrompt"],"fullName":"buildPullRequestReviewPrompt includes selected range context when provided","status":"passed","title":"includes selected range context when provided","duration":1.0608999999999469,"failureMessages":[],"meta":{}},{"ancestorTitles":["buildPullRequestReviewPrompt"],"fullName":"buildPullRequestReviewPrompt uses collision-safe fenced blocks for untrusted diff and selection content","status":"passed","title":"uses collision-safe fenced blocks for untrusted diff and selection content","duration":1.191599999999994,"failureMessages":[],"meta":{}},{"ancestorTitles":["buildPullRequestReviewPrompt"],"fullName":"buildPullRequestReviewPrompt uses collision-safe fenced block for untrusted PR description content","status":"passed","title":"uses collision-safe fenced block for untrusted PR description content","duration":1.2583000000000766,"failureMessages":[],"meta":{}}],"startTime":1785856032362,"endTime":1785856032369.2583,"status":"passed","message":"","name":"W:/DESKbook/我的项目/BlackRain/apps/desktop/src/utils/pullRequestReviewPrompt.test.ts"},{"assertionResults":[{"ancestorTitles":["shortcuts"],"fullName":"shortcuts maps cmd+ctrl to Ctrl+Alt on non-mac platforms","status":"passed","title":"maps cmd+ctrl to Ctrl+Alt on non-mac platforms","duration":4.453700000000026,"failureMessages":[],"meta":{}},{"ancestorTitles":["shortcuts"],"fullName":"shortcuts keeps cmd as CmdOrCtrl on non-mac platforms","status":"passed","title":"keeps cmd as CmdOrCtrl on non-mac platforms","duration":0.5602999999996428,"failureMessages":[],"meta":{}},{"ancestorTitles":["shortcuts"],"fullName":"shortcuts requires both cmd and ctrl on macOS","status":"passed","title":"requires both cmd and ctrl on macOS","duration":0.831000000000131,"failureMessages":[],"meta":{}}],"startTime":1785856027461,"endTime":1785856027466.831,"status":"passed","message":"","name":"W:/DESKbook/我的项目/BlackRain/apps/desktop/src/utils/shortcuts.test.ts"},{"assertionResults":[{"ancestorTitles":["threadItems"],"fullName":"threadItems truncates long message text in normalizeItem","status":"passed","title":"truncates long message text in normalizeItem","duration":4.511700000000019,"failureMessages":[],"meta":{}},{"ancestorTitles":["threadItems"],"fullName":"threadItems truncates extremely large tool output for fileChange and commandExecution","status":"passed","title":"truncates extremely large tool output for fileChange and commandExecution","duration":1.0778999999999996,"failureMessages":[],"meta":{}},{"ancestorTitles":["threadItems"],"fullName":"threadItems truncates older tool output in prepareThreadItems","status":"passed","title":"truncates older tool output in prepareThreadItems","duration":5.456000000000131,"failureMessages":[],"meta":{}},{"ancestorTitles":["threadItems"],"fullName":"threadItems respects custom max items per thread in prepareThreadItems","status":"passed","title":"respects custom max items per thread in prepareThreadItems","duration":3.194500000000062,"failureMessages":[],"meta":{}},{"ancestorTitles":["threadItems"],"fullName":"threadItems supports unlimited max items per thread in prepareThreadItems","status":"passed","title":"supports unlimited max items per thread in prepareThreadItems","duration":0.9026000000001204,"failureMessages":[],"meta":{}},{"ancestorTitles":["threadItems"],"fullName":"threadItems drops assistant review summaries that duplicate completed review items","status":"passed","title":"drops assistant review summaries that duplicate completed review items","duration":0.9211999999999989,"failureMessages":[],"meta":{}},{"ancestorTitles":["threadItems"],"fullName":"threadItems summarizes explored reads and hides raw commands","status":"passed","title":"summarizes explored reads and hides raw commands","duration":2.8481000000001586,"failureMessages":[],"meta":{}},{"ancestorTitles":["threadItems"],"fullName":"threadItems treats inProgress command status as exploring","status":"passed","title":"treats inProgress command status as exploring","duration":2.074700000000121,"failureMessages":[],"meta":{}},{"ancestorTitles":["threadItems"],"fullName":"threadItems deduplicates explore entries when consecutive summaries merge","status":"passed","title":"deduplicates explore entries when consecutive summaries merge","duration":1.0902000000000953,"failureMessages":[],"meta":{}},{"ancestorTitles":["threadItems"],"fullName":"threadItems preserves distinct read paths that share the same basename","status":"passed","title":"preserves distinct read paths that share the same basename","duration":1.981899999999996,"failureMessages":[],"meta":{}},{"ancestorTitles":["threadItems"],"fullName":"threadItems preserves multi-path read commands instead of collapsing to the last path","status":"passed","title":"preserves multi-path read commands instead of collapsing to the last path","duration":2.3176999999998316,"failureMessages":[],"meta":{}},{"ancestorTitles":["threadItems"],"fullName":"threadItems ignores glob patterns when summarizing rg --files commands","status":"passed","title":"ignores glob patterns when summarizing rg --files commands","duration":0.9162000000001171,"failureMessages":[],"meta":{}},{"ancestorTitles":["threadItems"],"fullName":"threadItems skips rg glob flag values and keeps the actual search path","status":"passed","title":"skips rg glob flag values and keeps the actual search path","duration":0.5930999999998221,"failureMessages":[],"meta":{}},{"ancestorTitles":["threadItems"],"fullName":"threadItems unwraps unquoted /bin/zsh -lc rg commands","status":"passed","title":"unwraps unquoted /bin/zsh -lc rg commands","duration":0.5860999999999876,"failureMessages":[],"meta":{}},{"ancestorTitles":["threadItems"],"fullName":"threadItems treats nl -ba as a read command","status":"passed","title":"treats nl -ba as a read command","duration":0.5479000000000269,"failureMessages":[],"meta":{}},{"ancestorTitles":["threadItems"],"fullName":"threadItems summarizes piped nl commands using the left-hand read","status":"passed","title":"summarizes piped nl commands using the left-hand read","duration":0.8695999999999913,"failureMessages":[],"meta":{}},{"ancestorTitles":["threadItems"],"fullName":"threadItems does not trim pipes that appear inside quoted arguments","status":"passed","title":"does not trim pipes that appear inside quoted arguments","duration":0.5210999999999331,"failureMessages":[],"meta":{}},{"ancestorTitles":["threadItems"],"fullName":"threadItems keeps raw commands when they are not recognized","status":"passed","title":"keeps raw commands when they are not recognized","duration":0.7302999999999429,"failureMessages":[],"meta":{}},{"ancestorTitles":["threadItems"],"fullName":"threadItems keeps raw commands when they fail","status":"passed","title":"keeps raw commands when they fail","duration":1.6222999999999956,"failureMessages":[],"meta":{}},{"ancestorTitles":["threadItems"],"fullName":"threadItems builds file change items with summary details","status":"passed","title":"builds file change items with summary details","duration":1.707400000000007,"failureMessages":[],"meta":{}},{"ancestorTitles":["threadItems"],"fullName":"threadItems defaults web search items to completed status","status":"passed","title":"defaults web search items to completed status","duration":0.4591000000000349,"failureMessages":[],"meta":{}},{"ancestorTitles":["threadItems"],"fullName":"threadItems merges thread items preferring non-empty remote tool output","status":"passed","title":"merges thread items preferring non-empty remote tool output","duration":1.2658000000001266,"failureMessages":[],"meta":{}},{"ancestorTitles":["threadItems"],"fullName":"threadItems keeps local tool output when remote output is empty","status":"passed","title":"keeps local tool output when remote output is empty","duration":0.8115000000000236,"failureMessages":[],"meta":{}},{"ancestorTitles":["threadItems"],"fullName":"threadItems keeps local tool status when remote status is empty","status":"passed","title":"keeps local tool status when remote status is empty","duration":0.5714000000000397,"failureMessages":[],"meta":{}},{"ancestorTitles":["threadItems"],"fullName":"threadItems preserves streamed plan output when completion item has empty output","status":"passed","title":"preserves streamed plan output when completion item has empty output","duration":0.8678999999999633,"failureMessages":[],"meta":{}},{"ancestorTitles":["threadItems"],"fullName":"threadItems uses incoming tool output even when shorter than existing output","status":"passed","title":"uses incoming tool output even when shorter than existing output","duration":1.0334000000000287,"failureMessages":[],"meta":{}},{"ancestorTitles":["threadItems"],"fullName":"threadItems preserves streamed reasoning content when completion item is empty","status":"passed","title":"preserves streamed reasoning content when completion item is empty","duration":0.39360000000010587,"failureMessages":[],"meta":{}},{"ancestorTitles":["threadItems"],"fullName":"threadItems preserves existing userInput answers when incoming payload has equal question count and no answers","status":"passed","title":"preserves existing userInput answers when incoming payload has equal question count and no answers","duration":0.8941999999999553,"failureMessages":[],"meta":{}},{"ancestorTitles":["threadItems"],"fullName":"threadItems preserves existing answers for questions that are empty in a partial userInput upsert","status":"passed","title":"preserves existing answers for questions that are empty in a partial userInput upsert","duration":1.0062000000000353,"failureMessages":[],"meta":{}},{"ancestorTitles":["threadItems"],"fullName":"threadItems preserves answered questions missing from a partial userInput upsert","status":"passed","title":"preserves answered questions missing from a partial userInput upsert","duration":1.3144999999999527,"failureMessages":[],"meta":{}},{"ancestorTitles":["threadItems"],"fullName":"threadItems builds user message text from mixed inputs","status":"passed","title":"builds user message text from mixed inputs","duration":1.1933999999998832,"failureMessages":[],"meta":{}},{"ancestorTitles":["threadItems"],"fullName":"threadItems keeps image-only user messages without placeholder text","status":"passed","title":"keeps image-only user messages without placeholder text","duration":0.3711000000000695,"failureMessages":[],"meta":{}},{"ancestorTitles":["threadItems"],"fullName":"threadItems formats collab tool calls with receivers and agent states","status":"passed","title":"formats collab tool calls with receivers and agent states","duration":1.7600999999999658,"failureMessages":[],"meta":{}},{"ancestorTitles":["threadItems"],"fullName":"threadItems captures rich collab metadata from receiver_agents and agent_statuses","status":"passed","title":"captures rich collab metadata from receiver_agents and agent_statuses","duration":1.2157999999999447,"failureMessages":[],"meta":{}},{"ancestorTitles":["threadItems"],"fullName":"threadItems builds context compaction items","status":"passed","title":"builds context compaction items","duration":0.4110000000000582,"failureMessages":[],"meta":{}},{"ancestorTitles":["threadItems"],"fullName":"threadItems builds context compaction items from thread history","status":"passed","title":"builds context compaction items from thread history","duration":0.31090000000017426,"failureMessages":[],"meta":{}},{"ancestorTitles":["threadItems"],"fullName":"threadItems preserves owning turn ids when building items from a thread","status":"passed","title":"preserves owning turn ids when building items from a thread","duration":0.5195000000001073,"failureMessages":[],"meta":{}},{"ancestorTitles":["threadItems"],"fullName":"threadItems prefers explicit turn ids over item ids when both are present","status":"passed","title":"prefers explicit turn ids over item ids when both are present","duration":0.2140999999999167,"failureMessages":[],"meta":{}},{"ancestorTitles":["threadItems"],"fullName":"threadItems parses ISO timestamps for thread updates","status":"passed","title":"parses ISO timestamps for thread updates","duration":0.3225999999999658,"failureMessages":[],"meta":{}},{"ancestorTitles":["threadItems"],"fullName":"threadItems returns 0 for invalid thread timestamps","status":"passed","title":"returns 0 for invalid thread timestamps","duration":0.14190000000007785,"failureMessages":[],"meta":{}},{"ancestorTitles":["threadItems"],"fullName":"threadItems parses created timestamps","status":"passed","title":"parses created timestamps","duration":0.31330000000002656,"failureMessages":[],"meta":{}}],"startTime":1785856028964,"endTime":1785856029016.3225,"status":"passed","message":"","name":"W:/DESKbook/我的项目/BlackRain/apps/desktop/src/utils/threadItems.test.ts"},{"assertionResults":[{"ancestorTitles":["threadStatus"],"fullName":"threadStatus prioritizes pending user input over processing state","status":"passed","title":"prioritizes pending user input over processing state","duration":3.557600000000093,"failureMessages":[],"meta":{}},{"ancestorTitles":["threadStatus"],"fullName":"threadStatus maps thread status to workspace home labels and classes","status":"passed","title":"maps thread status to workspace home labels and classes","duration":2.4227999999998246,"failureMessages":[],"meta":{}},{"ancestorTitles":["threadStatus"],"fullName":"threadStatus keeps running state when processing and reviewing are both true","status":"passed","title":"keeps running state when processing and reviewing are both true","duration":0.38210000000003674,"failureMessages":[],"meta":{}}],"startTime":1785856033446,"endTime":1785856033453.382,"status":"passed","message":"","name":"W:/DESKbook/我的项目/BlackRain/apps/desktop/src/utils/threadStatus.test.ts"},{"assertionResults":[{"ancestorTitles":["formatRelativeTime"],"fullName":"formatRelativeTime keeps labels stable across host locales","status":"passed","title":"keeps labels stable across host locales","duration":37.35270000000014,"failureMessages":[],"meta":{}}],"startTime":1785856029283,"endTime":1785856029320.3528,"status":"passed","message":"","name":"W:/DESKbook/我的项目/BlackRain/apps/desktop/src/utils/time.test.ts"},{"assertionResults":[{"ancestorTitles":["AccountSessionStore"],"fullName":"AccountSessionStore 只持久化加密结果并支持读取和清除","status":"passed","title":"只持久化加密结果并支持读取和清除","duration":34.6112999999998,"failureMessages":[],"meta":{}},{"ancestorTitles":["AccountSessionStore"],"fullName":"AccountSessionStore 系统加密不可用时拒绝明文降级","status":"passed","title":"系统加密不可用时拒绝明文降级","duration":6.282899999999927,"failureMessages":[],"meta":{}}],"startTime":1785856028869,"endTime":1785856028910.283,"status":"passed","message":"","name":"W:/DESKbook/我的项目/BlackRain/apps/desktop/electron/main/credentials/account-session-store.test.ts"},{"assertionResults":[{"ancestorTitles":["resolveBlackRainDataPaths"],"fullName":"resolveBlackRainDataPaths 只在 BlackRain app-data 下建立 Electron 宿主状态目录","status":"passed","title":"只在 BlackRain app-data 下建立 Electron 宿主状态目录","duration":3.3275999999998476,"failureMessages":[],"meta":{}},{"ancestorTitles":["resolveBlackRainDataPaths"],"fullName":"resolveBlackRainDataPaths 拒绝相对 appData 路径","status":"passed","title":"拒绝相对 appData 路径","duration":1.6833999999998923,"failureMessages":[],"meta":{}},{"ancestorTitles":["resolveElectronAppDataPath"],"fullName":"resolveElectronAppDataPath 仅在 BLACKRAIN_ELECTRON_SMOKE 测试运行中使用隔离目录","status":"passed","title":"仅在 BLACKRAIN_ELECTRON_SMOKE 测试运行中使用隔离目录","duration":0.6793999999999869,"failureMessages":[],"meta":{}},{"ancestorTitles":["resolveElectronAppDataPath"],"fullName":"resolveElectronAppDataPath 仅在 BLACKRAIN_ELECTRON_E2E 测试运行中使用隔离目录","status":"passed","title":"仅在 BLACKRAIN_ELECTRON_E2E 测试运行中使用隔离目录","duration":0.2298000000000684,"failureMessages":[],"meta":{}},{"ancestorTitles":["resolveElectronAppDataPath"],"fullName":"resolveElectronAppDataPath 仅在 BLACKRAIN_ELECTRON_NATIVE_INPUT_PROBE 测试运行中使用隔离目录","status":"passed","title":"仅在 BLACKRAIN_ELECTRON_NATIVE_INPUT_PROBE 测试运行中使用隔离目录","duration":0.16190000000005966,"failureMessages":[],"meta":{}},{"ancestorTitles":["resolveElectronAppDataPath"],"fullName":"resolveElectronAppDataPath 普通启动忽略测试目录 override","status":"passed","title":"普通启动忽略测试目录 override","duration":0.3532999999999902,"failureMessages":[],"meta":{}}],"startTime":1785856032192,"endTime":1785856032198.3533,"status":"passed","message":"","name":"W:/DESKbook/我的项目/BlackRain/apps/desktop/electron/main/app/data-paths.test.ts"},{"assertionResults":[{"ancestorTitles":["RuntimeBootstrapCoordinator"],"fullName":"RuntimeBootstrapCoordinator 诊断缓冲会脱敏凭据和本机绝对路径","status":"passed","title":"诊断缓冲会脱敏凭据和本机绝对路径","duration":2.6737000000000535,"failureMessages":[],"meta":{}},{"ancestorTitles":["RuntimeBootstrapCoordinator"],"fullName":"RuntimeBootstrapCoordinator 启动唯一 app-server 并识别已登录 Home","status":"passed","title":"启动唯一 app-server 并识别已登录 Home","duration":4.403099999999995,"failureMessages":[],"meta":{}},{"ancestorTitles":["RuntimeBootstrapCoordinator"],"fullName":"RuntimeBootstrapCoordinator 无 Codex 账户时保持可见的未登录状态，并允许幂等初始化","status":"passed","title":"无 Codex 账户时保持可见的未登录状态，并允许幂等初始化","duration":2.952099999999973,"failureMessages":[],"meta":{}},{"ancestorTitles":["RuntimeBootstrapCoordinator"],"fullName":"RuntimeBootstrapCoordinator 启动失败进入 degraded，重试只复用 Electron runtime","status":"passed","title":"启动失败进入 degraded，重试只复用 Electron runtime","duration":6.849799999999959,"failureMessages":[],"meta":{}}],"startTime":1785856030271,"endTime":1785856030287.8499,"status":"passed","message":"","name":"W:/DESKbook/我的项目/BlackRain/apps/desktop/electron/main/app/runtime-bootstrap.test.ts"},{"assertionResults":[{"ancestorTitles":["SystemPowerLifecycle"],"fullName":"SystemPowerLifecycle 串行执行睡眠与唤醒恢复，并合并重复事件","status":"passed","title":"串行执行睡眠与唤醒恢复，并合并重复事件","duration":7.103200000000015,"failureMessages":[],"meta":{}},{"ancestorTitles":["SystemPowerLifecycle"],"fullName":"SystemPowerLifecycle 单个目标失败后仍允许后续唤醒恢复","status":"passed","title":"单个目标失败后仍允许后续唤醒恢复","duration":66.24590000000012,"failureMessages":[],"meta":{}},{"ancestorTitles":["SystemPowerLifecycle"],"fullName":"SystemPowerLifecycle 绑定并释放 Electron powerMonitor 事件","status":"passed","title":"绑定并释放 Electron powerMonitor 事件","duration":1.3010000000001583,"failureMessages":[],"meta":{}}],"startTime":1785856028273,"endTime":1785856028348.301,"status":"passed","message":"","name":"W:/DESKbook/我的项目/BlackRain/apps/desktop/electron/main/app/system-power-lifecycle.test.ts"},{"assertionResults":[{"ancestorTitles":["SystemUiService"],"fullName":"SystemUiService 只接受 schema 内的菜单项并返回用户选择","status":"passed","title":"只接受 schema 内的菜单项并返回用户选择","duration":11.410599999999931,"failureMessages":[],"meta":{}},{"ancestorTitles":["SystemUiService"],"fullName":"SystemUiService 通过 Electron Notification 展示经过校验的通知","status":"passed","title":"通过 Electron Notification 展示经过校验的通知","duration":3.8260999999999967,"failureMessages":[],"meta":{}}],"startTime":1785856031717,"endTime":1785856031731.8262,"status":"passed","message":"","name":"W:/DESKbook/我的项目/BlackRain/apps/desktop/electron/main/app/system-ui-service.test.ts"},{"assertionResults":[{"ancestorTitles":["AgentEventStream"],"fullName":"AgentEventStream 按 sequence 发布、补拉和退订事件","status":"passed","title":"按 sequence 发布、补拉和退订事件","duration":10.3583000000001,"failureMessages":[],"meta":{}},{"ancestorTitles":["AgentEventStream"],"fullName":"AgentEventStream 限制队列数量并标记过旧 cursor","status":"passed","title":"限制队列数量并标记过旧 cursor","duration":14.73050000000012,"failureMessages":[],"meta":{}},{"ancestorTitles":["AgentEventStream"],"fullName":"AgentEventStream 拒绝超大或不可序列化消息且不推进 sequence","status":"passed","title":"拒绝超大或不可序列化消息且不推进 sequence","duration":6.571699999999964,"failureMessages":[],"meta":{}}],"startTime":1785856029888,"endTime":1785856029920.5718,"status":"passed","message":"","name":"W:/DESKbook/我的项目/BlackRain/apps/desktop/electron/main/app-server/agent-event-stream.test.ts"},{"assertionResults":[{"ancestorTitles":["AppServerProcess"],"fullName":"AppServerProcess spawn 子进程并跑通 initialize、双向 request、stderr 与退出","status":"passed","title":"spawn 子进程并跑通 initialize、双向 request、stderr 与退出","duration":410.11979999999994,"failureMessages":[],"meta":{}},{"ancestorTitles":["AppServerProcess"],"fullName":"AppServerProcess 构造固定的原装 codex app-server 启动参数","status":"passed","title":"构造固定的原装 codex app-server 启动参数","duration":1.13799999999992,"failureMessages":[],"meta":{}},{"ancestorTitles":["AppServerProcess"],"fullName":"AppServerProcess spawn 失败后仍可完成 stop，且退出只结算一次","status":"passed","title":"spawn 失败后仍可完成 stop，且退出只结算一次","duration":6.841900000000123,"failureMessages":[],"meta":{}},{"ancestorTitles":["AppServerProcess"],"fullName":"AppServerProcess grace deadline 后强制回收 Windows App Server 进程树","status":"passed","title":"grace deadline 后强制回收 Windows App Server 进程树","duration":519.2510999999997,"failureMessages":[],"meta":{}},{"ancestorTitles":["AppServerProcess"],"fullName":"AppServerProcess 使用 taskkill /T /F 回收 App Server 后代进程","status":"passed","title":"使用 taskkill /T /F 回收 App Server 后代进程","duration":1388.5059999999999,"failureMessages":[],"meta":{}}],"startTime":1785856025392,"endTime":1785856027719.506,"status":"passed","message":"","name":"W:/DESKbook/我的项目/BlackRain/apps/desktop/electron/main/app-server/app-server-process.test.ts"},{"assertionResults":[{"ancestorTitles":["AppServerRuntime"],"fullName":"AppServerRuntime 拒绝不完整 Browser MCP 配置和双路由配置","status":"passed","title":"拒绝不完整 Browser MCP 配置和双路由配置","duration":6.875,"failureMessages":[],"meta":{}},{"ancestorTitles":["AppServerRuntime"],"fullName":"AppServerRuntime 跑通 thread/turn/dynamic tool 到唯一 Browser backend","status":"passed","title":"跑通 thread/turn/dynamic tool 到唯一 Browser backend","duration":841.3822,"failureMessages":[],"meta":{}},{"ancestorTitles":["AppServerRuntime"],"fullName":"AppServerRuntime app-server 在活跃 turn 崩溃后释放 Browser 控制并允许重新启动","status":"passed","title":"app-server 在活跃 turn 崩溃后释放 Browser 控制并允许重新启动","duration":967.2491999999997,"failureMessages":[],"meta":{}},{"ancestorTitles":["AppServerRuntime"],"fullName":"AppServerRuntime 将审批 server request 绑定 workspace 转发并只接受一次响应","status":"passed","title":"将审批 server request 绑定 workspace 转发并只接受一次响应","duration":325.76850000000013,"failureMessages":[],"meta":{}},{"ancestorTitles":["AppServerRuntime"],"fullName":"AppServerRuntime 通过同一 app-server 管理账户登录、取消和退出","status":"passed","title":"通过同一 app-server 管理账户登录、取消和退出","duration":338.96959999999945,"failureMessages":[],"meta":{}},{"ancestorTitles":["AppServerRuntime"],"fullName":"AppServerRuntime 恢复 thread、取消审批 request，并在 interrupt 后释放 Browser 控制","status":"passed","title":"恢复 thread、取消审批 request，并在 interrupt 后释放 Browser 控制","duration":360.4250000000002,"failureMessages":[],"meta":{}},{"ancestorTitles":["AppServerRuntime"],"fullName":"AppServerRuntime 睡眠前停止 App Server 与 Browser transport，唤醒后恢复此前运行的 runtime","status":"passed","title":"睡眠前停止 App Server 与 Browser transport，唤醒后恢复此前运行的 runtime","duration":697.1993999999995,"failureMessages":[],"meta":{}}],"startTime":1785856025771,"endTime":1785856029312.1995,"status":"passed","message":"","name":"W:/DESKbook/我的项目/BlackRain/apps/desktop/electron/main/app-server/app-server-runtime.test.ts"},{"assertionResults":[{"ancestorTitles":["bundled codex app-server 集成探针"],"fullName":"bundled codex app-server 集成探针 从生产资源布局启动、初始化 thread 并优雅退出","status":"skipped","title":"从生产资源布局启动、初始化 thread 并优雅退出","failureMessages":[],"meta":{}}],"startTime":1785855971266,"endTime":1785855971266,"status":"passed","message":"","name":"W:/DESKbook/我的项目/BlackRain/apps/desktop/electron/main/app-server/bundled-app-server-probe.test.ts"},{"assertionResults":[{"ancestorTitles":["bundled codex Browser MCP 生产接缝探针"],"fullName":"bundled codex Browser MCP 生产接缝探针 注册 stdio MCP、发现窄接口工具并透传可信 route metadata","status":"skipped","title":"注册 stdio MCP、发现窄接口工具并透传可信 route metadata","failureMessages":[],"meta":{}}],"startTime":1785855971266,"endTime":1785855971266,"status":"passed","message":"","name":"W:/DESKbook/我的项目/BlackRain/apps/desktop/electron/main/app-server/bundled-browser-mcp-probe.test.ts"},{"assertionResults":[{"ancestorTitles":["resolveCodexExecutablePath"],"fullName":"resolveCodexExecutablePath 开发覆盖只接受存在的绝对路径","status":"passed","title":"开发覆盖只接受存在的绝对路径","duration":5.384600000000091,"failureMessages":[],"meta":{}},{"ancestorTitles":["resolveCodexExecutablePath"],"fullName":"resolveCodexExecutablePath 按官方 package 布局解析 bundled codex.exe","status":"passed","title":"按官方 package 布局解析 bundled codex.exe","duration":341.12969999999996,"failureMessages":[],"meta":{}}],"startTime":1785856027487,"endTime":1785856027833.1296,"status":"passed","message":"","name":"W:/DESKbook/我的项目/BlackRain/apps/desktop/electron/main/app-server/codex-executable.test.ts"},{"assertionResults":[{"ancestorTitles":["applyCodexHomeSelection"],"fullName":"applyCodexHomeSelection 默认保留父进程环境并沿用 Codex CLI 标准 Home 解析","status":"passed","title":"默认保留父进程环境并沿用 Codex CLI 标准 Home 解析","duration":4.024200000000064,"failureMessages":[],"meta":{}},{"ancestorTitles":["applyCodexHomeSelection"],"fullName":"applyCodexHomeSelection custom 模式只接受用户显式选择的绝对路径","status":"passed","title":"custom 模式只接受用户显式选择的绝对路径","duration":3.4483999999999924,"failureMessages":[],"meta":{}},{"ancestorTitles":["applyCodexHomeSelection"],"fullName":"applyCodexHomeSelection 标准 Home 沿用 CODEX_HOME，否则使用用户目录下的 .codex","status":"passed","title":"标准 Home 沿用 CODEX_HOME，否则使用用户目录下的 .codex","duration":0.9947000000000799,"failureMessages":[],"meta":{}},{"ancestorTitles":["applyCodexHomeSelection"],"fullName":"applyCodexHomeSelection 为同一个 Home 生成稳定且不暴露路径的标识","status":"passed","title":"为同一个 Home 生成稳定且不暴露路径的标识","duration":3.080000000000041,"failureMessages":[],"meta":{}}],"startTime":1785856031592,"endTime":1785856031603.08,"status":"passed","message":"","name":"W:/DESKbook/我的项目/BlackRain/apps/desktop/electron/main/app-server/codex-home.test.ts"},{"assertionResults":[{"ancestorTitles":["真实 codex app-server 协议探针"],"fullName":"真实 codex app-server 协议探针 initialize 后用 dynamicTools 启动真实 thread","status":"skipped","title":"initialize 后用 dynamicTools 启动真实 thread","failureMessages":[],"meta":{}}],"startTime":1785855971266,"endTime":1785855971266,"status":"passed","message":"","name":"W:/DESKbook/我的项目/BlackRain/apps/desktop/electron/main/app-server/real-app-server-probe.test.ts"},{"assertionResults":[{"ancestorTitles":["AppServerStdioRpcConnection"],"fullName":"AppServerStdioRpcConnection 按 JSONL 分派 client request、response 和 notification","status":"passed","title":"按 JSONL 分派 client request、response 和 notification","duration":9.573200000000043,"failureMessages":[],"meta":{}},{"ancestorTitles":["AppServerStdioRpcConnection"],"fullName":"AppServerStdioRpcConnection 处理 app-server 发起的 request 并返回 response","status":"passed","title":"处理 app-server 发起的 request 并返回 response","duration":4.209800000000087,"failureMessages":[],"meta":{}},{"ancestorTitles":["AppServerStdioRpcConnection"],"fullName":"AppServerStdioRpcConnection 取消超时的 server request 并只返回一次错误","status":"passed","title":"取消超时的 server request 并只返回一次错误","duration":36.86889999999994,"failureMessages":[],"meta":{}},{"ancestorTitles":["AppServerStdioRpcConnection"],"fullName":"AppServerStdioRpcConnection 在 request 超时后拒绝 pending 并发送取消通知","status":"passed","title":"在 request 超时后拒绝 pending 并发送取消通知","duration":43.22350000000006,"failureMessages":[],"meta":{}},{"ancestorTitles":["AppServerStdioRpcConnection"],"fullName":"AppServerStdioRpcConnection 将 stderr 作为独立诊断流而不是协议消息","status":"passed","title":"将 stderr 作为独立诊断流而不是协议消息","duration":3.7720999999999094,"failureMessages":[],"meta":{}},{"ancestorTitles":["AppServerStdioRpcConnection"],"fullName":"AppServerStdioRpcConnection 畸形 JSON 会 fail closed 并拒绝全部 pending request","status":"passed","title":"畸形 JSON 会 fail closed 并拒绝全部 pending request","duration":2.641599999999926,"failureMessages":[],"meta":{}},{"ancestorTitles":["AppServerStdioRpcConnection"],"fullName":"AppServerStdioRpcConnection stdout EOF 会确定性拒绝 pending request","status":"passed","title":"stdout EOF 会确定性拒绝 pending request","duration":1.2929000000001452,"failureMessages":[],"meta":{}},{"ancestorTitles":["AppServerStdioRpcConnection"],"fullName":"AppServerStdioRpcConnection 拒绝同时携带 result 和 error 的非法 response envelope","status":"passed","title":"拒绝同时携带 result 和 error 的非法 response envelope","duration":0.955199999999877,"failureMessages":[],"meta":{}},{"ancestorTitles":["AppServerClient"],"fullName":"AppServerClient 完成 initialize/initialized 后才进入 ready","status":"passed","title":"完成 initialize/initialized 后才进入 ready","duration":3.2849999999998545,"failureMessages":[],"meta":{}}],"startTime":1785856028188,"endTime":1785856028295.285,"status":"passed","message":"","name":"W:/DESKbook/我的项目/BlackRain/apps/desktop/electron/main/app-server/stdio-rpc-connection.test.ts"},{"assertionResults":[{"ancestorTitles":["BrowserCdpController"],"fullName":"BrowserCdpController 通过 CDP 切换页面 active/frozen 生命周期","status":"passed","title":"通过 CDP 切换页面 active/frozen 生命周期","duration":3.83400000000006,"failureMessages":[],"meta":{}},{"ancestorTitles":["BrowserCdpController"],"fullName":"BrowserCdpController 标准化 dialog 事件、响应命令并在意外 detach 后恢复 debugger","status":"passed","title":"标准化 dialog 事件、响应命令并在意外 detach 后恢复 debugger","duration":62.51969999999983,"failureMessages":[],"meta":{}},{"ancestorTitles":["BrowserCdpController"],"fullName":"BrowserCdpController 生成有界 accessibility 文本和短期可操作 ref","status":"passed","title":"生成有界 accessibility 文本和短期可操作 ref","duration":26.042200000000093,"failureMessages":[],"meta":{}},{"ancestorTitles":["BrowserCdpController"],"fullName":"BrowserCdpController 导航或 TTL 到期后拒绝旧 snapshot/ref","status":"passed","title":"导航或 TTL 到期后拒绝旧 snapshot/ref","duration":4.979600000000119,"failureMessages":[],"meta":{}},{"ancestorTitles":["BrowserCdpController"],"fullName":"BrowserCdpController 只通过 box model 中心发送受限点击事件","status":"passed","title":"只通过 box model 中心发送受限点击事件","duration":6.105600000000095,"failureMessages":[],"meta":{}},{"ancestorTitles":["BrowserCdpController"],"fullName":"BrowserCdpController 允许最后一次点击事件自身触发页面导航","status":"passed","title":"允许最后一次点击事件自身触发页面导航","duration":2.8388000000002194,"failureMessages":[],"meta":{}},{"ancestorTitles":["BrowserCdpController"],"fullName":"BrowserCdpController 聚焦可编辑 ref、选择现有内容并插入文本","status":"passed","title":"聚焦可编辑 ref、选择现有内容并插入文本","duration":1.712400000000116,"failureMessages":[],"meta":{}},{"ancestorTitles":["BrowserCdpController"],"fullName":"BrowserCdpController 输入前使用同一远端 object token 重新确认焦点与目标","status":"passed","title":"输入前使用同一远端 object token 重新确认焦点与目标","duration":2.3658000000000357,"failureMessages":[],"meta":{}},{"ancestorTitles":["BrowserCdpController"],"fullName":"BrowserCdpController 为 Enter 键发送可激活页面控件的完整 CDP 键盘事件","status":"passed","title":"为 Enter 键发送可激活页面控件的完整 CDP 键盘事件","duration":1.1105000000000018,"failureMessages":[],"meta":{}},{"ancestorTitles":["BrowserCdpController"],"fullName":"BrowserCdpController 等待唯一 locator 出现并通过两帧 actionability 稳定检查","status":"passed","title":"等待唯一 locator 出现并通过两帧 actionability 稳定检查","duration":112.77750000000015,"failureMessages":[],"meta":{}},{"ancestorTitles":["BrowserCdpController"],"fullName":"BrowserCdpController 合并增量 ARIA 更新，locator 轮询不重复读取完整 AX tree","status":"passed","title":"合并增量 ARIA 更新，locator 轮询不重复读取完整 AX tree","duration":4.688200000000052,"failureMessages":[],"meta":{}},{"ancestorTitles":["BrowserCdpController"],"fullName":"BrowserCdpController isolated selector runtime 发现语义 DOM 变化后刷新 AX tree","status":"passed","title":"isolated selector runtime 发现语义 DOM 变化后刷新 AX tree","duration":3.1403000000000247,"failureMessages":[],"meta":{}},{"ancestorTitles":["BrowserCdpController"],"fullName":"BrowserCdpController 区分 attached 与 actionable，并为不可操作元素返回有界超时","status":"passed","title":"区分 attached 与 actionable，并为不可操作元素返回有界超时","duration":2.3705999999999676,"failureMessages":[],"meta":{}},{"ancestorTitles":["BrowserCdpController"],"fullName":"BrowserCdpController locator 匹配不唯一时立即返回明确失败","status":"passed","title":"locator 匹配不唯一时立即返回明确失败","duration":1.0251000000000658,"failureMessages":[],"meta":{}},{"ancestorTitles":["BrowserCdpController"],"fullName":"BrowserCdpController OOPIF locator 轮询复用同一 child session","status":"passed","title":"OOPIF locator 轮询复用同一 child session","duration":120.07289999999989,"failureMessages":[],"meta":{}},{"ancestorTitles":["BrowserCdpController"],"fullName":"BrowserCdpController 只附着当前 page 派生的 OOPIF，并用对应 session 执行 ref","status":"passed","title":"只附着当前 page 派生的 OOPIF，并用对应 session 执行 ref","duration":1.963799999999992,"failureMessages":[],"meta":{}},{"ancestorTitles":["BrowserCdpController"],"fullName":"BrowserCdpController OOPIF attach 后读取 AX 失败也会释放 child session","status":"passed","title":"OOPIF attach 后读取 AX 失败也会释放 child session","duration":2.0634999999999764,"failureMessages":[],"meta":{}},{"ancestorTitles":["BrowserCdpController"],"fullName":"BrowserCdpController 失效 snapshot 不主动 detach child session，后续 snapshot 仍可读取 OOPIF","status":"passed","title":"失效 snapshot 不主动 detach child session，后续 snapshot 仍可读取 OOPIF","duration":2.162699999999859,"failureMessages":[],"meta":{}},{"ancestorTitles":["BrowserCdpController"],"fullName":"BrowserCdpController 只返回当前 viewport 的有界 PNG data URL","status":"passed","title":"只返回当前 viewport 的有界 PNG data URL","duration":9.390499999999975,"failureMessages":[],"meta":{}},{"ancestorTitles":["BrowserCdpController"],"fullName":"BrowserCdpController 等待稳定 layout metrics 后截取有界 full-page PNG","status":"passed","title":"等待稳定 layout metrics 后截取有界 full-page PNG","duration":3.445199999999886,"failureMessages":[],"meta":{}},{"ancestorTitles":["BrowserCdpController"],"fullName":"BrowserCdpController 拒绝不稳定或超过预算的 full-page layout","status":"passed","title":"拒绝不稳定或超过预算的 full-page layout","duration":1.3299999999999272,"failureMessages":[],"meta":{}},{"ancestorTitles":["BrowserCdpController"],"fullName":"BrowserCdpController 销毁 target 时清理 snapshot 并断开 debugger","status":"passed","title":"销毁 target 时清理 snapshot 并断开 debugger","duration":2.1392000000000735,"failureMessages":[],"meta":{}}],"startTime":1785856027320,"endTime":1785856027703.1392,"status":"passed","message":"","name":"W:/DESKbook/我的项目/BlackRain/apps/desktop/electron/main/browser/browser-cdp-controller.test.ts"},{"assertionResults":[{"ancestorTitles":["BrowserClientRuntime"],"fullName":"BrowserClientRuntime 实际加载打包 client，并按 thread/turn/generation 调用 framed transport","status":"passed","title":"实际加载打包 client，并按 thread/turn/generation 调用 framed transport","duration":55.73689999999988,"failureMessages":[],"meta":{}}],"startTime":1785856029257,"endTime":1785856029312.7368,"status":"passed","message":"","name":"W:/DESKbook/我的项目/BlackRain/apps/desktop/electron/main/browser/browser-client-runtime.test.ts"},{"assertionResults":[{"ancestorTitles":["BrowserClientTransportServer"],"fullName":"BrowserClientTransportServer 通过随机 endpoint、capability 和 session generation 握手后调用同一 backend","status":"passed","title":"通过随机 endpoint、capability 和 session generation 握手后调用同一 backend","duration":36.43619999999987,"failureMessages":[],"meta":{}},{"ancestorTitles":["BrowserClientTransportServer"],"fullName":"BrowserClientTransportServer 拒绝缺失或错误 capability、build、session 或 generation","status":"passed","title":"拒绝缺失或错误 capability、build、session 或 generation","duration":34.50469999999996,"failureMessages":[],"meta":{}},{"ancestorTitles":["BrowserClientTransportServer"],"fullName":"BrowserClientTransportServer 服务重启后拒绝旧 token 和旧 backend generation","status":"passed","title":"服务重启后拒绝旧 token 和旧 backend generation","duration":15.786100000000033,"failureMessages":[],"meta":{}},{"ancestorTitles":["BrowserClientTransportServer"],"fullName":"BrowserClientTransportServer 对旧 turn fail closed，并在完成 turn 后撤销 Agent 控制","status":"passed","title":"对旧 turn fail closed，并在完成 turn 后撤销 Agent 控制","duration":7.768199999999979,"failureMessages":[],"meta":{}},{"ancestorTitles":["BrowserClientTransportServer"],"fullName":"BrowserClientTransportServer 支持拆分 frame，并拒绝超过 8 MiB 的 frame","status":"passed","title":"支持拆分 frame，并拒绝超过 8 MiB 的 frame","duration":6.154700000000048,"failureMessages":[],"meta":{}},{"ancestorTitles":["BrowserClientTransportServer"],"fullName":"BrowserClientTransportServer socket 断连会取消当前 pending Browser 操作","status":"passed","title":"socket 断连会取消当前 pending Browser 操作","duration":129.51780000000008,"failureMessages":[],"meta":{}},{"ancestorTitles":["BrowserClientTransportServer"],"fullName":"BrowserClientTransportServer 超过 transport deadline 会中止 Browser 操作并返回有界错误","status":"passed","title":"超过 transport deadline 会中止 Browser 操作并返回有界错误","duration":42.755300000000034,"failureMessages":[],"meta":{}},{"ancestorTitles":["BrowserClientTransportServer"],"fullName":"BrowserClientTransportServer stop 会释放活跃 Browser Agent turn","status":"passed","title":"stop 会释放活跃 Browser Agent turn","duration":3.788099999999986,"failureMessages":[],"meta":{}},{"ancestorTitles":["BrowserClientTransportServer"],"fullName":"BrowserClientTransportServer 新 turn 会取消旧 turn 的 pending 操作并释放旧控制权","status":"passed","title":"新 turn 会取消旧 turn 的 pending 操作并释放旧控制权","duration":66.93419999999992,"failureMessages":[],"meta":{}},{"ancestorTitles":["BrowserClientTransportServer"],"fullName":"BrowserClientTransportServer 由独立 Browser client 子进程完成握手并调用 backend","status":"passed","title":"由独立 Browser client 子进程完成握手并调用 backend","duration":550.9793,"failureMessages":[],"meta":{}}],"startTime":1785856026145,"endTime":1785856027041.9792,"status":"passed","message":"","name":"W:/DESKbook/我的项目/BlackRain/apps/desktop/electron/main/browser/browser-client-transport.test.ts"},{"assertionResults":[{"ancestorTitles":["BrowserDynamicToolAdapter"],"fullName":"BrowserDynamicToolAdapter 只为已注册的 active thread/turn 路由到同一 Browser backend","status":"passed","title":"只为已注册的 active thread/turn 路由到同一 Browser backend","duration":32.825199999999995,"failureMessages":[],"meta":{}},{"ancestorTitles":["BrowserDynamicToolAdapter"],"fullName":"BrowserDynamicToolAdapter 拒绝旧 turn、未知工具和已取消请求","status":"passed","title":"拒绝旧 turn、未知工具和已取消请求","duration":4.986899999999878,"failureMessages":[],"meta":{}},{"ancestorTitles":["BrowserDynamicToolAdapter"],"fullName":"BrowserDynamicToolAdapter 将 snapshot/ref/input/screenshot 路由到同一受限 backend","status":"passed","title":"将 snapshot/ref/input/screenshot 路由到同一受限 backend","duration":13.151000000000067,"failureMessages":[],"meta":{}}],"startTime":1785856029282,"endTime":1785856029333.151,"status":"passed","message":"","name":"W:/DESKbook/我的项目/BlackRain/apps/desktop/electron/main/browser/browser-dynamic-tool-adapter.test.ts"},{"assertionResults":[{"ancestorTitles":["BrowserMcpRuntime"],"fullName":"BrowserMcpRuntime 通过 stdio MCP、可信 _meta 和自有 transport 调用唯一 backend","status":"passed","title":"通过 stdio MCP、可信 _meta 和自有 transport 调用唯一 backend","duration":490.9856,"failureMessages":[],"meta":{}},{"ancestorTitles":["BrowserMcpRuntime"],"fullName":"BrowserMcpRuntime 拒绝缺失可信 metadata、跨 thread 和旧 turn","status":"passed","title":"拒绝缺失可信 metadata、跨 thread 和旧 turn","duration":495.94029999999975,"failureMessages":[],"meta":{}},{"ancestorTitles":["BrowserMcpRuntime"],"fullName":"BrowserMcpRuntime MCP 取消会中止 backend 调用，并在下一次调用自动重连","status":"passed","title":"MCP 取消会中止 backend 调用，并在下一次调用自动重连","duration":449.5691999999999,"failureMessages":[],"meta":{}},{"ancestorTitles":["BrowserMcpRuntime"],"fullName":"BrowserMcpRuntime 生成进程级 MCP 配置并通过 env_vars 白名单转发 bootstrap","status":"passed","title":"生成进程级 MCP 配置并通过 env_vars 白名单转发 bootstrap","duration":0.935399999999845,"failureMessages":[],"meta":{}}],"startTime":1785856025975,"endTime":1785856027412.9353,"status":"passed","message":"","name":"W:/DESKbook/我的项目/BlackRain/apps/desktop/electron/main/browser/browser-mcp-runtime.test.ts"},{"assertionResults":[{"ancestorTitles":["Browser page policy"],"fullName":"Browser page policy 只接受无内嵌凭据的 http/https URL","status":"passed","title":"只接受无内嵌凭据的 http/https URL","duration":4.45169999999996,"failureMessages":[],"meta":{}},{"ancestorTitles":["Browser page policy"],"fullName":"Browser page policy 将 renderer bounds 约束在窗口 content area","status":"passed","title":"将 renderer bounds 约束在窗口 content area","duration":1.4542000000000144,"failureMessages":[],"meta":{}}],"startTime":1785856032370,"endTime":1785856032376.454,"status":"passed","message":"","name":"W:/DESKbook/我的项目/BlackRain/apps/desktop/electron/main/browser/browser-policy.test.ts"},{"assertionResults":[{"ancestorTitles":["BrowserRegistry"],"fullName":"BrowserRegistry 按 window/thread/route/view generation 校验 ownership","status":"passed","title":"按 window/thread/route/view generation 校验 ownership","duration":2.8366000000000895,"failureMessages":[],"meta":{}},{"ancestorTitles":["BrowserRegistry"],"fullName":"BrowserRegistry 拒绝重复 tab 并按 owner 清单和移除","status":"passed","title":"拒绝重复 tab 并按 owner 清单和移除","duration":1.153599999999983,"failureMessages":[],"meta":{}},{"ancestorTitles":["BrowserRegistry"],"fullName":"BrowserRegistry Agent 路径仍按 thread/route/view generation 使用同一 record","status":"passed","title":"Agent 路径仍按 thread/route/view generation 使用同一 record","duration":0.5003000000000384,"failureMessages":[],"meta":{}},{"ancestorTitles":["BrowserRegistry"],"fullName":"BrowserRegistry 按 owner 限制 tab 数量，不影响其他 owner","status":"passed","title":"按 owner 限制 tab 数量，不影响其他 owner","duration":1.7520000000000664,"failureMessages":[],"meta":{}}],"startTime":1785856030452,"endTime":1785856030458.752,"status":"passed","message":"","name":"W:/DESKbook/我的项目/BlackRain/apps/desktop/electron/main/browser/browser-registry.test.ts"},{"assertionResults":[{"ancestorTitles":["BrowserSensitiveActionPolicy"],"fullName":"BrowserSensitiveActionPolicy 将 login 动作分类为一次性确认","status":"passed","title":"将 login 动作分类为一次性确认","duration":4.764499999999998,"failureMessages":[],"meta":{}},{"ancestorTitles":["BrowserSensitiveActionPolicy"],"fullName":"BrowserSensitiveActionPolicy 将 authorize 动作分类为一次性确认","status":"passed","title":"将 authorize 动作分类为一次性确认","duration":1.8578999999999724,"failureMessages":[],"meta":{}},{"ancestorTitles":["BrowserSensitiveActionPolicy"],"fullName":"BrowserSensitiveActionPolicy 将 send 动作分类为一次性确认","status":"passed","title":"将 send 动作分类为一次性确认","duration":1.1143999999999323,"failureMessages":[],"meta":{}},{"ancestorTitles":["BrowserSensitiveActionPolicy"],"fullName":"BrowserSensitiveActionPolicy 将 publish 动作分类为一次性确认","status":"passed","title":"将 publish 动作分类为一次性确认","duration":0.4070999999999003,"failureMessages":[],"meta":{}},{"ancestorTitles":["BrowserSensitiveActionPolicy"],"fullName":"BrowserSensitiveActionPolicy 将 purchase 动作分类为一次性确认","status":"passed","title":"将 purchase 动作分类为一次性确认","duration":0.2199999999997999,"failureMessages":[],"meta":{}},{"ancestorTitles":["BrowserSensitiveActionPolicy"],"fullName":"BrowserSensitiveActionPolicy 将 delete 动作分类为一次性确认","status":"passed","title":"将 delete 动作分类为一次性确认","duration":0.23679999999990287,"failureMessages":[],"meta":{}},{"ancestorTitles":["BrowserSensitiveActionPolicy"],"fullName":"BrowserSensitiveActionPolicy 不根据普通页面文本或非交互节点授予或请求权限","status":"passed","title":"不根据普通页面文本或非交互节点授予或请求权限","duration":0.6567000000000007,"failureMessages":[],"meta":{}},{"ancestorTitles":["BrowserSensitiveActionPolicy"],"fullName":"BrowserSensitiveActionPolicy 企业策略可以直接禁止动作类别","status":"passed","title":"企业策略可以直接禁止动作类别","duration":0.2460000000000946,"failureMessages":[],"meta":{}},{"ancestorTitles":["BrowserSensitiveActionPolicy"],"fullName":"BrowserSensitiveActionPolicy 将可能激活按钮或提交表单的 Enter 按键分类为一次性确认","status":"passed","title":"将可能激活按钮或提交表单的 Enter 按键分类为一次性确认","duration":0.38599999999996726,"failureMessages":[],"meta":{}},{"ancestorTitles":["BrowserSensitiveActionPolicy"],"fullName":"BrowserSensitiveActionPolicy 将可能激活按钮或提交表单的 NumpadEnter 按键分类为一次性确认","status":"passed","title":"将可能激活按钮或提交表单的 NumpadEnter 按键分类为一次性确认","duration":0.49319999999988795,"failureMessages":[],"meta":{}},{"ancestorTitles":["BrowserSensitiveActionPolicy"],"fullName":"BrowserSensitiveActionPolicy 将可能激活按钮或提交表单的   按键分类为一次性确认","status":"passed","title":"将可能激活按钮或提交表单的   按键分类为一次性确认","duration":0.14560000000005857,"failureMessages":[],"meta":{}},{"ancestorTitles":["BrowserSensitiveActionPolicy"],"fullName":"BrowserSensitiveActionPolicy 将可能激活按钮或提交表单的 Space 按键分类为一次性确认","status":"passed","title":"将可能激活按钮或提交表单的 Space 按键分类为一次性确认","duration":0.11820000000011532,"failureMessages":[],"meta":{}},{"ancestorTitles":["BrowserSensitiveActionPolicy"],"fullName":"BrowserSensitiveActionPolicy 普通导航按键不触发敏感动作确认","status":"passed","title":"普通导航按键不触发敏感动作确认","duration":0.7623000000000957,"failureMessages":[],"meta":{}}],"startTime":1785856031052,"endTime":1785856031064.7622,"status":"passed","message":"","name":"W:/DESKbook/我的项目/BlackRain/apps/desktop/electron/main/browser/browser-sensitive-action-policy.test.ts"},{"assertionResults":[{"ancestorTitles":["BrowserSessionStore"],"fullName":"BrowserSessionStore 原子保存并按 thread/route 恢复 tab 元数据","status":"passed","title":"原子保存并按 thread/route 恢复 tab 元数据","duration":35.3753999999999,"failureMessages":[],"meta":{}},{"ancestorTitles":["BrowserSessionStore"],"fullName":"BrowserSessionStore 兼容读取 v1 状态并补齐最低 reload 恢复合同","status":"passed","title":"兼容读取 v1 状态并补齐最低 reload 恢复合同","duration":12.528900000000021,"failureMessages":[],"meta":{}},{"ancestorTitles":["BrowserSessionStore"],"fullName":"BrowserSessionStore 忽略损坏状态且不执行任意恢复","status":"passed","title":"忽略损坏状态且不执行任意恢复","duration":12.704400000000078,"failureMessages":[],"meta":{}}],"startTime":1785856028933,"endTime":1785856028993.7043,"status":"passed","message":"","name":"W:/DESKbook/我的项目/BlackRain/apps/desktop/electron/main/browser/browser-session-store.test.ts"},{"assertionResults":[{"ancestorTitles":["planBrowserWorkingSet"],"fullName":"planBrowserWorkingSet 保留 8 个最近活动页面并挂起其余页面","status":"passed","title":"保留 8 个最近活动页面并挂起其余页面","duration":5.967800000000011,"failureMessages":[],"meta":{}},{"ancestorTitles":["planBrowserWorkingSet"],"fullName":"planBrowserWorkingSet 优先保护可见或正在运行的页面并隔离 crashed 页面","status":"passed","title":"优先保护可见或正在运行的页面并隔离 crashed 页面","duration":1.156400000000076,"failureMessages":[],"meta":{}}],"startTime":1785856031699,"endTime":1785856031706.1565,"status":"passed","message":"","name":"W:/DESKbook/我的项目/BlackRain/apps/desktop/electron/main/browser/browser-working-set.test.ts"},{"assertionResults":[{"ancestorTitles":["BrowserLayoutStore"],"fullName":"BrowserLayoutStore 接受当前窗口 generation 的单调 revision","status":"passed","title":"接受当前窗口 generation 的单调 revision","duration":7.4710999999999785,"failureMessages":[],"meta":{}},{"ancestorTitles":["BrowserLayoutStore"],"fullName":"BrowserLayoutStore 拒绝旧 generation 和旧 revision","status":"passed","title":"拒绝旧 generation 和旧 revision","duration":2.280899999999974,"failureMessages":[],"meta":{}},{"ancestorTitles":["BrowserLayoutStore"],"fullName":"BrowserLayoutStore 拒绝重复 tab 和无效 active tab","status":"passed","title":"拒绝重复 tab 和无效 active tab","duration":1.4584999999999582,"failureMessages":[],"meta":{}}],"startTime":1785856030712,"endTime":1785856030723.4585,"status":"passed","message":"","name":"W:/DESKbook/我的项目/BlackRain/apps/desktop/electron/main/browser/layout-store.test.ts"},{"assertionResults":[{"ancestorTitles":["FileService"],"fullName":"FileService 列出并读取归属工作区内的普通文件","status":"passed","title":"列出并读取归属工作区内的普通文件","duration":75.50779999999986,"failureMessages":[],"meta":{}},{"ancestorTitles":["FileService"],"fullName":"FileService 拒绝目录穿越和不支持的图片扩展","status":"passed","title":"拒绝目录穿越和不支持的图片扩展","duration":40.33739999999989,"failureMessages":[],"meta":{}},{"ancestorTitles":["FileService"],"fullName":"FileService 最多读取 2 MiB 文本并标记截断","status":"passed","title":"最多读取 2 MiB 文本并标记截断","duration":52.228399999999965,"failureMessages":[],"meta":{}},{"ancestorTitles":["FileService"],"fullName":"FileService 不列出也不读取工作区内的符号链接","status":"passed","title":"不列出也不读取工作区内的符号链接","duration":50.252100000000155,"failureMessages":[],"meta":{}},{"ancestorTitles":["FileService"],"fullName":"FileService 只写入归属工作区内的普通文件","status":"passed","title":"只写入归属工作区内的普通文件","duration":34.04919999999993,"failureMessages":[],"meta":{}},{"ancestorTitles":["FileService"],"fullName":"FileService 拒绝通过符号链接写入工作区外部","status":"passed","title":"拒绝通过符号链接写入工作区外部","duration":43.23900000000003,"failureMessages":[],"meta":{}},{"ancestorTitles":["FileService"],"fullName":"FileService 按 UTF-8 字节数拒绝超过 8 MiB 的写入","status":"passed","title":"按 UTF-8 字节数拒绝超过 8 MiB 的写入","duration":64.34840000000008,"failureMessages":[],"meta":{}}],"startTime":1785856027502,"endTime":1785856027862.3484,"status":"passed","message":"","name":"W:/DESKbook/我的项目/BlackRain/apps/desktop/electron/main/files/file-service.test.ts"},{"assertionResults":[{"ancestorTitles":["DesktopDialogService"],"fullName":"DesktopDialogService 按按钮索引返回确认结果并保留危险操作标签","status":"passed","title":"按按钮索引返回确认结果并保留危险操作标签","duration":11.438300000000027,"failureMessages":[],"meta":{}},{"ancestorTitles":["DesktopDialogService"],"fullName":"DesktopDialogService 取消返回 false，消息框只有安全的确认按钮","status":"passed","title":"取消返回 false，消息框只有安全的确认按钮","duration":2.8373999999998887,"failureMessages":[],"meta":{}},{"ancestorTitles":["DesktopDialogService"],"fullName":"DesktopDialogService 拒绝空消息和越界枚举","status":"passed","title":"拒绝空消息和越界枚举","duration":4.36239999999998,"failureMessages":[],"meta":{}}],"startTime":1785856030362,"endTime":1785856030380.3623,"status":"passed","message":"","name":"W:/DESKbook/我的项目/BlackRain/apps/desktop/electron/main/dialog/desktop-dialog-service.test.ts"},{"assertionResults":[{"ancestorTitles":["AppWindowRegistry"],"fullName":"AppWindowRegistry 只接受已注册且角色匹配的 sender","status":"passed","title":"只接受已注册且角色匹配的 sender","duration":3.945799999999963,"failureMessages":[],"meta":{}},{"ancestorTitles":["AppWindowRegistry"],"fullName":"AppWindowRegistry 拒绝重复注册并支持注销","status":"passed","title":"拒绝重复注册并支持注销","duration":0.74249999999995,"failureMessages":[],"meta":{}}],"startTime":1785856032923,"endTime":1785856032927.7424,"status":"passed","message":"","name":"W:/DESKbook/我的项目/BlackRain/apps/desktop/electron/main/security/window-registry.test.ts"},{"assertionResults":[{"ancestorTitles":["SettingsStore"],"fullName":"SettingsStore 原子持久化并重新读取设置","status":"passed","title":"原子持久化并重新读取设置","duration":13.871000000000095,"failureMessages":[],"meta":{}},{"ancestorTitles":["SettingsStore"],"fullName":"SettingsStore 拒绝非对象和过大的设置","status":"passed","title":"拒绝非对象和过大的设置","duration":13.840099999999893,"failureMessages":[],"meta":{}}],"startTime":1785856029378,"endTime":1785856029405.84,"status":"passed","message":"","name":"W:/DESKbook/我的项目/BlackRain/apps/desktop/electron/main/settings/settings-store.test.ts"},{"assertionResults":[{"ancestorTitles":["DesktopShellService"],"fullName":"DesktopShellService 只允许受支持的外部协议","status":"passed","title":"只允许受支持的外部协议","duration":11.604700000000093,"failureMessages":[],"meta":{}},{"ancestorTitles":["DesktopShellService"],"fullName":"DesktopShellService 只向文件管理器传递规范化的绝对路径","status":"passed","title":"只向文件管理器传递规范化的绝对路径","duration":5.7012999999999465,"failureMessages":[],"meta":{}}],"startTime":1785856030461,"endTime":1785856030478.7014,"status":"passed","message":"","name":"W:/DESKbook/我的项目/BlackRain/apps/desktop/electron/main/shell/desktop-shell-service.test.ts"},{"assertionResults":[{"ancestorTitles":["GitService"],"fullName":"GitService 在已登记 workspace 内完成 status/diff/log/branch 工作流","status":"failed","title":"在已登记 workspace 内完成 status/diff/log/branch 工作流","duration":5104.9033,"failureMessages":["Error: STACK_TRACE_ERROR\n    at task (file:///W:/DESKbook/%E6%88%91%E7%9A%84%E9%A1%B9%E7%9B%AE/BlackRain/apps/desktop/node_modules/@vitest/runner/dist/chunk-hooks.js:638:27)\n    at Object.<anonymous> (file:///W:/DESKbook/%E6%88%91%E7%9A%84%E9%A1%B9%E7%9B%AE/BlackRain/apps/desktop/node_modules/@vitest/runner/dist/chunk-hooks.js:662:16)\n    at Object.<anonymous> (file:///W:/DESKbook/%E6%88%91%E7%9A%84%E9%A1%B9%E7%9B%AE/BlackRain/apps/desktop/node_modules/@vitest/runner/dist/chunk-hooks.js:458:28)\n    at chain (file:///W:/DESKbook/%E6%88%91%E7%9A%84%E9%A1%B9%E7%9B%AE/BlackRain/apps/desktop/node_modules/@vitest/runner/dist/chunk-hooks.js:369:14)\n    at W:\\DESKbook\\我的项目\\BlackRain\\apps\\desktop\\electron\\main\\git\\git-service.test.ts:18:3\n    at file:///W:/DESKbook/%E6%88%91%E7%9A%84%E9%A1%B9%E7%9B%AE/BlackRain/apps/desktop/node_modules/@vitest/runner/dist/chunk-hooks.js:734:40\n    at runWithSuite (file:///W:/DESKbook/%E6%88%91%E7%9A%84%E9%A1%B9%E7%9B%AE/BlackRain/apps/desktop/node_modules/@vitest/runner/dist/chunk-hooks.js:1849:8)\n    at Object.collect (file:///W:/DESKbook/%E6%88%91%E7%9A%84%E9%A1%B9%E7%9B%AE/BlackRain/apps/desktop/node_modules/@vitest/runner/dist/chunk-hooks.js:734:10)\n    at Object.collect (file:///W:/DESKbook/%E6%88%91%E7%9A%84%E9%A1%B9%E7%9B%AE/BlackRain/apps/desktop/node_modules/@vitest/runner/dist/chunk-hooks.js:738:54)\n    at processTicksAndRejections (node:internal/process/task_queues:104:5)\n    at collectTests (file:///W:/DESKbook/%E6%88%91%E7%9A%84%E9%A1%B9%E7%9B%AE/BlackRain/apps/desktop/node_modules/@vitest/runner/dist/chunk-hooks.js:1179:25)\n    at startTests (file:///W:/DESKbook/%E6%88%91%E7%9A%84%E9%A1%B9%E7%9B%AE/BlackRain/apps/desktop/node_modules/@vitest/runner/dist/chunk-hooks.js:1817:17)\n    at file:///W:/DESKbook/%E6%88%91%E7%9A%84%E9%A1%B9%E7%9B%AE/BlackRain/apps/desktop/node_modules/vitest/dist/chunks/runBaseTests.9Ij9_de-.js:117:26\n    at withEnv (file:///W:/DESKbook/%E6%88%91%E7%9A%84%E9%A1%B9%E7%9B%AE/BlackRain/apps/desktop/node_modules/vitest/dist/chunks/runBaseTests.9Ij9_de-.js:84:3)\n    at run (file:///W:/DESKbook/%E6%88%91%E7%9A%84%E9%A1%B9%E7%9B%AE/BlackRain/apps/desktop/node_modules/vitest/dist/chunks/runBaseTests.9Ij9_de-.js:109:2)","Error: EPERM, Permission denied: \\\\?\\W:\\CodexTemp\\process-temp\\blackrain-electron-git-Xmfhfi '\\\\?\\W:\\CodexTemp\\process-temp\\blackrain-electron-git-Xmfhfi'\n    at rmSync (node:fs:1222:18)\n    at W:\\DESKbook\\我的项目\\BlackRain\\apps\\desktop\\electron\\main\\git\\git-service.test.ts:13:5\n    at file:///W:/DESKbook/%E6%88%91%E7%9A%84%E9%A1%B9%E7%9B%AE/BlackRain/apps/desktop/node_modules/@vitest/runner/dist/chunk-hooks.js:155:11\n    at file:///W:/DESKbook/%E6%88%91%E7%9A%84%E9%A1%B9%E7%9B%AE/BlackRain/apps/desktop/node_modules/@vitest/runner/dist/chunk-hooks.js:1897:20\n    at new Promise (<anonymous>)\n    at runWithTimeout (file:///W:/DESKbook/%E6%88%91%E7%9A%84%E9%A1%B9%E7%9B%AE/BlackRain/apps/desktop/node_modules/@vitest/runner/dist/chunk-hooks.js:1863:10)\n    at runHook (file:///W:/DESKbook/%E6%88%91%E7%9A%84%E9%A1%B9%E7%9B%AE/BlackRain/apps/desktop/node_modules/@vitest/runner/dist/chunk-hooks.js:1436:51)\n    at callSuiteHook (file:///W:/DESKbook/%E6%88%91%E7%9A%84%E9%A1%B9%E7%9B%AE/BlackRain/apps/desktop/node_modules/@vitest/runner/dist/chunk-hooks.js:1442:25)\n    at callSuiteHook (file:///W:/DESKbook/%E6%88%91%E7%9A%84%E9%A1%B9%E7%9B%AE/BlackRain/apps/desktop/node_modules/@vitest/runner/dist/chunk-hooks.js:1449:27)\n    at runTest (file:///W:/DESKbook/%E6%88%91%E7%9A%84%E9%A1%B9%E7%9B%AE/BlackRain/apps/desktop/node_modules/@vitest/runner/dist/chunk-hooks.js:1597:11)"],"meta":{}},{"ancestorTitles":["GitService"],"fullName":"GitService 拒绝绝对路径和越出 workspace 的 Git 文件操作","status":"passed","title":"拒绝绝对路径和越出 workspace 的 Git 文件操作","duration":27.14390000000003,"failureMessages":[],"meta":{}}],"startTime":1785856025995,"endTime":1785856031127.1438,"status":"failed","message":"","name":"W:/DESKbook/我的项目/BlackRain/apps/desktop/electron/main/git/git-service.test.ts"},{"assertionResults":[{"ancestorTitles":["TerminalService"],"fullName":"TerminalService 绑定 workspace ownership 并转发 ConPTY data/exit","status":"passed","title":"绑定 workspace ownership 并转发 ConPTY data/exit","duration":13.798000000000002,"failureMessages":[],"meta":{}},{"ancestorTitles":["TerminalService"],"fullName":"TerminalService 拒绝跨 workspace 访问 terminal","status":"passed","title":"拒绝跨 workspace 访问 terminal","duration":6.492300000000114,"failureMessages":[],"meta":{}}],"startTime":1785856030391,"endTime":1785856030411.4922,"status":"passed","message":"","name":"W:/DESKbook/我的项目/BlackRain/apps/desktop/electron/main/terminal/terminal-service.test.ts"},{"assertionResults":[{"ancestorTitles":["UpdateService"],"fullName":"UpdateService 验证签名 manifest 后下载、校验 hash 并交给系统安装器","status":"passed","title":"验证签名 manifest 后下载、校验 hash 并交给系统安装器","duration":141.6934000000001,"failureMessages":[],"meta":{}},{"ancestorTitles":["UpdateService"],"fullName":"UpdateService 拒绝未通过 main manifest 批准的下载参数","status":"passed","title":"拒绝未通过 main manifest 批准的下载参数","duration":100.58739999999989,"failureMessages":[],"meta":{}},{"ancestorTitles":["UpdateService"],"fullName":"UpdateService 拒绝签名被篡改的 manifest","status":"passed","title":"拒绝签名被篡改的 manifest","duration":38.54230000000007,"failureMessages":[],"meta":{}},{"ancestorTitles":["UpdateService"],"fullName":"UpdateService 拒绝 staging 外部路径和非 MSIX 文件","status":"passed","title":"拒绝 staging 外部路径和非 MSIX 文件","duration":69.2195999999999,"failureMessages":[],"meta":{}}],"startTime":1785856028249,"endTime":1785856028602.2195,"status":"passed","message":"","name":"W:/DESKbook/我的项目/BlackRain/apps/desktop/electron/main/updates/update-service.test.ts"},{"assertionResults":[{"ancestorTitles":["WorkspaceStore"],"fullName":"WorkspaceStore 持久化、去重、更新并删除经过校验的目录","status":"passed","title":"持久化、去重、更新并删除经过校验的目录","duration":52.544299999999794,"failureMessages":[],"meta":{}},{"ancestorTitles":["WorkspaceStore"],"fullName":"WorkspaceStore 拒绝相对路径和普通文件","status":"passed","title":"拒绝相对路径和普通文件","duration":6.807699999999841,"failureMessages":[],"meta":{}}],"startTime":1785856029104,"endTime":1785856029163.8076,"status":"passed","message":"","name":"W:/DESKbook/我的项目/BlackRain/apps/desktop/electron/main/workspaces/workspace-store.test.ts"},{"assertionResults":[{"ancestorTitles":["Electron E2E main harness"],"fullName":"Electron E2E main harness 未显式启用或 packaged 时不安装","status":"passed","title":"未显式启用或 packaged 时不安装","duration":4.264499999999998,"failureMessages":[],"meta":{}},{"ancestorTitles":["Electron E2E main harness"],"fullName":"Electron E2E main harness 只在开发 E2E 中路由合成的 dynamic tool request","status":"passed","title":"只在开发 E2E 中路由合成的 dynamic tool request","duration":17.047300000000178,"failureMessages":[],"meta":{}}],"startTime":1785856030215,"endTime":1785856030236.0474,"status":"passed","message":"","name":"W:/DESKbook/我的项目/BlackRain/apps/desktop/electron/main/testing/electron-e2e-harness.test.ts"},{"assertionResults":[{"ancestorTitles":["AccountAuthCard"],"fullName":"AccountAuthCard 默认登录模式，可切到注册","status":"passed","title":"默认登录模式，可切到注册","duration":464.03369999999995,"failureMessages":[],"meta":{}},{"ancestorTitles":["AccountAuthCard"],"fullName":"AccountAuthCard 邮箱非法时不调用 onSignIn","status":"passed","title":"邮箱非法时不调用 onSignIn","duration":128.20709999999963,"failureMessages":[],"meta":{}},{"ancestorTitles":["AccountAuthCard"],"fullName":"AccountAuthCard 合法输入时调用 onSignIn","status":"passed","title":"合法输入时调用 onSignIn","duration":112.53049999999985,"failureMessages":[],"meta":{}},{"ancestorTitles":["AccountAuthCard"],"fullName":"AccountAuthCard 后端未配置时禁用提交并提示","status":"passed","title":"后端未配置时禁用提交并提示","duration":82.13950000000023,"failureMessages":[],"meta":{}},{"ancestorTitles":["AccountAuthCard"],"fullName":"AccountAuthCard 密码显隐切换","status":"passed","title":"密码显隐切换","duration":124.32560000000012,"failureMessages":[],"meta":{}},{"ancestorTitles":["AccountAuthCard"],"fullName":"AccountAuthCard 注册：两次密码不一致时不调用 onSignUp","status":"passed","title":"注册：两次密码不一致时不调用 onSignUp","duration":178.86119999999937,"failureMessages":[],"meta":{}},{"ancestorTitles":["AccountAuthCard"],"fullName":"AccountAuthCard 注册：两次密码一致时调用 onSignUp","status":"passed","title":"注册：两次密码一致时调用 onSignUp","duration":130.90740000000005,"failureMessages":[],"meta":{}},{"ancestorTitles":["AccountAuthCard"],"fullName":"AccountAuthCard 登录模式不显示确认密码字段","status":"passed","title":"登录模式不显示确认密码字段","duration":11.622099999999591,"failureMessages":[],"meta":{}},{"ancestorTitles":["AccountAuthCard"],"fullName":"AccountAuthCard 注册成功后进入验证码步骤（传了 onVerifyOtp）","status":"passed","title":"注册成功后进入验证码步骤（传了 onVerifyOtp）","duration":195.9340000000002,"failureMessages":[],"meta":{}},{"ancestorTitles":["AccountAuthCard"],"fullName":"AccountAuthCard 验证码足 6 位时调用 onVerifyOtp","status":"passed","title":"验证码足 6 位时调用 onVerifyOtp","duration":191.72000000000025,"failureMessages":[],"meta":{}}],"startTime":1785855978476,"endTime":1785855980096.72,"status":"passed","message":"","name":"W:/DESKbook/我的项目/BlackRain/apps/desktop/src/features/accounts/components/AccountAuthCard.test.tsx"},{"assertionResults":[{"ancestorTitles":["AccountGate 登录门禁"],"fullName":"AccountGate 登录门禁 signed-out → 显示登录开屏，不渲染 App","status":"passed","title":"signed-out → 显示登录开屏，不渲染 App","duration":161.10639999999967,"failureMessages":[],"meta":{}},{"ancestorTitles":["AccountGate 登录门禁"],"fullName":"AccountGate 登录门禁 loading → 显示恢复会话占位，不渲染 App","status":"passed","title":"loading → 显示恢复会话占位，不渲染 App","duration":13.38380000000052,"failureMessages":[],"meta":{}},{"ancestorTitles":["AccountGate 登录门禁"],"fullName":"AccountGate 登录门禁 signed-in → 放进 App","status":"passed","title":"signed-in → 放进 App","duration":8.315599999999904,"failureMessages":[],"meta":{}},{"ancestorTitles":["AccountGate 登录门禁"],"fullName":"AccountGate 登录门禁 unconfigured（无后端）→ 放进 App（保本地可用）","status":"passed","title":"unconfigured（无后端）→ 放进 App（保本地可用）","duration":6.254099999999198,"failureMessages":[],"meta":{}}],"startTime":1785856001649,"endTime":1785856001838.2542,"status":"passed","message":"","name":"W:/DESKbook/我的项目/BlackRain/apps/desktop/src/features/accounts/components/AccountGate.test.tsx"},{"assertionResults":[{"ancestorTitles":["creditDisplay"],"fullName":"creditDisplay formatCredits 整数直显、千分位","status":"passed","title":"formatCredits 整数直显、千分位","duration":31.704299999999876,"failureMessages":[],"meta":{}},{"ancestorTitles":["creditDisplay"],"fullName":"creditDisplay formatCredits 小数保留 1 位","status":"passed","title":"formatCredits 小数保留 1 位","duration":0.40840000000002874,"failureMessages":[],"meta":{}},{"ancestorTitles":["creditDisplay"],"fullName":"creditDisplay formatCredits 负数（超卖）显式带号","status":"passed","title":"formatCredits 负数（超卖）显式带号","duration":0.30780000000004293,"failureMessages":[],"meta":{}},{"ancestorTitles":["creditDisplay"],"fullName":"creditDisplay formatCredits 非有限值回退占位","status":"passed","title":"formatCredits 非有限值回退占位","duration":0.2800999999999476,"failureMessages":[],"meta":{}},{"ancestorTitles":["creditDisplay"],"fullName":"creditDisplay planLabel 映射三档","status":"passed","title":"planLabel 映射三档","duration":0.40609999999992397,"failureMessages":[],"meta":{}},{"ancestorTitles":["creditDisplay"],"fullName":"creditDisplay isCreditsDepleted ≤0 为真","status":"passed","title":"isCreditsDepleted ≤0 为真","duration":0.3575999999998203,"failureMessages":[],"meta":{}}],"startTime":1785856029829,"endTime":1785856029862.406,"status":"passed","message":"","name":"W:/DESKbook/我的项目/BlackRain/apps/desktop/src/features/accounts/utils/creditDisplay.test.ts"},{"assertionResults":[{"ancestorTitles":["creditPricing"],"fullName":"creditPricing flash 0.5x / pro 1.5x，比值钉死 DeepSeek 真实价 3:1","status":"passed","title":"flash 0.5x / pro 1.5x，比值钉死 DeepSeek 真实价 3:1","duration":2.4361000000000104,"failureMessages":[],"meta":{}},{"ancestorTitles":["creditPricing"],"fullName":"creditPricing 未知模型回退 1x，不误加价","status":"passed","title":"未知模型回退 1x，不误加价","duration":0.4918999999999869,"failureMessages":[],"meta":{}},{"ancestorTitles":["creditPricing"],"fullName":"creditPricing hasKnownMultiplier 只对自有模型为真","status":"passed","title":"hasKnownMultiplier 只对自有模型为真","duration":0.290300000000002,"failureMessages":[],"meta":{}},{"ancestorTitles":["creditPricing"],"fullName":"creditPricing formatMultiplier 去除多余小数","status":"passed","title":"formatMultiplier 去除多余小数","duration":0.40850000000000364,"failureMessages":[],"meta":{}},{"ancestorTitles":["creditPricing"],"fullName":"creditPricing modelMultiplier 返回带标签","status":"passed","title":"modelMultiplier 返回带标签","duration":0.22669999999993706,"failureMessages":[],"meta":{}}],"startTime":1785856031355,"endTime":1785856031358.4084,"status":"passed","message":"","name":"W:/DESKbook/我的项目/BlackRain/apps/desktop/src/features/accounts/utils/creditPricing.test.ts"},{"assertionResults":[{"ancestorTitles":["ApprovalToasts"],"fullName":"ApprovalToasts renders live-region semantics and handles Enter on primary request","status":"passed","title":"renders live-region semantics and handles Enter on primary request","duration":607.2753000000002,"failureMessages":[],"meta":{}},{"ancestorTitles":["ApprovalToasts"],"fullName":"ApprovalToasts does not submit when an input is focused","status":"passed","title":"does not submit when an input is focused","duration":20.792999999999665,"failureMessages":[],"meta":{}}],"startTime":1785855997897,"endTime":1785855998525.793,"status":"passed","message":"","name":"W:/DESKbook/我的项目/BlackRain/apps/desktop/src/features/app/components/ApprovalToasts.test.tsx"},{"assertionResults":[{"ancestorTitles":["ElectronBootstrapGate"],"fullName":"ElectronBootstrapGate degraded 时保留产品 UI，并提供重试和诊断导出","status":"passed","title":"degraded 时保留产品 UI，并提供重试和诊断导出","duration":716.7134000000005,"failureMessages":[],"meta":{}}],"startTime":1785855985386,"endTime":1785855986102.7134,"status":"passed","message":"","name":"W:/DESKbook/我的项目/BlackRain/apps/desktop/src/features/app/components/ElectronBootstrapGate.test.tsx"},{"assertionResults":[{"ancestorTitles":["PinnedThreadList"],"fullName":"PinnedThreadList renders pinned rows and handles click/context menu","status":"passed","title":"renders pinned rows and handles click/context menu","duration":141.8751000000002,"failureMessages":[],"meta":{}},{"ancestorTitles":["PinnedThreadList"],"fullName":"PinnedThreadList routes callbacks for rows across workspaces","status":"passed","title":"routes callbacks for rows across workspaces","duration":34.795499999999265,"failureMessages":[],"meta":{}},{"ancestorTitles":["PinnedThreadList"],"fullName":"PinnedThreadList shows blue unread-style status when a pinned thread is waiting for user input","status":"passed","title":"shows blue unread-style status when a pinned thread is waiting for user input","dur
[...]
chunk-hooks.js:752:20"],"meta":{}},{"ancestorTitles":["useWorkspaces.addWorkspaceFromPath"],"fullName":"useWorkspaces.addWorkspaceFromPath adds a workspace and sets it active","status":"failed","title":"adds a workspace and sets it active","duration":10.359600000000682,"failureMessages":["Error: 当前宿主没有提供 BlackRain typed API\n    at getHostClient (W:\\DESKbook\\我的项目\\BlackRain\\apps\\desktop\\src\\host\\client.ts:11:11)\n    at addWorkspace (W:\\DESKbook\\我的项目\\BlackRain\\apps\\desktop\\src\\services\\workspaces.ts:9:10)\n    at Object.addWorkspaceFromPath (W:\\DESKbook\\我的项目\\BlackRain\\apps\\desktop\\src\\features\\workspaces\\hooks\\useWorkspaceCrud.ts:133:33)\n    at W:\\DESKbook\\我的项目\\BlackRain\\apps\\desktop\\src\\features\\workspaces\\hooks\\useWorkspaces.test.tsx:250:28\n    at W:\\DESKbook\\我的项目\\BlackRain\\apps\\desktop\\node_modules\\@testing-library\\react\\dist\\act-compat.js:47:24\n    at process.env.NODE_ENV.exports.act (W:\\DESKbook\\我的项目\\BlackRain\\apps\\desktop\\node_modules\\react\\cjs\\react.development.js:814:22)\n    at Proxy.<anonymous> (W:\\DESKbook\\我的项目\\BlackRain\\apps\\desktop\\node_modules\\@testing-library\\react\\dist\\act-compat.js:46:25)\n    at W:\\DESKbook\\我的项目\\BlackRain\\apps\\desktop\\src\\features\\workspaces\\hooks\\useWorkspaces.test.tsx:249:11\n    at file:///W:/DESKbook/%E6%88%91%E7%9A%84%E9%A1%B9%E7%9B%AE/BlackRain/apps/desktop/node_modules/@vitest/runner/dist/chunk-hooks.js:752:20"],"meta":{}},{"ancestorTitles":["useWorkspaces.connectWorkspace"],"fullName":"useWorkspaces.connectWorkspace marks workspace as connected after a successful connect","status":"failed","title":"marks workspace as connected after a successful connect","duration":6.6718999999993684,"failureMessages":["Error: 当前宿主没有提供 BlackRain typed API\n    at getHostClient (W:\\DESKbook\\我的项目\\BlackRain\\apps\\desktop\\src\\host\\client.ts:11:11)\n    at connectWorkspace (W:\\DESKbook\\我的项目\\BlackRain\\apps\\desktop\\src\\services\\workspaces.ts:24:9)\n    at Object.connectWorkspace (W:\\DESKbook\\我的项目\\BlackRain\\apps\\desktop\\src\\features\\workspaces\\hooks\\useWorkspaceCrud.ts:332:15)\n    at W:\\DESKbook\\我的项目\\BlackRain\\apps\\desktop\\src\\features\\workspaces\\hooks\\useWorkspaces.test.tsx:278:28\n    at W:\\DESKbook\\我的项目\\BlackRain\\apps\\desktop\\node_modules\\@testing-library\\react\\dist\\act-compat.js:47:24\n    at process.env.NODE_ENV.exports.act (W:\\DESKbook\\我的项目\\BlackRain\\apps\\desktop\\node_modules\\react\\cjs\\react.development.js:814:22)\n    at Proxy.<anonymous> (W:\\DESKbook\\我的项目\\BlackRain\\apps\\desktop\\node_modules\\@testing-library\\react\\dist\\act-compat.js:46:25)\n    at W:\\DESKbook\\我的项目\\BlackRain\\apps\\desktop\\src\\features\\workspaces\\hooks\\useWorkspaces.test.tsx:277:11\n    at file:///W:/DESKbook/%E6%88%91%E7%9A%84%E9%A1%B9%E7%9B%AE/BlackRain/apps/desktop/node_modules/@vitest/runner/dist/chunk-hooks.js:752:20"],"meta":{}},{"ancestorTitles":["useWorkspaces.addWorkspacesFromPaths"],"fullName":"useWorkspaces.addWorkspacesFromPaths adds multiple workspaces, activates the first, and returns structured result","status":"failed","title":"adds multiple workspaces, activates the first, and returns structured result","duration":9.585299999999734,"failureMessages":["AssertionError: expected \"spy\" to be called 2 times, but got 0 times\n    at W:\\DESKbook\\我的项目\\BlackRain\\apps\\desktop\\src\\features\\workspaces\\hooks\\useWorkspaces.test.tsx:315:30\n    at file:///W:/DESKbook/%E6%88%91%E7%9A%84%E9%A1%B9%E7%9B%AE/BlackRain/apps/desktop/node_modules/@vitest/runner/dist/chunk-hooks.js:752:20"],"meta":{}},{"ancestorTitles":["useWorkspaces.addWorkspacesFromPaths"],"fullName":"useWorkspaces.addWorkspacesFromPaths returns skipped and failure details without UI side effects","status":"failed","title":"returns skipped and failure details without UI side effects","duration":6.160700000000361,"failureMessages":["AssertionError: expected \"spy\" to be called 1 times, but got 0 times\n    at W:\\DESKbook\\我的项目\\BlackRain\\apps\\desktop\\src\\features\\workspaces\\hooks\\useWorkspaces.test.tsx:351:30\n    at file:///W:/DESKbook/%E6%88%91%E7%9A%84%E9%A1%B9%E7%9B%AE/BlackRain/apps/desktop/node_modules/@vitest/runner/dist/chunk-hooks.js:752:20"],"meta":{}},{"ancestorTitles":["useWorkspaces.addWorkspacesFromPaths"],"fullName":"useWorkspaces.addWorkspacesFromPaths treats Windows namespace paths as duplicates of existing workspace roots","status":"failed","title":"treats Windows namespace paths as duplicates of existing workspace roots","duration":8.419299999999566,"failureMessages":["AssertionError: expected \"spy\" to be called with arguments: [ '\\\\?\\I:\\gpt-projects\\CodexMonitor' ]\u001b[90m\n\nNumber of calls: \u001b[1m0\u001b[22m\n\u001b[39m\n    at Proxy.<anonymous> (file:///W:/DESKbook/%E6%88%91%E7%9A%84%E9%A1%B9%E7%9B%AE/BlackRain/apps/desktop/node_modules/@vitest/expect/dist/index.js:1355:10)\n    at Proxy.<anonymous> (file:///W:/DESKbook/%E6%88%91%E7%9A%84%E9%A1%B9%E7%9B%AE/BlackRain/apps/desktop/node_modules/@vitest/expect/dist/index.js:1029:14)\n    at Proxy.methodWrapper (file:///W:/DESKbook/%E6%88%91%E7%9A%84%E9%A1%B9%E7%9B%AE/BlackRain/apps/desktop/node_modules/chai/index.js:1686:25)\n    at W:\\DESKbook\\我的项目\\BlackRain\\apps\\desktop\\src\\features\\workspaces\\hooks\\useWorkspaces.test.tsx:387:36\n    at file:///W:/DESKbook/%E6%88%91%E7%9A%84%E9%A1%B9%E7%9B%AE/BlackRain/apps/desktop/node_modules/@vitest/runner/dist/chunk-hooks.js:752:20"],"meta":{}},{"ancestorTitles":["useWorkspaces.addWorkspacesFromPaths"],"fullName":"useWorkspaces.addWorkspacesFromPaths treats Windows UNC namespace paths as duplicates of existing workspace roots","status":"failed","title":"treats Windows UNC namespace paths as duplicates of existing workspace roots","duration":21.240099999999984,"failureMessages":["AssertionError: expected \"spy\" to be called with arguments: [ '\\\\?\\UNC\\SERVER\\Share\\CodexMonitor' ]\u001b[90m\n\nNumber of calls: \u001b[1m0\u001b[22m\n\u001b[39m\n    at Proxy.<anonymous> (file:///W:/DESKbook/%E6%88%91%E7%9A%84%E9%A1%B9%E7%9B%AE/BlackRain/apps/desktop/node_modules/@vitest/expect/dist/index.js:1355:10)\n    at Proxy.<anonymous> (file:///W:/DESKbook/%E6%88%91%E7%9A%84%E9%A1%B9%E7%9B%AE/BlackRain/apps/desktop/node_modules/@vitest/expect/dist/index.js:1029:14)\n    at Proxy.methodWrapper (file:///W:/DESKbook/%E6%88%91%E7%9A%84%E9%A1%B9%E7%9B%AE/BlackRain/apps/desktop/node_modules/chai/index.js:1686:25)\n    at W:\\DESKbook\\我的项目\\BlackRain\\apps\\desktop\\src\\features\\workspaces\\hooks\\useWorkspaces.test.tsx:424:36\n    at file:///W:/DESKbook/%E6%88%91%E7%9A%84%E9%A1%B9%E7%9B%AE/BlackRain/apps/desktop/node_modules/@vitest/runner/dist/chunk-hooks.js:752:20"],"meta":{}},{"ancestorTitles":["useWorkspaces.addWorkspacesFromPaths"],"fullName":"useWorkspaces.addWorkspacesFromPaths tries raw tilde paths before inferred home-prefix expansion","status":"failed","title":"tries raw tilde paths before inferred home-prefix expansion","duration":6.7775000000001455,"failureMessages":["AssertionError: expected \"spy\" to be called with arguments: [ '~/dev/personal' ]\u001b[90m\n\nNumber of calls: \u001b[1m0\u001b[22m\n\u001b[39m\n    at Proxy.<anonymous> (file:///W:/DESKbook/%E6%88%91%E7%9A%84%E9%A1%B9%E7%9B%AE/BlackRain/apps/desktop/node_modules/@vitest/expect/dist/index.js:1355:10)\n    at Proxy.<anonymous> (file:///W:/DESKbook/%E6%88%91%E7%9A%84%E9%A1%B9%E7%9B%AE/BlackRain/apps/desktop/node_modules/@vitest/expect/dist/index.js:1029:14)\n    at Proxy.methodWrapper (file:///W:/DESKbook/%E6%88%91%E7%9A%84%E9%A1%B9%E7%9B%AE/BlackRain/apps/desktop/node_modules/chai/index.js:1686:25)\n    at W:\\DESKbook\\我的项目\\BlackRain\\apps\\desktop\\src\\features\\workspaces\\hooks\\useWorkspaces.test.tsx:466:36\n    at file:///W:/DESKbook/%E6%88%91%E7%9A%84%E9%A1%B9%E7%9B%AE/BlackRain/apps/desktop/node_modules/@vitest/runner/dist/chunk-hooks.js:752:20"],"meta":{}},{"ancestorTitles":["useWorkspaces.addWorkspacesFromPaths"],"fullName":"useWorkspaces.addWorkspacesFromPaths skips raw tilde paths when an equivalent inferred path already exists","status":"failed","title":"skips raw tilde paths when an equivalent inferred path already exists","duration":12.772799999999734,"failureMessages":["AssertionError: expected \"spy\" to be called with arguments: [ '~/dev/personal' ]\u001b[90m\n\nNumber of calls: \u001b[1m0\u001b[22m\n\u001b[39m\n    at Proxy.<anonymous> (file:///W:/DESKbook/%E6%88%91%E7%9A%84%E9%A1%B9%E7%9B%AE/BlackRain/apps/desktop/node_modules/@vitest/expect/dist/index.js:1355:10)\n    at Proxy.<anonymous> (file:///W:/DESKbook/%E6%88%91%E7%9A%84%E9%A1%B9%E7%9B%AE/BlackRain/apps/desktop/node_modules/@vitest/expect/dist/index.js:1029:14)\n    at Proxy.methodWrapper (file:///W:/DESKbook/%E6%88%91%E7%9A%84%E9%A1%B9%E7%9B%AE/BlackRain/apps/desktop/node_modules/chai/index.js:1686:25)\n    at W:\\DESKbook\\我的项目\\BlackRain\\apps\\desktop\\src\\features\\workspaces\\hooks\\useWorkspaces.test.tsx:500:36\n    at file:///W:/DESKbook/%E6%88%91%E7%9A%84%E9%A1%B9%E7%9B%AE/BlackRain/apps/desktop/node_modules/@vitest/runner/dist/chunk-hooks.js:752:20"],"meta":{}},{"ancestorTitles":["useWorkspaces.addWorkspacesFromPaths"],"fullName":"useWorkspaces.addWorkspacesFromPaths falls back to inferred home-prefix expansion when raw tilde path is invalid","status":"failed","title":"falls back to inferred home-prefix expansion when raw tilde path is invalid","duration":10.271499999999833,"failureMessages":["AssertionError: expected 1st \"spy\" call to have been called with [ '~/dev/personal' ], but called only 0 times\n    at W:\\DESKbook\\我的项目\\BlackRain\\apps\\desktop\\src\\features\\workspaces\\hooks\\useWorkspaces.test.tsx:539:36\n    at file:///W:/DESKbook/%E6%88%91%E7%9A%84%E9%A1%B9%E7%9B%AE/BlackRain/apps/desktop/node_modules/@vitest/runner/dist/chunk-hooks.js:752:20"],"meta":{}},{"ancestorTitles":["useWorkspaces.addWorkspacesFromPaths"],"fullName":"useWorkspaces.addWorkspacesFromPaths does not skip when an earlier inferred fallback candidate already exists","status":"failed","title":"does not skip when an earlier inferred fallback candidate already exists","duration":8.959200000000237,"failureMessages":["AssertionError: expected 1st \"spy\" call to have been called with [ '~/project' ], but called only 0 times\n    at W:\\DESKbook\\我的项目\\BlackRain\\apps\\desktop\\src\\features\\workspaces\\hooks\\useWorkspaces.test.tsx:590:36\n    at file:///W:/DESKbook/%E6%88%91%E7%9A%84%E9%A1%B9%E7%9B%AE/BlackRain/apps/desktop/node_modules/@vitest/runner/dist/chunk-hooks.js:752:20"],"meta":{}},{"ancestorTitles":["useWorkspaces.addWorkspaceFromGitUrl"],"fullName":"useWorkspaces.addWorkspaceFromGitUrl invokes service and activates workspace","status":"passed","title":"invokes service and activates workspace","duration":12.880500000000211,"failureMessages":[],"meta":{}}],"startTime":1785856000995,"endTime":1785856001238.8806,"status":"failed","message":"","name":"W:/DESKbook/我的项目/BlackRain/apps/desktop/src/features/workspaces/hooks/useWorkspaces.test.tsx"},{"assertionResults":[{"ancestorTitles":["useWorktreePrompt"],"fullName":"useWorktreePrompt derives branch from name until branch is manually edited","status":"passed","title":"derives branch from name until branch is manually edited","duration":33.10779999999977,"failureMessages":[],"meta":{}},{"ancestorTitles":["useWorktreePrompt"],"fullName":"useWorktreePrompt does not override branch when name is cleared","status":"passed","title":"does not override branch when name is cleared","duration":7.233000000000175,"failureMessages":[],"meta":{}},{"ancestorTitles":["useWorktreePrompt"],"fullName":"useWorktreePrompt passes copyAgentsMd to addWorktreeAgent","status":"passed","title":"passes copyAgentsMd to addWorktreeAgent","duration":13.71520000000055,"failureMessages":[],"meta":{}}],"startTime":1785856019343,"endTime":1785856019396.715,"status":"passed","message":"","name":"W:/DESKbook/我的项目/BlackRain/apps/desktop/src/features/workspaces/hooks/useWorktreePrompt.test.tsx"},{"assertionResults":[{"ancestorTitles":["useTerminalController"],"fullName":"useTerminalController keeps the terminal exit callback stable across unrelated rerenders","status":"passed","title":"keeps the terminal exit callback stable across unrelated rerenders","duration":29.433600000000297,"failureMessages":[],"meta":{}}],"startTime":1785856024298,"endTime":1785856024327.4336,"status":"passed","message":"","name":"W:/DESKbook/我的项目/BlackRain/apps/desktop/src/features/terminal/hooks/useTerminalController.test.tsx"},{"assertionResults":[{"ancestorTitles":["useTerminalTabs.ensureTerminalWithTitle"],"fullName":"useTerminalTabs.ensureTerminalWithTitle creates and activates a named terminal tab","status":"passed","title":"creates and activates a named terminal tab","duration":25.381499999999505,"failureMessages":[],"meta":{}},{"ancestorTitles":["useTerminalTabs.ensureTerminalWithTitle"],"fullName":"useTerminalTabs.ensureTerminalWithTitle updates the title when the tab already exists","status":"passed","title":"updates the title when the tab already exists","duration":5.537800000000061,"failureMessages":[],"meta":{}},{"ancestorTitles":["useTerminalTabs auto-named tabs"],"fullName":"useTerminalTabs auto-named tabs renumbers remaining auto-named tabs after closing one","status":"passed","title":"renumbers remaining auto-named tabs after closing one","duration":11.75630000000001,"failureMessages":[],"meta":{}},{"ancestorTitles":["useTerminalTabs auto-named tabs"],"fullName":"useTerminalTabs auto-named tabs does not create duplicate auto-named labels after close and create","status":"passed","title":"does not create duplicate auto-named labels after close and create","duration":23.864000000000487,"failureMessages":[],"meta":{}},{"ancestorTitles":["useTerminalTabs auto-named tabs"],"fullName":"useTerminalTabs auto-named tabs keeps custom titles while numbering auto-named tabs independently","status":"passed","title":"keeps custom titles while numbering auto-named tabs independently","duration":50.46550000000025,"failureMessages":[],"meta":{}},{"ancestorTitles":["useTerminalTabs auto-named tabs"],"fullName":"useTerminalTabs auto-named tabs converts an auto-named tab to custom and renumbers remaining auto tabs","status":"passed","title":"converts an auto-named tab to custom and renumbers remaining auto tabs","duration":23.407400000000052,"failureMessages":[],"meta":{}}],"startTime":1785856013975,"endTime":1785856014118.4075,"status":"passed","message":"","name":"W:/DESKbook/我的项目/BlackRain/apps/desktop/src/features/terminal/hooks/useTerminalTabs.test.tsx"},{"assertionResults":[{"ancestorTitles":["ModalShell"],"fullName":"ModalShell renders root and card classes and handles backdrop click","status":"passed","title":"renders root and card classes and handles backdrop click","duration":97.0655999999999,"failureMessages":[],"meta":{}},{"ancestorTitles":["ModalShell"],"fullName":"ModalShell supports aria-labelledby and aria-describedby","status":"passed","title":"supports aria-labelledby and aria-describedby","duration":34.44730000000072,"failureMessages":[],"meta":{}},{"ancestorTitles":["ModalShell"],"fullName":"ModalShell moves focus into the dialog, traps Tab, handles Escape, and restores focus","status":"passed","title":"moves focus into the dialog, traps Tab, handles Escape, and restores focus","duration":492.16430000000037,"failureMessages":[],"meta":{}}],"startTime":1785855986140,"endTime":1785855986764.1643,"status":"passed","message":"","name":"W:/DESKbook/我的项目/BlackRain/apps/desktop/src/features/design-system/components/modal/ModalShell.test.tsx"},{"assertionResults":[{"ancestorTitles":["ToastPrimitives"],"fullName":"ToastPrimitives renders viewport role and aria-live semantics","status":"passed","title":"renders viewport role and aria-live semantics","duration":311.6679000000004,"failureMessages":[],"meta":{}},{"ancestorTitles":["ToastPrimitives"],"fullName":"ToastPrimitives renders card, text, and section primitive classes","status":"passed","title":"renders card, text, and section primitive classes","duration":83.38410000000022,"failureMessages":[],"meta":{}}],"startTime":1785855992404,"endTime":1785855992799.384,"status":"passed","message":"","name":"W:/DESKbook/我的项目/BlackRain/apps/desktop/src/features/design-system/components/toast/ToastPrimitives.test.tsx"},{"assertionResults":[{"ancestorTitles":["SettingsAgentsSection"],"fullName":"SettingsAgentsSection enables create generation only when name is present","status":"passed","title":"enables create generation only when name is present","duration":746.4173000000001,"failureMessages":[],"meta":{}},{"ancestorTitles":["SettingsAgentsSection"],"fullName":"SettingsAgentsSection applies generated description to create textarea","status":"passed","title":"applies generated description to create textarea","duration":247.47670000000016,"failureMessages":[],"meta":{}},{"ancestorTitles":["SettingsAgentsSection"],"fullName":"SettingsAgentsSection does not send developerInstructions when unchanged during edit","status":"passed","title":"does not send developerInstructions when unchanged during edit","duration":524.9272999999994,"failureMessages":[],"meta":{}},{"ancestorTitles":["SettingsAgentsSection"],"fullName":"SettingsAgentsSection updates max depth from stepper control","status":"passed","title":"updates max depth from stepper control","duration":202.2470000000012,"failureMessages":[],"meta":{}},{"ancestorTitles":["SettingsAgentsSection"],"fullName":"SettingsAgentsSection does not increase max depth beyond 4","status":"passed","title":"does not increase max depth beyond 4","duration":177.10629999999946,"failureMessages":[],"meta":{}}],"startTime":1785855979343,"endTime":1785855981241.1062,"status":"passed","message":"","name":"W:/DESKbook/我的项目/BlackRain/apps/desktop/src/features/settings/components/sections/SettingsAgentsSection.test.tsx"},{"assertionResults":[{"ancestorTitles":["SettingsDisplaySection"],"fullName":"SettingsDisplaySection persists language preference changes","status":"passed","title":"persists language preference changes","duration":190.58950000000004,"failureMessages":[],"meta":{}},{"ancestorTitles":["SettingsDisplaySection"],"fullName":"SettingsDisplaySection toggles auto-generated thread titles","status":"passed","title":"toggles auto-generated thread titles","duration":432.08269999999993,"failureMessages":[],"meta":{}},{"ancestorTitles":["SettingsDisplaySection"],"fullName":"SettingsDisplaySection toggles unlimited chat history","status":"passed","title":"toggles unlimited chat history","duration":155.98340000000007,"failureMessages":[],"meta":{}},{"ancestorTitles":["SettingsDisplaySection"],"fullName":"SettingsDisplaySection disables scrollback controls when unlimited chat history is enabled","status":"passed","title":"disables scrollback controls when unlimited chat history is enabled","duration":129.91089999999986,"failureMessages":[],"meta":{}},{"ancestorTitles":["SettingsDisplaySection"],"fullName":"SettingsDisplaySection applies scrollback presets","status":"passed","title":"applies scrollback presets","duration":115.65119999999933,"failureMessages":[],"meta":{}},{"ancestorTitles":["SettingsDisplaySection"],"fullName":"SettingsDisplaySection does not persist scrollback draft on blur when toggling unlimited","status":"passed","title":"does not persist scrollback draft on blur when toggling unlimited","duration":137.92669999999998,"failureMessages":[],"meta":{}},{"ancestorTitles":["SettingsDisplaySection"],"fullName":"SettingsDisplaySection does not persist scrollback draft on blur when clicking Reset","status":"passed","title":"does not persist scrollback draft on blur when clicking Reset","duration":171.0559000000003,"failureMessages":[],"meta":{}}],"startTime":1785855978643,"endTime":1785855979977.056,"status":"passed","message":"","name":"W:/DESKbook/我的项目/BlackRain/apps/desktop/src/features/settings/components/sections/SettingsDisplaySection.test.tsx"}]}