{"numTotalTestSuites":397,"numPassedTestSuites":369,"numFailedTestSuites":28,"numPendingTestSuites":0,"numTotalTests":1222,"numPassedTests":1110,"numFailedTests":109,"numPendingTests":3,"numTodoTests":0,"snapshot":{"added":0,"failure":false,"filesAdded":0,"filesRemoved":0,"filesRemovedList":[],"filesUnmatched":0,"filesUpdated":0,"matched":0,"total":0,"unchecked":0,"uncheckedKeysByFile":[],"unmatched":0,"updated":0,"didUpdate":false},"startTime":1785854355553,"success":false,"testResults":[{"assertionResults":[{"ancestorTitles":["main sentry bootstrap"],"fullName":"main sentry bootstrap initializes sentry and records app_open","status":"passed","title":"initializes sentry and records app_open","duration":105.04669999999987,"failureMessages":[],"meta":{}}],"startTime":1785854386222,"endTime":1785854386327.0466,"status":"passed","message":"","name":"W:/DESKbook/我的项目/BlackRain/apps/desktop/src/main.test.tsx"},{"assertionResults":[{"ancestorTitles":["Browser client 制品完整性"],"fullName":"Browser client 制品完整性 接受仓库锁定的 client/hash/license","status":"passed","title":"接受仓库锁定的 client/hash/license","duration":34.396999999999935,"failureMessages":[],"meta":{}},{"ancestorTitles":["Browser client 制品完整性"],"fullName":"Browser client 制品完整性 拒绝 client 内容与 manifest 摘要不一致","status":"passed","title":"拒绝 client 内容与 manifest 摘要不一致","duration":53.28240000000005,"failureMessages":[],"meta":{}}],"startTime":1785854420820,"endTime":1785854420908.2825,"status":"passed","message":"","name":"W:/DESKbook/我的项目/BlackRain/apps/desktop/scripts/verify-browser-client.test.ts"},{"assertionResults":[{"ancestorTitles":["Codex runtime 完整性校验"],"fullName":"Codex runtime 完整性校验 拒绝与生成态 manifest 一起被替换的 runtime 文件","status":"passed","title":"拒绝与生成态 manifest 一起被替换的 runtime 文件","duration":119.5610999999999,"failureMessages":[],"meta":{}}],"startTime":1785854420793,"endTime":1785854420912.561,"status":"passed","message":"","name":"W:/DESKbook/我的项目/BlackRain/apps/desktop/scripts/verify-codex-runtime.test.ts"},{"assertionResults":[{"ancestorTitles":["i18n"],"fullName":"i18n normalizes unsupported language preferences to system","status":"passed","title":"normalizes unsupported language preferences to system","duration":2.4788999999998396,"failureMessages":[],"meta":{}},{"ancestorTitles":["i18n"],"fullName":"i18n resolves system language to a supported locale","status":"passed","title":"resolves system language to a supported locale","duration":0.5791999999999007,"failureMessages":[],"meta":{}},{"ancestorTitles":["i18n"],"fullName":"i18n translates and interpolates values","status":"passed","title":"translates and interpolates values","duration":1.463799999999992,"failureMessages":[],"meta":{}}],"startTime":1785854428311,"endTime":1785854428315.4639,"status":"passed","message":"","name":"W:/DESKbook/我的项目/BlackRain/apps/desktop/src/i18n/i18n.test.ts"},{"assertionResults":[{"ancestorTitles":["Agent host service"],"fullName":"Agent host service 在 Electron 下投影 thread、turn、steer 与 interrupt typed API","status":"passed","title":"在 Electron 下投影 thread、turn、steer 与 interrupt typed API","duration":12.440700000000106,"failureMessages":[],"meta":{}},{"ancestorTitles":["Agent host service"],"fullName":"Agent host service 在 Tauri 下保持原调用并移除 Electron-only cwd","status":"passed","title":"在 Tauri 下保持原调用并移除 Electron-only cwd","duration":1.1940000000004147,"failureMessages":[],"meta":{}}],"startTime":1785854418765,"endTime":1785854418779.194,"status":"passed","message":"","name":"W:/DESKbook/我的项目/BlackRain/apps/desktop/src/services/agent.test.ts"},{"assertionResults":[{"ancestorTitles":["events subscriptions"],"fullName":"events subscriptions 在 Electron 中补拉、排序并去重 typed App Server 事件","status":"passed","title":"在 Electron 中补拉、排序并去重 typed App Server 事件","duration":5.317700000000059,"failureMessages":[],"meta":{}},{"ancestorTitles":["events subscriptions"],"fullName":"events subscriptions delivers payloads and unsubscribes on cleanup","status":"failed","title":"delivers payloads and unsubscribes on cleanup","duration":14.330699999999979,"failureMessages":["AssertionError: expected \"spy\" to be called with arguments: [ { workspace_id: 'ws-1', …(1) } ]\u001b[90m\n\nNumber of calls: \u001b[1m0\u001b[22m\n\u001b[39m\n    at Proxy.<anonymous> (file:///W:/DESKbook/%E6%88%91%E7%9A%84%E9%A1%B9%E7%9B%AE/BlackRain/apps/desktop/node_modules/@vitest/expect/dist/index.js:1355:10)\n    at Proxy.<anonymous> (file:///W:/DESKbook/%E6%88%91%E7%9A%84%E9%A1%B9%E7%9B%AE/BlackRain/apps/desktop/node_modules/@vitest/expect/dist/index.js:1029:14)\n    at Proxy.methodWrapper (file:///W:/DESKbook/%E6%88%91%E7%9A%84%E9%A1%B9%E7%9B%AE/BlackRain/apps/desktop/node_modules/chai/index.js:1686:25)\n    at W:\\DESKbook\\我的项目\\BlackRain\\apps\\desktop\\src\\services\\events.test.ts:108:21\n    at file:///W:/DESKbook/%E6%88%91%E7%9A%84%E9%A1%B9%E7%9B%AE/BlackRain/apps/desktop/node_modules/@vitest/runner/dist/chunk-hooks.js:155:11\n    at file:///W:/DESKbook/%E6%88%91%E7%9A%84%E9%A1%B9%E7%9B%AE/BlackRain/apps/desktop/node_modules/@vitest/runner/dist/chunk-hooks.js:752:26\n    at file:///W:/DESKbook/%E6%88%91%E7%9A%84%E9%A1%B9%E7%9B%AE/BlackRain/apps/desktop/node_modules/@vitest/runner/dist/chunk-hooks.js:1897:20\n    at new Promise (<anonymous>)\n    at runWithTimeout (file:///W:/DESKbook/%E6%88%91%E7%9A%84%E9%A1%B9%E7%9B%AE/BlackRain/apps/desktop/node_modules/@vitest/runner/dist/chunk-hooks.js:1863:10)\n    at runTest (file:///W:/DESKbook/%E6%88%91%E7%9A%84%E9%A1%B9%E7%9B%AE/BlackRain/apps/desktop/node_modules/@vitest/runner/dist/chunk-hooks.js:1574:12)"],"meta":{}},{"ancestorTitles":["events subscriptions"],"fullName":"events subscriptions cleans up listeners that resolve after unsubscribe","status":"failed","title":"cleans up listeners that resolve after unsubscribe","duration":3.1911999999999807,"failureMessages":["AssertionError: expected \"spy\" to be called 1 times, but got 0 times\n    at W:\\DESKbook\\我的项目\\BlackRain\\apps\\desktop\\src\\services\\events.test.ts:131:22\n    at processTicksAndRejections (node:internal/process/task_queues:104:5)\n    at file:///W:/DESKbook/%E6%88%91%E7%9A%84%E9%A1%B9%E7%9B%AE/BlackRain/apps/desktop/node_modules/@vitest/runner/dist/chunk-hooks.js:752:20"],"meta":{}},{"ancestorTitles":["events subscriptions"],"fullName":"events subscriptions delivers menu events to subscribers","status":"failed","title":"delivers menu events to subscribers","duration":1.8347999999998592,"failureMessages":["AssertionError: expected \"spy\" to be called 1 times, but got 0 times\n    at W:\\DESKbook\\我的项目\\BlackRain\\apps\\desktop\\src\\services\\events.test.ts:152:21\n    at file:///W:/DESKbook/%E6%88%91%E7%9A%84%E9%A1%B9%E7%9B%AE/BlackRain/apps/desktop/node_modules/@vitest/runner/dist/chunk-hooks.js:155:11\n    at file:///W:/DESKbook/%E6%88%91%E7%9A%84%E9%A1%B9%E7%9B%AE/BlackRain/apps/desktop/node_modules/@vitest/runner/dist/chunk-hooks.js:752:26\n    at file:///W:/DESKbook/%E6%88%91%E7%9A%84%E9%A1%B9%E7%9B%AE/BlackRain/apps/desktop/node_modules/@vitest/runner/dist/chunk-hooks.js:1897:20\n    at new Promise (<anonymous>)\n    at runWithTimeout (file:///W:/DESKbook/%E6%88%91%E7%9A%84%E9%A1%B9%E7%9B%AE/BlackRain/apps/desktop/node_modules/@vitest/runner/dist/chunk-hooks.js:1863:10)\n    at runTest (file:///W:/DESKbook/%E6%88%91%E7%9A%84%E9%A1%B9%E7%9B%AE/BlackRain/apps/desktop/node_modules/@vitest/runner/dist/chunk-hooks.js:1574:12)\n    at processTicksAndRejections (node:internal/process/task_queues:104:5)\n    at runSuite (file:///W:/DESKbook/%E6%88%91%E7%9A%84%E9%A1%B9%E7%9B%AE/BlackRain/apps/desktop/node_modules/@vitest/runner/dist/chunk-hooks.js:1729:8)\n    at runSuite (file:///W:/DESKbook/%E6%88%91%E7%9A%84%E9%A1%B9%E7%9B%AE/BlackRain/apps/desktop/node_modules/@vitest/runner/dist/chunk-hooks.js:1729:8)"],"meta":{}},{"ancestorTitles":["events subscriptions"],"fullName":"events subscriptions delivers collaboration cycle menu events to subscribers","status":"failed","title":"delivers collaboration cycle menu events to subscribers","duration":1.679600000000164,"failureMessages":["AssertionError: expected \"spy\" to be called 1 times, but got 0 times\n    at W:\\DESKbook\\我的项目\\BlackRain\\apps\\desktop\\src\\services\\events.test.ts:175:21\n    at file:///W:/DESKbook/%E6%88%91%E7%9A%84%E9%A1%B9%E7%9B%AE/BlackRain/apps/desktop/node_modules/@vitest/runner/dist/chunk-hooks.js:155:11\n    at file:///W:/DESKbook/%E6%88%91%E7%9A%84%E9%A1%B9%E7%9B%AE/BlackRain/apps/desktop/node_modules/@vitest/runner/dist/chunk-hooks.js:752:26\n    at file:///W:/DESKbook/%E6%88%91%E7%9A%84%E9%A1%B9%E7%9B%AE/BlackRain/apps/desktop/node_modules/@vitest/runner/dist/chunk-hooks.js:1897:20\n    at new Promise (<anonymous>)\n    at runWithTimeout (file:///W:/DESKbook/%E6%88%91%E7%9A%84%E9%A1%B9%E7%9B%AE/BlackRain/apps/desktop/node_modules/@vitest/runner/dist/chunk-hooks.js:1863:10)\n    at runTest (file:///W:/DESKbook/%E6%88%91%E7%9A%84%E9%A1%B9%E7%9B%AE/BlackRain/apps/desktop/node_modules/@vitest/runner/dist/chunk-hooks.js:1574:12)\n    at processTicksAndRejections (node:internal/process/task_queues:104:5)\n    at runSuite (file:///W:/DESKbook/%E6%88%91%E7%9A%84%E9%A1%B9%E7%9B%AE/BlackRain/apps/desktop/node_modules/@vitest/runner/dist/chunk-hooks.js:1729:8)\n    at runSuite (file:///W:/DESKbook/%E6%88%91%E7%9A%84%E9%A1%B9%E7%9B%AE/BlackRain/apps/desktop/node_modules/@vitest/runner/dist/chunk-hooks.js:1729:8)"],"meta":{}},{"ancestorTitles":["events subscriptions"],"fullName":"events subscriptions reports listen errors through options","status":"failed","title":"reports listen errors through options","duration":1.4960000000000946,"failureMessages":["AssertionError: expected \"spy\" to be called with arguments: [ Error: nope ]\u001b[90m\n\nNumber of calls: \u001b[1m0\u001b[22m\n\u001b[39m\n    at Proxy.<anonymous> (file:///W:/DESKbook/%E6%88%91%E7%9A%84%E9%A1%B9%E7%9B%AE/BlackRain/apps/desktop/node_modules/@vitest/expect/dist/index.js:1355:10)\n    at Proxy.<anonymous> (file:///W:/DESKbook/%E6%88%91%E7%9A%84%E9%A1%B9%E7%9B%AE/BlackRain/apps/desktop/node_modules/@vitest/expect/dist/index.js:1029:14)\n    at Proxy.methodWrapper (file:///W:/DESKbook/%E6%88%91%E7%9A%84%E9%A1%B9%E7%9B%AE/BlackRain/apps/desktop/node_modules/chai/index.js:1686:25)\n    at W:\\DESKbook\\我的项目\\BlackRain\\apps\\desktop\\src\\services\\events.test.ts:189:21\n    at processTicksAndRejections (node:internal/process/task_queues:104:5)\n    at file:///W:/DESKbook/%E6%88%91%E7%9A%84%E9%A1%B9%E7%9B%AE/BlackRain/apps/desktop/node_modules/@vitest/runner/dist/chunk-hooks.js:752:20"],"meta":{}}],"startTime":1785854416825,"endTime":1785854416852.496,"status":"failed","message":"","name":"W:/DESKbook/我的项目/BlackRain/apps/desktop/src/services/events.test.ts"},{"assertionResults":[{"ancestorTitles":["tauri invoke wrappers"],"fullName":"tauri invoke wrappers uses path-only payload for addWorkspace","status":"failed","title":"uses path-only payload for addWorkspace","duration":17.116599999999835,"failureMessages":["Error: Electron capability unavailable\n    at callLegacyCapability (W:\\DESKbook\\我的项目\\BlackRain\\apps\\desktop\\src\\services\\desktop.ts:57:25)\n    at Module.addWorkspace (W:\\DESKbook\\我的项目\\BlackRain\\apps\\desktop\\src\\services\\desktop.ts:266:10)\n    at W:\\DESKbook\\我的项目\\BlackRain\\apps\\desktop\\src\\services\\tauri.test.ts:107:11\n    at file:///W:/DESKbook/%E6%88%91%E7%9A%84%E9%A1%B9%E7%9B%AE/BlackRain/apps/desktop/node_modules/@vitest/runner/dist/chunk-hooks.js:155:11\n    at file:///W:/DESKbook/%E6%88%91%E7%9A%84%E9%A1%B9%E7%9B%AE/BlackRain/apps/desktop/node_modules/@vitest/runner/dist/chunk-hooks.js:752:26\n    at file:///W:/DESKbook/%E6%88%91%E7%9A%84%E9%A1%B9%E7%9B%AE/BlackRain/apps/desktop/node_modules/@vitest/runner/dist/chunk-hooks.js:1897:20\n    at new Promise (<anonymous>)\n    at runWithTimeout (file:///W:/DESKbook/%E6%88%91%E7%9A%84%E9%A1%B9%E7%9B%AE/BlackRain/apps/desktop/node_modules/@vitest/runner/dist/chunk-hooks.js:1863:10)\n    at runTest (file:///W:/DESKbook/%E6%88%91%E7%9A%84%E9%A1%B9%E7%9B%AE/BlackRain/apps/desktop/node_modules/@vitest/runner/dist/chunk-hooks.js:1574:12)\n    at processTicksAndRejections (node:internal/process/task_queues:104:5)"],"meta":{}},{"ancestorTitles":["tauri invoke wrappers"],"fullName":"tauri invoke wrappers returns an empty list when workspace picker is cancelled","status":"failed","title":"returns an empty list when workspace picker is cancelled","duration":7.640900000000329,"failureMessages":["Error: promise rejected \"ReferenceError: window is not defined\" instead of resolving\n    at _Assertion.__VITEST_RESOLVES__ (file:///W:/DESKbook/%E6%88%91%E7%9A%84%E9%A1%B9%E7%9B%AE/BlackRain/apps/desktop/node_modules/@vitest/expect/dist/index.js:1577:17)\n    at _Assertion.propertyGetter (file:///W:/DESKbook/%E6%88%91%E7%9A%84%E9%A1%B9%E7%9B%AE/BlackRain/apps/desktop/node_modules/chai/index.js:1557:27)\n    at Reflect.get (<anonymous>)\n    at Object.proxyGetter [as get] (file:///W:/DESKbook/%E6%88%91%E7%9A%84%E9%A1%B9%E7%9B%AE/BlackRain/apps/desktop/node_modules/chai/index.js:1645:22)\n    at W:\\DESKbook\\我的项目\\BlackRain\\apps\\desktop\\src\\services\\tauri.test.ts:118:38\n    at file:///W:/DESKbook/%E6%88%91%E7%9A%84%E9%A1%B9%E7%9B%AE/BlackRain/apps/desktop/node_modules/@vitest/runner/dist/chunk-hooks.js:155:11\n    at file:///W:/DESKbook/%E6%88%91%E7%9A%84%E9%A1%B9%E7%9B%AE/BlackRain/apps/desktop/node_modules/@vitest/runner/dist/chunk-hooks.js:752:26\n    at file:///W:/DESKbook/%E6%88%91%E7%9A%84%E9%A1%B9%E7%9B%AE/BlackRain/apps/desktop/node_modules/@vitest/runner/dist/chunk-hooks.js:1897:20\n    at new Promise (<anonymous>)\n    at runWithTimeout (file:///W:/DESKbook/%E6%88%91%E7%9A%84%E9%A1%B9%E7%9B%AE/BlackRain/apps/desktop/node_modules/@vitest/runner/dist/chunk-hooks.js:1863:10)"],"meta":{}},{"ancestorTitles":["tauri invoke wrappers"],"fullName":"tauri invoke wrappers wraps a single workspace selection in an array","status":"failed","title":"wraps a single workspace selection in an array","duration":1.8653999999996813,"failureMessages":["Error: promise rejected \"ReferenceError: window is not defined\" instead of resolving\n    at _Assertion.__VITEST_RESOLVES__ (file:///W:/DESKbook/%E6%88%91%E7%9A%84%E9%A1%B9%E7%9B%AE/BlackRain/apps/desktop/node_modules/@vitest/expect/dist/index.js:1577:17)\n    at _Assertion.propertyGetter (file:///W:/DESKbook/%E6%88%91%E7%9A%84%E9%A1%B9%E7%9B%AE/BlackRain/apps/desktop/node_modules/chai/index.js:1557:27)\n    at Reflect.get (<anonymous>)\n    at Object.proxyGetter [as get] (file:///W:/DESKbook/%E6%88%91%E7%9A%84%E9%A1%B9%E7%9B%AE/BlackRain/apps/desktop/node_modules/chai/index.js:1645:22)\n    at W:\\DESKbook\\我的项目\\BlackRain\\apps\\desktop\\src\\services\\tauri.test.ts:125:38\n    at file:///W:/DESKbook/%E6%88%91%E7%9A%84%E9%A1%B9%E7%9B%AE/BlackRain/apps/desktop/node_modules/@vitest/runner/dist/chunk-hooks.js:155:11\n    at file:///W:/DESKbook/%E6%88%91%E7%9A%84%E9%A1%B9%E7%9B%AE/BlackRain/apps/desktop/node_modules/@vitest/runner/dist/chunk-hooks.js:752:26\n    at file:///W:/DESKbook/%E6%88%91%E7%9A%84%E9%A1%B9%E7%9B%AE/BlackRain/apps/desktop/node_modules/@vitest/runner/dist/chunk-hooks.js:1897:20\n    at new Promise (<anonymous>)\n    at runWithTimeout (file:///W:/DESKbook/%E6%88%91%E7%9A%84%E9%A1%B9%E7%9B%AE/BlackRain/apps/desktop/node_modules/@vitest/runner/dist/chunk-hooks.js:1863:10)"],"meta":{}},{"ancestorTitles":["tauri invoke wrappers"],"fullName":"tauri invoke wrappers returns multiple workspace selections as-is","status":"failed","title":"returns multiple workspace selections as-is","duration":1.3256000000001222,"failureMessages":["Error: promise rejected \"ReferenceError: window is not defined\" instead of resolving\n    at _Assertion.__VITEST_RESOLVES__ (file:///W:/DESKbook/%E6%88%91%E7%9A%84%E9%A1%B9%E7%9B%AE/BlackRain/apps/desktop/node_modules/@vitest/expect/dist/index.js:1577:17)\n    at _Assertion.propertyGetter (file:///W:/DESKbook/%E6%88%91%E7%9A%84%E9%A1%B9%E7%9B%AE/BlackRain/apps/desktop/node_modules/chai/index.js:1557:27)\n    at Reflect.get (<anonymous>)\n    at Object.proxyGetter [as get] (file:///W:/DESKbook/%E6%88%91%E7%9A%84%E9%A1%B9%E7%9B%AE/BlackRain/apps/desktop/node_modules/chai/index.js:1645:22)\n    at W:\\DESKbook\\我的项目\\BlackRain\\apps\\desktop\\src\\services\\tauri.test.ts:132:38\n    at file:///W:/DESKbook/%E6%88%91%E7%9A%84%E9%A1%B9%E7%9B%AE/BlackRain/apps/desktop/node_modules/@vitest/runner/dist/chunk-hooks.js:155:11\n    at file:///W:/DESKbook/%E6%88%91%E7%9A%84%E9%A1%B9%E7%9B%AE/BlackRain/apps/desktop/node_modules/@vitest/runner/dist/chunk-hooks.js:752:26\n    at file:///W:/DESKbook/%E6%88%91%E7%9A%84%E9%A1%B9%E7%9B%AE/BlackRain/apps/desktop/node_modules/@vitest/runner/dist/chunk-hooks.js:1897:20\n    at new Promise (<anonymous>)\n    at runWithTimeout (file:///W:/DESKbook/%E6%88%91%E7%9A%84%E9%A1%B9%E7%9B%AE/BlackRain/apps/desktop/node_modules/@vitest/runner/dist/chunk-hooks.js:1863:10)"],"meta":{}},{"ancestorTitles":["tauri invoke wrappers"],"fullName":"tauri invoke wrappers includes heic and heif in the image picker filter","status":"failed","title":"includes heic and heif in the image picker filter","duration":2.284700000000157,"failureMessages":["Error: promise rejected \"ReferenceError: window is not defined\" instead of resolving\n    at _Assertion.__VITEST_RESOLVES__ (file:///W:/DESKbook/%E6%88%91%E7%9A%84%E9%A1%B9%E7%9B%AE/BlackRain/apps/desktop/node_modules/@vitest/expect/dist/index.js:1577:17)\n    at _Assertion.propertyGetter (file:///W:/DESKbook/%E6%88%91%E7%9A%84%E9%A1%B9%E7%9B%AE/BlackRain/apps/desktop/node_modules/chai/index.js:1557:27)\n    at Reflect.get (<anonymous>)\n    at Object.proxyGetter [as get] (file:///W:/DESKbook/%E6%88%91%E7%9A%84%E9%A1%B9%E7%9B%AE/BlackRain/apps/desktop/node_modules/chai/index.js:1645:22)\n    at W:\\DESKbook\\我的项目\\BlackRain\\apps\\desktop\\src\\services\\tauri.test.ts:139:34\n    at file:///W:/DESKbook/%E6%88%91%E7%9A%84%E9%A1%B9%E7%9B%AE/BlackRain/apps/desktop/node_modules/@vitest/runner/dist/chunk-hooks.js:155:11\n    at file:///W:/DESKbook/%E6%88%91%E7%9A%84%E9%A1%B9%E7%9B%AE/BlackRain/apps/desktop/node_modules/@vitest/runner/dist/chunk-hooks.js:752:26\n    at file:///W:/DESKbook/%E6%88%91%E7%9A%84%E9%A1%B9%E7%9B%AE/BlackRain/apps/desktop/node_modules/@vitest/runner/dist/chunk-hooks.js:1897:20\n    at new Promise (<anonymous>)\n    at runWithTimeout (file:///W:/DESKbook/%E6%88%91%E7%9A%84%E9%A1%B9%E7%9B%AE/BlackRain/apps/desktop/node_modules/@vitest/runner/dist/chunk-hooks.js:1863:10)"],"meta":{}},{"ancestorTitles":["tauri invoke wrappers"],"fullName":"tauri invoke wrappers opens the workbench file picker at the verified project root","status":"failed","title":"opens the workbench file picker at the verified project root","duration":1.8577000000000226,"failureMessages":["Error: promise rejected \"ReferenceError: window is not defined\" instead of resolving\n    at _Assertion.__VITEST_RESOLVES__ (file:///W:/DESKbook/%E6%88%91%E7%9A%84%E9%A1%B9%E7%9B%AE/BlackRain/apps/desktop/node_modules/@vitest/expect/dist/index.js:1577:17)\n    at _Assertion.propertyGetter (file:///W:/DESKbook/%E6%88%91%E7%9A%84%E9%A1%B9%E7%9B%AE/BlackRain/apps/desktop/node_modules/chai/index.js:1557:27)\n    at Reflect.get (<anonymous>)\n    at Object.proxyGetter [as get] (file:///W:/DESKbook/%E6%88%91%E7%9A%84%E9%A1%B9%E7%9B%AE/BlackRain/apps/desktop/node_modules/chai/index.js:1645:22)\n    at W:\\DESKbook\\我的项目\\BlackRain\\apps\\desktop\\src\\services\\tauri.test.ts:170:53\n    at file:///W:/DESKbook/%E6%88%91%E7%9A%84%E9%A1%B9%E7%9B%AE/BlackRain/apps/desktop/node_modules/@vitest/runner/dist/chunk-hooks.js:155:11\n    at file:///W:/DESKbook/%E6%88%91%E7%9A%84%E9%A1%B9%E7%9B%AE/BlackRain/apps/desktop/node_modules/@vitest/runner/dist/chunk-hooks.js:752:26\n    at file:///W:/DESKbook/%E6%88%91%E7%9A%84%E9%A1%B9%E7%9B%AE/BlackRain/apps/desktop/node_modules/@vitest/runner/dist/chunk-hooks.js:1897:20\n    at new Promise (<anonymous>)\n    at runWithTimeout (file:///W:/DESKbook/%E6%88%91%E7%9A%84%E9%A1%B9%E7%9B%AE/BlackRain/apps/desktop/node_modules/@vitest/runner/dist/chunk-hooks.js:1863:10)"],"meta":{}},{"ancestorTitles":["tauri invoke wrappers"],"fullName":"tauri invoke wrappers returns null when markdown export is cancelled","status":"failed","title":"returns null when markdown export is cancelled","duration":1.3696999999997388,"failureMessages":["Error: promise rejected \"ReferenceError: window is not defined\" instead of resolving\n    at _Assertion.__VITEST_RESOLVES__ (file:///W:/DESKbook/%E6%88%91%E7%9A%84%E9%A1%B9%E7%9B%AE/BlackRain/apps/desktop/node_modules/@vitest/expect/dist/index.js:1577:17)\n    at _Assertion.propertyGetter (file:///W:/DESKbook/%E6%88%91%E7%9A%84%E9%A1%B9%E7%9B%AE/BlackRain/apps/desktop/node_modules/chai/index.js:1557:27)\n    at Reflect.get (<anonymous>)\n    at Object.proxyGetter [as get] (file:///W:/DESKbook/%E6%88%91%E7%9A%84%E9%A1%B9%E7%9B%AE/BlackRain/apps/desktop/node_modules/chai/index.js:1645:22)\n    at W:\\DESKbook\\我的项目\\BlackRain\\apps\\desktop\\src\\services\\tauri.test.ts:185:46\n    at file:///W:/DESKbook/%E6%88%91%E7%9A%84%E9%A1%B9%E7%9B%AE/BlackRain/apps/desktop/node_modules/@vitest/runner/dist/chunk-hooks.js:155:11\n    at file:///W:/DESKbook/%E6%88%91%E7%9A%84%E9%A1%B9%E7%9B%AE/BlackRain/apps/desktop/node_modules/@vitest/runner/dist/chunk-hooks.js:752:26\n    at file:///W:/DESKbook/%E6%88%91%E7%9A%84%E9%A1%B9%E7%9B%AE/BlackRain/apps/desktop/node_modules/@vitest/runner/dist/chunk-hooks.js:1897:20\n    at new Promise (<anonymous>)\n    at runWithTimeout (file:///W:/DESKbook/%E6%88%91%E7%9A%84%E9%A1%B9%E7%9B%AE/BlackRain/apps/desktop/node_modules/@vitest/runner/dist/chunk-hooks.js:1863:10)"],"meta":{}},{"ancestorTitles":["tauri invoke wrappers"],"fullName":"tauri invoke wrappers writes markdown to the selected path","status":"failed","title":"writes markdown to the selected path","duration":1.8252999999999702,"failureMessages":["Error: promise rejected \"ReferenceError: window is not defined\" instead of resolving\n    at _Assertion.__VITEST_RESOLVES__ (file:///W:/DESKbook/%E6%88%91%E7%9A%84%E9%A1%B9%E7%9B%AE/BlackRain/apps/desktop/node_modules/@vitest/expect/dist/index.js:1577:17)\n    at _Assertion.propertyGetter (file:///W:/DESKbook/%E6%88%91%E7%9A%84%E9%A1%B9%E7%9B%AE/BlackRain/apps/desktop/node_modules/chai/index.js:1557:27)\n    at Reflect.get (<anonymous>)\n    at Object.proxyGetter [as get] (file:///W:/DESKbook/%E6%88%91%E7%9A%84%E9%A1%B9%E7%9B%AE/BlackRain/apps/desktop/node_modules/chai/index.js:1645:22)\n    at W:\\DESKbook\\我的项目\\BlackRain\\apps\\desktop\\src\\services\\tauri.test.ts:197:60\n    at file:///W:/DESKbook/%E6%88%91%E7%9A%84%E9%A1%B9%E7%9B%AE/BlackRain/apps/desktop/node_modules/@vitest/runner/dist/chunk-hooks.js:155:11\n    at file:///W:/DESKbook/%E6%88%91%E7%9A%84%E9%A1%B9%E7%9B%AE/BlackRain/apps/desktop/node_modules/@vitest/runner/dist/chunk-hooks.js:752:26\n    at file:///W:/DESKbook/%E6%88%91%E7%9A%84%E9%A1%B9%E7%9B%AE/BlackRain/apps/desktop/node_modules/@vitest/runner/dist/chunk-hooks.js:1897:20\n    at new Promise (<anonymous>)\n    at runWithTimeout (file:///W:/DESKbook/%E6%88%91%E7%9A%84%E9%A1%B9%E7%9B%AE/BlackRain/apps/desktop/node_modules/@vitest/runner/dist/chunk-hooks.js:1863:10)"],"meta":{}},{"ancestorTitles":["tauri invoke wrappers"],"fullName":"tauri invoke wrappers maps workspace_id to workspaceId for git status","status":"failed","title":"maps workspace_id to workspaceId for git status","duration":1.940599999999904,"failureMessages":["Error: Electron capability unavailable\n    at callLegacyCapability (W:\\DESKbook\\我的项目\\BlackRain\\apps\\desktop\\src\\services\\desktop.ts:57:25)\n    at Module.getGitStatus (W:\\DESKbook\\我的项目\\BlackRain\\apps\\desktop\\src\\services\\desktop.ts:612:10)\n    at W:\\DESKbook\\我的项目\\BlackRain\\apps\\desktop\\src\\services\\tauri.test.ts:221:11\n    at file:///W:/DESKbook/%E6%88%91%E7%9A%84%E9%A1%B9%E7%9B%AE/BlackRain/apps/desktop/node_modules/@vitest/runner/dist/chunk-hooks.js:155:11\n    at file:///W:/DESKbook/%E6%88%91%E7%9A%84%E9%A1%B9%E7%9B%AE/BlackRain/apps/desktop/node_modules/@vitest/runner/dist/chunk-hooks.js:752:26\n    at file:///W:/DESKbook/%E6%88%91%E7%9A%84%E9%A1%B9%E7%9B%AE/BlackRain/apps/desktop/node_modules/@vitest/runner/dist/chunk-hooks.js:1897:20\n    at new Promise (<anonymous>)\n    at runWithTimeout (file:///W:/DESKbook/%E6%88%91%E7%9A%84%E9%A1%B9%E7%9B%AE/BlackRain/apps/desktop/node_modules/@vitest/runner/dist/chunk-hooks.js:1863:10)\n    at runTest (file:///W:/DESKbook/%E6%88%91%E7%9A%84%E9%A1%B9%E7%9B%AE/BlackRain/apps/desktop/node_modules/@vitest/runner/dist/chunk-hooks.js:1574:12)\n    at processTicksAndRejections (node:internal/process/task_queues:104:5)"],"meta":{}},{"ancestorTitles":["tauri invoke wrappers"],"fullName":"tauri invoke wrappers maps args for createGitHubRepo","status":"failed","title":"maps args for createGitHubRepo","duration":0.9204999999997199,"failureMessages":["Error: Electron capability unavailable\n    at callLegacyCapability (W:\\DESKbook\\我的项目\\BlackRain\\apps\\desktop\\src\\services\\desktop.ts:57:25)\n    at Module.createGitHubRepo (W:\\DESKbook\\我的项目\\BlackRain\\apps\\desktop\\src\\services\\desktop.ts:648:10)\n    at W:\\DESKbook\\我的项目\\BlackRain\\apps\\desktop\\src\\services\\tauri.test.ts:232:11\n    at file:///W:/DESKbook/%E6%88%91%E7%9A%84%E9%A1%B9%E7%9B%AE/BlackRain/apps/desktop/node_modules/@vitest/runner/dist/chunk-hooks.js:155:11\n    at file:///W:/DESKbook/%E6%88%91%E7%9A%84%E9%A1%B9%E7%9B%AE/BlackRain/apps/desktop/node_modules/@vitest/runner/dist/chunk-hooks.js:752:26\n    at file:///W:/DESKbook/%E6%88%91%E7%9A%84%E9%A1%B9%E7%9B%AE/BlackRain/apps/desktop/node_modules/@vitest/runner/dist/chunk-hooks.js:1897:20\n    at new Promise (<anonymous>)\n    at runWithTimeout (file:///W:/DESKbook/%E6%88%91%E7%9A%84%E9%A1%B9%E7%9B%AE/BlackRain/apps/desktop/node_modules/@vitest/runner/dist/chunk-hooks.js:1863:10)\n    at runTest (file:///W:/DESKbook/%E6%88%91%E7%9A%84%E9%A1%B9%E7%9B%AE/BlackRain/apps/desktop/node_modules/@vitest/runner/dist/chunk-hooks.js:1574:12)\n    at processTicksAndRejections (node:internal/process/task_queues:104:5)"],"meta":{}},{"ancestorTitles":["tauri invoke wrappers"],"fullName":"tauri invoke wrappers maps workspace_id to workspaceId for GitHub issues","status":"failed","title":"maps workspace_id to workspaceId for GitHub issues","duration":0.7698999999997795,"failureMessages":["Error: Electron capability unavailable\n    at callLegacyCapability (W:\\DESKbook\\我的项目\\BlackRain\\apps\\desktop\\src\\services\\desktop.ts:57:25)\n    at Module.getGitHubIssues (W:\\DESKbook\\我的项目\\BlackRain\\apps\\desktop\\src\\services\\desktop.ts:765:10)\n    at W:\\DESKbook\\我的项目\\BlackRain\\apps\\desktop\\src\\services\\tauri.test.ts:246:11\n    at file:///W:/DESKbook/%E6%88%91%E7%9A%84%E9%A1%B9%E7%9B%AE/BlackRain/apps/desktop/node_modules/@vitest/runner/dist/chunk-hooks.js:155:11\n    at file:///W:/DESKbook/%E6%88%91%E7%9A%84%E9%A1%B9%E7%9B%AE/BlackRain/apps/desktop/node_modules/@vitest/runner/dist/chunk-hooks.js:752:26\n    at file:///W:/DESKbook/%E6%88%91%E7%9A%84%E9%A1%B9%E7%9B%AE/BlackRain/apps/desktop/node_modules/@vitest/runner/dist/chunk-hooks.js:1897:20\n    at new Promise (<anonymous>)\n    at runWithTimeout (file:///W:/DESKbook/%E6%88%91%E7%9A%84%E9%A1%B9%E7%9B%AE/BlackRain/apps/desktop/node_modules/@vitest/runner/dist/chunk-hooks.js:1863:10)\n    at runTest (file:///W:/DESKbook/%E6%88%91%E7%9A%84%E9%A1%B9%E7%9B%AE/BlackRain/apps/desktop/node_modules/@vitest/runner/dist/chunk-hooks.js:1574:12)\n    at processTicksAndRejections (node:internal/process/task_queues:104:5)"],"meta":{}},{"ancestorTitles":["tauri invoke wrappers"],"fullName":"tauri invoke wrappers returns an empty list when the Tauri invoke bridge is missing","status":"failed","title":"returns an empty list when the Tauri invoke bridge is missing","duration":3.4167999999999665,"failureMessages":["Error: promise rejected \"Error: Electron capability unavailable\" instead of resolving\n    at _Assertion.__VITEST_RESOLVES__ (file:///W:/DESKbook/%E6%88%91%E7%9A%84%E9%A1%B9%E7%9B%AE/BlackRain/apps/desktop/node_modules/@vitest/expect/dist/index.js:1577:17)\n    at _Assertion.propertyGetter (file:///W:/DESKbook/%E6%88%91%E7%9A%84%E9%A1%B9%E7%9B%AE/BlackRain/apps/desktop/node_modules/chai/index.js:1557:27)\n    at Reflect.get (<anonymous>)\n    at Object.proxyGetter [as get] (file:///W:/DESKbook/%E6%88%91%E7%9A%84%E9%A1%B9%E7%9B%AE/BlackRain/apps/desktop/node_modules/chai/index.js:1645:22)\n    at W:\\DESKbook\\我的项目\\BlackRain\\apps\\desktop\\src\\services\\tauri.test.ts:259:34\n    at file:///W:/DESKbook/%E6%88%91%E7%9A%84%E9%A1%B9%E7%9B%AE/BlackRain/apps/desktop/node_modules/@vitest/runner/dist/chunk-hooks.js:155:11\n    at file:///W:/DESKbook/%E6%88%91%E7%9A%84%E9%A1%B9%E7%9B%AE/BlackRain/apps/desktop/node_modules/@vitest/runner/dist/chunk-hooks.js:752:26\n    at file:///W:/DESKbook/%E6%88%91%E7%9A%84%E9%A1%B9%E7%9B%AE/BlackRain/apps/desktop/node_modules/@vitest/runner/dist/chunk-hooks.js:1897:20\n    at new Promise (<anonymous>)\n    at runWithTimeout (file:///W:/DESKbook/%E6%88%91%E7%9A%84%E9%A1%B9%E7%9B%AE/BlackRain/apps/desktop/node_modules/@vitest/runner/dist/chunk-hooks.js:1863:10)"],"meta":{}},{"ancestorTitles":["tauri invoke wrappers"],"fullName":"tauri invoke wrappers applies default limit for git log","status":"failed","title":"applies default limit for git log","duration":1.0190999999999804,"failureMessages":["Error: Electron capability unavailable\n    at callLegacyCapability (W:\\DESKbook\\我的项目\\BlackRain\\apps\\desktop\\src\\services\\desktop.ts:57:25)\n    at Module.getGitLog (W:\\DESKbook\\我的项目\\BlackRain\\apps\\desktop\\src\\services\\desktop.ts:679:10)\n    at W:\\DESKbook\\我的项目\\BlackRain\\apps\\desktop\\src\\services\\tauri.test.ts:275:11\n    at file:///W:/DESKbook/%E6%88%91%E7%9A%84%E9%A1%B9%E7%9B%AE/BlackRain/apps/desktop/node_modules/@vitest/runner/dist/chunk-hooks.js:155:11\n    at file:///W:/DESKbook/%E6%88%91%E7%9A%84%E9%A1%B9%E7%9B%AE/BlackRain/apps/desktop/node_modules/@vitest/runner/dist/chunk-hooks.js:752:26\n    at file:///W:/DESKbook/%E6%88%91%E7%9A%84%E9%A1%B9%E7%9B%AE/BlackRain/apps/desktop/node_modules/@vitest/runner/dist/chunk-hooks.js:1897:20\n    at new Promise (<anonymous>)\n    at runWithTimeout (file:///W:/DESKbook/%E6%88%91%E7%9A%84%E9%A1%B9%E7%9B%AE/BlackRain/apps/desktop/node_modules/@vitest/runner/dist/chunk-hooks.js:1863:10)\n    at runTest (file:///W:/DESKbook/%E6%88%91%E7%9A%84%E9%A1%B9%E7%9B%AE/BlackRain/apps/desktop/node_modules/@vitest/runner/dist/chunk-hooks.js:1574:12)\n    at processTicksAndRejections (node:internal/process/task_queues:104:5)"],"meta":{}},{"ancestorTitles":["tauri invoke wrappers"],"fullName":"tauri invoke wrappers maps workspaceId and threadId for fork_thread","status":"failed","title":"maps workspaceId and threadId for fork_thread","duration":1.1392000000000735,"failureMessages":["Error: Electron capability unavailable\n    at callLegacyCapability (W:\\DESKbook\\我的项目\\BlackRain\\apps\\desktop\\src\\services\\desktop.ts:57:25)\n    at Module.forkThread (W:\\DESKbook\\我的项目\\BlackRain\\apps\\desktop\\src\\services\\desktop.ts:416:10)\n    at W:\\DESKbook\\我的项目\\BlackRain\\apps\\desktop\\src\\services\\tauri.test.ts:287:11\n    at file:///W:/DESKbook/%E6%88%91%E7%9A%84%E9%A1%B9%E7%9B%AE/BlackRain/apps/desktop/node_modules/@vitest/runner/dist/chunk-hooks.js:155:11\n    at file:///W:/DESKbook/%E6%88%91%E7%9A%84%E9%A1%B9%E7%9B%AE/BlackRain/apps/desktop/node_modules/@vitest/runner/dist/chunk-hooks.js:752:26\n    at file:///W:/DESKbook/%E6%88%91%E7%9A%84%E9%A1%B9%E7%9B%AE/BlackRain/apps/desktop/node_modules/@vitest/runner/dist/chunk-hooks.js:1897:20\n    at new Promise (<anonymous>)\n    at runWithTimeout (file:///W:/DESKbook/%E6%88%91%E7%9A%84%E9%A1%B9%E7%9B%AE/BlackRain/apps/desktop/node_modules/@vitest/runner/dist/chunk-hooks.js:1863:10)\n    at runTest (file:///W:/DESKbook/%E6%88%91%E7%9A%84%E9%A1%B9%E7%9B%AE/BlackRain/apps/desktop/node_modules/@vitest/runner/dist/chunk-hooks.js:1574:12)\n    at processTicksAndRejections (node:internal/process/task_queues:104:5)"],"meta":{}},{"ancestorTitles":["tauri invoke wrappers"],"fullName":"tauri invoke wrappers maps workspaceId and threadId for compact_thread","status":"failed","title":"maps workspaceId and threadId for compact_thread","duration":0.8550000000000182,"failureMessages":["Error: Electron capability unavailable\n    at callLegacyCapability (W:\\DESKbook\\我的项目\\BlackRain\\apps\\desktop\\src\\services\\desktop.ts:57:25)\n    at Module.compactThread (W:\\DESKbook\\我的项目\\BlackRain\\apps\\desktop\\src\\services\\desktop.ts:420:10)\n    at W:\\DESKbook\\我的项目\\BlackRain\\apps\\desktop\\src\\services\\tauri.test.ts:299:11\n    at file:///W:/DESKbook/%E6%88%91%E7%9A%84%E9%A1%B9%E7%9B%AE/BlackRain/apps/desktop/node_modules/@vitest/runner/dist/chunk-hooks.js:155:11\n    at file:///W:/DESKbook/%E6%88%91%E7%9A%84%E9%A1%B9%E7%9B%AE/BlackRain/apps/desktop/node_modules/@vitest/runner/dist/chunk-hooks.js:752:26\n    at file:///W:/DESKbook/%E6%88%91%E7%9A%84%E9%A1%B9%E7%9B%AE/BlackRain/apps/desktop/node_modules/@vitest/runner/dist/chunk-hooks.js:1897:20\n    at new Promise (<anonymous>)\n    at runWithTimeout (file:///W:/DESKbook/%E6%88%91%E7%9A%84%E9%A1%B9%E7%9B%AE/BlackRain/apps/desktop/node_modules/@vitest/runner/dist/chunk-hooks.js:1863:10)\n    at runTest (file:///W:/DESKbook/%E6%88%91%E7%9A%84%E9%A1%B9%E7%9B%AE/BlackRain/apps/desktop/node_modules/@vitest/runner/dist/chunk-hooks.js:1574:12)\n    at processTicksAndRejections (node:internal/process/task_queues:104:5)"],"meta":{}},{"ancestorTitles":["tauri invoke wrappers"],"fullName":"tauri invoke wrappers maps workspaceId/threadId/name for set_thread_name","status":"failed","title":"maps workspaceId/threadId/name for set_thread_name","duration":1.0262000000002445,"failureMessages":["Error: Electron capability unavailable\n    at callLegacyCapability (W:\\DESKbook\\我的项目\\BlackRain\\apps\\desktop\\src\\services\\desktop.ts:57:25)\n    at Module.setThreadName (W:\\DESKbook\\我的项目\\BlackRain\\apps\\desktop\\src\\services\\desktop.ts:1838:10)\n    at W:\\DESKbook\\我的项目\\BlackRain\\apps\\desktop\\src\\services\\tauri.test.ts:311:11\n    at file:///W:/DESKbook/%E6%88%91%E7%9A%84%E9%A1%B9%E7%9B%AE/BlackRain/apps/desktop/node_modules/@vitest/runner/dist/chunk-hooks.js:155:11\n    at file:///W:/DESKbook/%E6%88%91%E7%9A%84%E9%A1%B9%E7%9B%AE/BlackRain/apps/desktop/node_modules/@vitest/runner/dist/chunk-hooks.js:752:26\n    at file:///W:/DESKbook/%E6%88%91%E7%9A%84%E9%A1%B9%E7%9B%AE/BlackRain/apps/desktop/node_modules/@vitest/runner/dist/chunk-hooks.js:1897:20\n    at new Promise (<anonymous>)\n    at runWithTimeout (file:///W:/DESKbook/%E6%88%91%E7%9A%84%E9%A1%B9%E7%9B%AE/BlackRain/apps/desktop/node_modules/@vitest/runner/dist/chunk-hooks.js:1863:10)\n    at runTest (file:///W:/DESKbook/%E6%88%91%E7%9A%84%E9%A1%B9%E7%9B%AE/BlackRain/apps/desktop/node_modules/@vitest/runner/dist/chunk-hooks.js:1574:12)\n    at processTicksAndRejections (node:internal/process/task_queues:104:5)"],"meta":{}},{"ancestorTitles":["tauri invoke wrappers"],"fullName":"tauri invoke wrappers maps workspaceId/cursor/limit for list_mcp_server_status","status":"failed","title":"maps workspaceId/cursor/limit for list_mcp_server_status","duration":0.859599999999773,"failureMessages":["Error: Electron capability unavailable\n    at callLegacyCapability (W:\\DESKbook\\我的项目\\BlackRain\\apps\\desktop\\src\\services\\desktop.ts:57:25)\n    at Module.listMcpServerStatus (W:\\DESKbook\\我的项目\\BlackRain\\apps\\desktop\\src\\services\\desktop.ts:1374:10)\n    at W:\\DESKbook\\我的项目\\BlackRain\\apps\\desktop\\src\\services\\tauri.test.ts:324:11\n    at file:///W:/DESKbook/%E6%88%91%E7%9A%84%E9%A1%B9%E7%9B%AE/BlackRain/apps/desktop/node_modules/@vitest/runner/dist/chunk-hooks.js:155:11\n    at file:///W:/DESKbook/%E6%88%91%E7%9A%84%E9%A1%B9%E7%9B%AE/BlackRain/apps/desktop/node_modules/@vitest/runner/dist/chunk-hooks.js:752:26\n    at file:///W:/DESKbook/%E6%88%91%E7%9A%84%E9%A1%B9%E7%9B%AE/BlackRain/apps/desktop/node_modules/@vitest/runner/dist/chunk-hooks.js:1897:20\n    at new Promise (<anonymous>)\n    at runWithTimeout (file:///W:/DESKbook/%E6%88%91%E7%9A%84%E9%A1%B9%E7%9B%AE/BlackRain/apps/desktop/node_modules/@vitest/runner/dist/chunk-hooks.js:1863:10)\n    at runTest (file:///W:/DESKbook/%E6%88%91%E7%9A%84%E9%A1%B9%E7%9B%AE/BlackRain/apps/desktop/node_modules/@vitest/runner/dist/chunk-hooks.js:1574:12)\n    at processTicksAndRejections (node:internal/process/task_queues:104:5)"],"meta":{}},{"ancestorTitles":["tauri invoke wrappers"],"fullName":"tauri invoke wrappers maps workspaceId/cursor/limit/sortKey for list_threads","status":"failed","title":"maps workspaceId/cursor/limit/sortKey for list_threads","duration":0.9618000000000393,"failureMessages":["Error: Electron capability unavailable\n    at callLegacyCapability (W:\\DESKbook\\我的项目\\BlackRain\\apps\\desktop\\src\\services\\desktop.ts:57:25)\n    at Module.listThreads (W:\\DESKbook\\我的项目\\BlackRain\\apps\\desktop\\src\\services\\desktop.ts:1366:10)\n    at W:\\DESKbook\\我的项目\\BlackRain\\apps\\desktop\\src\\services\\tauri.test.ts:337:11\n    at file:///W:/DESKbook/%E6%88%91%E7%9A%84%E9%A1%B9%E7%9B%AE/BlackRain/apps/desktop/node_modules/@vitest/runner/dist/chunk-hooks.js:155:11\n    at file:///W:/DESKbook/%E6%88%91%E7%9A%84%E9%A1%B9%E7%9B%AE/BlackRain/apps/desktop/node_modules/@vitest/runner/dist/chunk-hooks.js:752:26\n    at file:///W:/DESKbook/%E6%88%91%E7%9A%84%E9%A1%B9%E7%9B%AE/BlackRain/apps/desktop/node_modules/@vitest/runner/dist/chunk-hooks.js:1897:20\n    at new Promise (<anonymous>)\n    at runWithTimeout (file:///W:/DESKbook/%E6%88%91%E7%9A%84%E9%A1%B9%E7%9B%AE/BlackRain/apps/desktop/node_modules/@vitest/runner/dist/chunk-hooks.js:1863:10)\n    at runTest (file:///W:/DESKbook/%E6%88%91%E7%9A%84%E9%A1%B9%E7%9B%AE/BlackRain/apps/desktop/node_modules/@vitest/runner/dist/chunk-hooks.js:1574:12)\n    at processTicksAndRejections (node:internal/process/task_queues:104:5)"],"meta":{}},{"ancestorTitles":["tauri invoke wrappers"],"fullName":"tauri invoke wrappers maps workspaceId/threadId for read_thread","status":"failed","title":"maps workspaceId/threadId for read_thread","duration":0.7557999999999083,"failureMessages":["Error: Electron capability unavailable\n    at callLegacyCapability (W:\\DESKbook\\我的项目\\BlackRain\\apps\\desktop\\src\\services\\desktop.ts:57:25)\n    at Module.readThread (W:\\DESKbook\\我的项目\\BlackRain\\apps\\desktop\\src\\services\\desktop.ts:1386:10)\n    at W:\\DESKbook\\我的项目\\BlackRain\\apps\\desktop\\src\\services\\tauri.test.ts:351:11\n    at file:///W:/DESKbook/%E6%88%91%E7%9A%84%E9%A1%B9%E7%9B%AE/BlackRain/apps/desktop/node_modules/@vitest/runner/dist/chunk-hooks.js:155:11\n    at file:///W:/DESKbook/%E6%88%91%E7%9A%84%E9%A1%B9%E7%9B%AE/BlackRain/apps/desktop/node_modules/@vitest/runner/dist/chunk-hooks.js:752:26\n    at file:///W:/DESKbook/%E6%88%91%E7%9A%84%E9%A1%B9%E7%9B%AE/BlackRain/apps/desktop/node_modules/@vitest/runner/dist/chunk-hooks.js:1897:20\n    at new Promise (<anonymous>)\n    at runWithTimeout (file:///W:/DESKbook/%E6%88%91%E7%9A%84%E9%A1%B9%E7%9B%AE/BlackRain/apps/desktop/node_modules/@vitest/runner/dist/chunk-hooks.js:1863:10)\n    at runTest (file:///W:/DESKbook/%E6%88%91%E7%9A%84%E9%A1%B9%E7%9B%AE/BlackRain/apps/desktop/node_modules/@vitest/runner/dist/chunk-hooks.js:1574:12)\n    at processTicksAndRejections (node:internal/process/task_queues:104:5)"],"meta":{}},{"ancestorTitles":["tauri invoke wrappers"],"fullName":"tauri invoke wrappers maps entries for set_tray_recent_threads","status":"failed","title":"maps entries for set_tray_recent_threads","duration":0.8383999999996377,"failureMessages":["Error: Electron capability unavailable\n    at callLegacyCapability (W:\\DESKbook\\我的项目\\BlackRain\\apps\\desktop\\src\\services\\desktop.ts:57:25)\n    at Module.setTrayRecentThreads (W:\\DESKbook\\我的项目\\BlackRain\\apps\\desktop\\src\\services\\desktop.ts:1843:10)\n    at W:\\DESKbook\\我的项目\\BlackRain\\apps\\desktop\\src\\services\\tauri.test.ts:371:11\n    at file:///W:/DESKbook/%E6%88%91%E7%9A%84%E9%A1%B9%E7%9B%AE/BlackRain/apps/desktop/node_modules/@vitest/runner/dist/chunk-hooks.js:155:11\n    at file:///W:/DESKbook/%E6%88%91%E7%9A%84%E9%A1%B9%E7%9B%AE/BlackRain/apps/desktop/node_modules/@vitest/runner/dist/chunk-hooks.js:752:26\n    at file:///W:/DESKbook/%E6%88%91%E7%9A%84%E9%A1%B9%E7%9B%AE/BlackRain/apps/desktop/node_modules/@vitest/runner/dist/chunk-hooks.js:1897:20\n    at new Promise (<anonymous>)\n    at runWithTimeout (file:///W:/DESKbook/%E6%88%91%E7%9A%84%E9%A1%B9%E7%9B%AE/BlackRain/apps/desktop/node_modules/@vitest/runner/dist/chunk-hooks.js:1863:10)\n    at runTest (file:///W:/DESKbook/%E6%88%91%E7%9A%84%E9%A1%B9%E7%9B%AE/BlackRain/apps/desktop/node_modules/@vitest/runner/dist/chunk-hooks.js:1574:12)\n    at processTicksAndRejections (node:internal/process/task_queues:104:5)"],"meta":{}},{"ancestorTitles":["tauri invoke wrappers"],"fullName":"tauri invoke wrappers maps usage for set_tray_session_usage","status":"failed","title":"maps usage for set_tray_session_usage","duration":0.8910000000000764,"failureMessages":["Error: Electron capability unavailable\n    at callLegacyCapability (W:\\DESKbook\\我的项目\\BlackRain\\apps\\desktop\\src\\services\\desktop.ts:57:25)\n    at Module.setTraySessionUsage (W:\\DESKbook\\我的项目\\BlackRain\\apps\\desktop\\src\\services\\desktop.ts:1848:10)\n    at W:\\DESKbook\\我的项目\\BlackRain\\apps\\desktop\\src\\services\\tauri.test.ts:385:11\n    at file:///W:/DESKbook/%E6%88%91%E7%9A%84%E9%A1%B9%E7%9B%AE/BlackRain/apps/desktop/node_modules/@vitest/runner/dist/chunk-hooks.js:155:11\n    at file:///W:/DESKbook/%E6%88%91%E7%9A%84%E9%A1%B9%E7%9B%AE/BlackRain/apps/desktop/node_modules/@vitest/runner/dist/chunk-hooks.js:752:26\n    at file:///W:/DESKbook/%E6%88%91%E7%9A%84%E9%A1%B9%E7%9B%AE/BlackRain/apps/desktop/node_modules/@vitest/runner/dist/chunk-hooks.js:1897:20\n    at new Promise (<anonymous>)\n    at runWithTimeout (file:///W:/DESKbook/%E6%88%91%E7%9A%84%E9%A1%B9%E7%9B%AE/BlackRain/apps/desktop/node_modules/@vitest/runner/dist/chunk-hooks.js:1863:10)\n    at runTest (file:///W:/DESKbook/%E6%88%91%E7%9A%84%E9%A1%B9%E7%9B%AE/BlackRain/apps/desktop/node_modules/@vitest/runner/dist/chunk-hooks.js:1574:12)\n    at processTicksAndRejections (node:internal/process/task_queues:104:5)"],"meta":{}},{"ancestorTitles":["tauri invoke wrappers"],"fullName":"tauri invoke wrappers maps workspaceId/cursor/limit/threadId for apps_list","status":"failed","title":"maps workspaceId/cursor/limit/threadId for apps_list","duration":1.3798000000001593,"failureMessages":["Error: Electron capability unavailable\n    at callLegacyCapability (W:\\DESKbook\\我的项目\\BlackRain\\apps\\desktop\\src\\services\\desktop.ts:57:25)\n    at Module.getAppsList (W:\\DESKbook\\我的项目\\BlackRain\\apps\\desktop\\src\\services\\desktop.ts:902:10)\n    at W:\\DESKbook\\我的项目\\BlackRain\\apps\\desktop\\src\\services\\tauri.test.ts:396:11\n    at file:///W:/DESKbook/%E6%88%91%E7%9A%84%E9%A1%B9%E7%9B%AE/BlackRain/apps/desktop/node_modules/@vitest/runner/dist/chunk-hooks.js:155:11\n    at file:///W:/DESKbook/%E6%88%91%E7%9A%84%E9%A1%B9%E7%9B%AE/BlackRain/apps/desktop/node_modules/@vitest/runner/dist/chunk-hooks.js:752:26\n    at file:///W:/DESKbook/%E6%88%91%E7%9A%84%E9%A1%B9%E7%9B%AE/BlackRain/apps/desktop/node_modules/@vitest/runner/dist/chunk-hooks.js:1897:20\n    at new Promise (<anonymous>)\n    at runWithTimeout (file:///W:/DESKbook/%E6%88%91%E7%9A%84%E9%A1%B9%E7%9B%AE/BlackRain/apps/desktop/node_modules/@vitest/runner/dist/chunk-hooks.js:1863:10)\n    at runTest (file:///W:/DESKbook/%E6%88%91%E7%9A%84%E9%A1%B9%E7%9B%AE/BlackRain/apps/desktop/node_modules/@vitest/runner/dist/chunk-hooks.js:1574:12)\n    at processTicksAndRejections (node:internal/process/task_queues:104:5)"],"meta":{}},{"ancestorTitles":["tauri invoke wrappers"],"fullName":"tauri invoke wrappers maps workspaceId/cursor/limit for experimental_feature_list","status":"failed","title":"maps workspaceId/cursor/limit for experimental_feature_list","duration":0.7517000000002554,"failureMessages":["Error: Electron capability unavailable\n    at callLegacyCapability (W:\\DESKbook\\我的项目\\BlackRain\\apps\\desktop\\src\\services\\desktop.ts:57:25)\n    at Module.getExperimentalFeatureList (W:\\DESKbook\\我的项目\\BlackRain\\apps\\desktop\\src\\services\\desktop.ts:834:10)\n    at W:\\DESKbook\\我的项目\\BlackRain\\apps\\desktop\\src\\services\\tauri.test.ts:410:11\n    at file:///W:/DESKbook/%E6%88%91%E7%9A%84%E9%A1%B9%E7%9B%AE/BlackRain/apps/desktop/node_modules/@vitest/runner/dist/chunk-hooks.js:155:11\n    at file:///W:/DESKbook/%E6%88%91%E7%9A%84%E9%A1%B9%E7%9B%AE/BlackRain/apps/desktop/node_modules/@vitest/runner/dist/chunk-hooks.js:752:26\n    at file:///W:/DESKbook/%E6%88%91%E7%9A%84%E9%A1%B9%E7%9B%AE/BlackRain/apps/desktop/node_modules/@vitest/runner/dist/chunk-hooks.js:1897:20\n    at new Promise (<anonymous>)\n    at runWithTimeout (file:///W:/DESKbook/%E6%88%91%E7%9A%84%E9%A1%B9%E7%9B%AE/BlackRain/apps/desktop/node_modules/@vitest/runner/dist/chunk-hooks.js:1863:10)\n    at runTest (file:///W:/DESKbook/%E6%88%91%E7%9A%84%E9%A1%B9%E7%9B%AE/BlackRain/apps/desktop/node_modules/@vitest/runner/dist/chunk-hooks.js:1574:12)\n    at processTicksAndRejections (node:internal/process/task_queues:104:5)"],"meta":{}},{"ancestorTitles":["tauri invoke wrappers"],"fullName":"tauri invoke wrappers maps feature key and enabled for set_codex_feature_flag","status":"failed","title":"maps feature key and enabled for set_codex_feature_flag","duration":0.6671000000001186,"failureMessages":["Error: Electron capability unavailable\n    at callLegacyCapability (W:\\DESKbook\\我的项目\\BlackRain\\apps\\desktop\\src\\services\\desktop.ts:57:25)\n    at Module.setCodexFeatureFlag (W:\\DESKbook\\我的项目\\BlackRain\\apps\\desktop\\src\\services\\desktop.ts:841:10)\n    at W:\\DESKbook\\我的项目\\BlackRain\\apps\\desktop\\src\\services\\tauri.test.ts:423:11\n    at file:///W:/DESKbook/%E6%88%91%E7%9A%84%E9%A1%B9%E7%9B%AE/BlackRain/apps/desktop/node_modules/@vitest/runner/dist/chunk-hooks.js:155:11\n    at file:///W:/DESKbook/%E6%88%91%E7%9A%84%E9%A1%B9%E7%9B%AE/BlackRain/apps/desktop/node_modules/@vitest/runner/dist/chunk-hooks.js:752:26\n    at file:///W:/DESKbook/%E6%88%91%E7%9A%84%E9%A1%B9%E7%9B%AE/BlackRain/apps/desktop/node_modules/@vitest/runner/dist/chunk-hooks.js:1897:20\n    at new Promise (<anonymous>)\n    at runWithTimeout (file:///W:/DESKbook/%E6%88%91%E7%9A%84%E9%A1%B9%E7%9B%AE/BlackRain/apps/desktop/node_modules/@vitest/runner/dist/chunk-hooks.js:1863:10)\n    at runTest (file:///W:/DESKbook/%E6%88%91%E7%9A%84%E9%A1%B9%E7%9B%AE/BlackRain/apps/desktop/node_modules/@vitest/runner/dist/chunk-hooks.js:1574:12)\n    at processTicksAndRejections (node:internal/process/task_queues:104:5)"],"meta":{}},{"ancestorTitles":["tauri invoke wrappers"],"fullName":"tauri invoke wrappers invokes stage_git_all","status":"failed","title":"invokes stage_git_all","duration":0.7221000000004096,"failureMessages":["Error: Electron capability unavailable\n    at callLegacyCapability (W:\\DESKbook\\我的项目\\BlackRain\\apps\\desktop\\src\\services\\desktop.ts:57:25)\n    at Module.stageGitAll (W:\\DESKbook\\我的项目\\BlackRain\\apps\\desktop\\src\\services\\desktop.ts:706:10)\n    at W:\\DESKbook\\我的项目\\BlackRain\\apps\\desktop\\src\\services\\tauri.test.ts:435:11\n    at file:///W:/DESKbook/%E6%88%91%E7%9A%84%E9%A1%B9%E7%9B%AE/BlackRain/apps/desktop/node_modules/@vitest/runner/dist/chunk-hooks.js:155:11\n    at file:///W:/DESKbook/%E6%88%91%E7%9A%84%E9%A1%B9%E7%9B%AE/BlackRain/apps/desktop/node_modules/@vitest/runner/dist/chunk-hooks.js:752:26\n    at file:///W:/DESKbook/%E6%88%91%E7%9A%84%E9%A1%B9%E7%9B%AE/BlackRain/apps/desktop/node_modules/@vitest/runner/dist/chunk-hooks.js:1897:20\n    at new Promise (<anonymous>)\n    at runWithTimeout (file:///W:/DESKbook/%E6%88%91%E7%9A%84%E9%A1%B9%E7%9B%AE/BlackRain/apps/desktop/node_modules/@vitest/runner/dist/chunk-hooks.js:1863:10)\n    at runTest (file:///W:/DESKbook/%E6%88%91%E7%9A%84%E9%A1%B9%E7%9B%AE/BlackRain/apps/desktop/node_modules/@vitest/runner/dist/chunk-hooks.js:1574:12)\n    at processTicksAndRejections (node:internal/process/task_queues:104:5)"],"meta":{}},{"ancestorTitles":["tauri invoke wrappers"],"fullName":"tauri invoke wrappers invokes fetch_git","status":"failed","title":"invokes fetch_git","duration":0.602100000000064,"failureMessages":["Error: Electron capability unavailable\n    at callLegacyCapability (W:\\DESKbook\\我的项目\\BlackRain\\apps\\desktop\\src\\services\\desktop.ts:57:25)\n    at Module.fetchGit (W:\\DESKbook\\我的项目\\BlackRain\\apps\\desktop\\src\\services\\desktop.ts:751:10)\n    at W:\\DESKbook\\我的项目\\BlackRain\\apps\\desktop\\src\\services\\tauri.test.ts:446:11\n    at file:///W:/DESKbook/%E6%88%91%E7%9A%84%E9%A1%B9%E7%9B%AE/BlackRain/apps/desktop/node_modules/@vitest/runner/dist/chunk-hooks.js:155:11\n    at file:///W:/DESKbook/%E6%88%91%E7%9A%84%E9%A1%B9%E7%9B%AE/BlackRain/apps/desktop/node_modules/@vitest/runner/dist/chunk-hooks.js:752:26\n    at file:///W:/DESKbook/%E6%88%91%E7%9A%84%E9%A1%B9%E7%9B%AE/BlackRain/apps/desktop/node_modules/@vitest/runner/dist/chunk-hooks.js:1897:20\n    at new Promise (<anonymous>)\n    at runWithTimeout (file:///W:/DESKbook/%E6%88%91%E7%9A%84%E9%A1%B9%E7%9B%AE/BlackRain/apps/desktop/node_modules/@vitest/runner/dist/chunk-hooks.js:1863:10)\n    at runTest (file:///W:/DESKbook/%E6%88%91%E7%9A%84%E9%A1%B9%E7%9B%AE/BlackRain/apps/desktop/node_modules/@vitest/runner/dist/chunk-hooks.js:1574:12)\n    at processTicksAndRejections (node:internal/process/task_queues:104:5)"],"meta":{}},{"ancestorTitles":["tauri invoke wrappers"],"fullName":"tauri invoke wrappers maps openWorkspaceIn options","status":"failed","title":"maps openWorkspaceIn options","duration":0.6231000000002496,"failureMessages":["Error: Electron capability unavailable\n    at callLegacyCapability (W:\\DESKbook\\我的项目\\BlackRain\\apps\\desktop\\src\\services\\desktop.ts:57:25)\n    at Module.openWorkspaceIn (W:\\DESKbook\\我的项目\\BlackRain\\apps\\desktop\\src\\services\\desktop.ts:374:10)\n    at W:\\DESKbook\\我的项目\\BlackRain\\apps\\desktop\\src\\services\\tauri.test.ts:457:11\n    at file:///W:/DESKbook/%E6%88%91%E7%9A%84%E9%A1%B9%E7%9B%AE/BlackRain/apps/desktop/node_modules/@vitest/runner/dist/chunk-hooks.js:155:11\n    at file:///W:/DESKbook/%E6%88%91%E7%9A%84%E9%A1%B9%E7%9B%AE/BlackRain/apps/desktop/node_modules/@vitest/runner/dist/chunk-hooks.js:752:26\n    at file:///W:/DESKbook/%E6%88%91%E7%9A%84%E9%A1%B9%E7%9B%AE/BlackRain/apps/desktop/node_modules/@vitest/runner/dist/chunk-hooks.js:1897:20\n    at new Promise (<anonymous>)\n    at runWithTimeout (file:///W:/DESKbook/%E6%88%91%E7%9A%84%E9%A1%B9%E7%9B%AE/BlackRain/apps/desktop/node_modules/@vitest/runner/dist/chunk-hooks.js:1863:10)\n    at runTest (file:///W:/DESKbook/%E6%88%91%E7%9A%84%E9%A1%B9%E7%9B%AE/BlackRain/apps/desktop/node_modules/@vitest/runner/dist/chunk-hooks.js:1574:12)\n    at processTicksAndRejections (node:internal/process/task_queues:104:5)"],"meta":{}},{"ancestorTitles":["tauri invoke wrappers"],"fullName":"tauri invoke wrappers passes line-aware openWorkspaceIn options","status":"failed","title":"passes line-aware openWorkspaceIn options","duration":0.6655000000000655,"failureMessages":["Error: Electron capability unavailable\n    at callLegacyCapability (W:\\DESKbook\\我的项目\\BlackRain\\apps\\desktop\\src\\services\\desktop.ts:57:25)\n    at Module.openWorkspaceIn (W:\\DESKbook\\我的项目\\BlackRain\\apps\\desktop\\src\\services\\desktop.ts:374:10)\n    at W:\\DESKbook\\我的项目\\BlackRain\\apps\\desktop\\src\\services\\tauri.test.ts:476:11\n    at file:///W:/DESKbook/%E6%88%91%E7%9A%84%E9%A1%B9%E7%9B%AE/BlackRain/apps/desktop/node_modules/@vitest/runner/dist/chunk-hooks.js:155:11\n    at file:///W:/DESKbook/%E6%88%91%E7%9A%84%E9%A1%B9%E7%9B%AE/BlackRain/apps/desktop/node_modules/@vitest/runner/dist/chunk-hooks.js:752:26\n    at file:///W:/DESKbook/%E6%88%91%E7%9A%84%E9%A1%B9%E7%9B%AE/BlackRain/apps/desktop/node_modules/@vitest/runner/dist/chunk-hooks.js:1897:20\n    at new Promise (<anonymous>)\n    at runWithTimeout (file:///W:/DESKbook/%E6%88%91%E7%9A%84%E9%A1%B9%E7%9B%AE/BlackRain/apps/desktop/node_modules/@vitest/runner/dist/chunk-hooks.js:1863:10)\n    at runTest (file:///W:/DESKbook/%E6%88%91%E7%9A%84%E9%A1%B9%E7%9B%AE/BlackRain/apps/desktop/node_modules/@vitest/runner/dist/chunk-hooks.js:1574:12)\n    at processTicksAndRejections (node:internal/process/task_queues:104:5)"],"meta":{}},{"ancestorTitles":["tauri invoke wrappers"],"fullName":"tauri invoke wrappers invokes get_open_app_icon","status":"failed","title":"invokes get_open_app_icon","duration":0.5807999999997264,"failureMessages":["Error: Electron capability unavailable\n    at callLegacyCapability (W:\\DESKbook\\我的项目\\BlackRain\\apps\\desktop\\src\\services\\desktop.ts:57:25)\n    at Module.getOpenAppIcon (W:\\DESKbook\\我的项目\\BlackRain\\apps\\desktop\\src\\services\\desktop.ts:389:10)\n    at W:\\DESKbook\\我的项目\\BlackRain\\apps\\desktop\\src\\services\\tauri.test.ts:497:11\n    at file:///W:/DESKbook/%E6%88%91%E7%9A%84%E9%A1%B9%E7%9B%AE/BlackRain/apps/desktop/node_modules/@vitest/runner/dist/chunk-hooks.js:155:11\n    at file:///W:/DESKbook/%E6%88%91%E7%9A%84%E9%A1%B9%E7%9B%AE/BlackRain/apps/desktop/node_modules/@vitest/runner/dist/chunk-hooks.js:752:26\n    at file:///W:/DESKbook/%E6%88%91%E7%9A%84%E9%A1%B9%E7%9B%AE/BlackRain/apps/desktop/node_modules/@vitest/runner/dist/chunk-hooks.js:1897:20\n    at new Promise (<anonymous>)\n    at runWithTimeout (file:///W:/DESKbook/%E6%88%91%E7%9A%84%E9%A1%B9%E7%9B%AE/BlackRain/apps/desktop/node_modules/@vitest/runner/dist/chunk-hooks.js:1863:10)\n    at runTest (file:///W:/DESKbook/%E6%88%91%E7%9A%84%E9%A1%B9%E7%9B%AE/BlackRain/apps/desktop/node_modules/@vitest/runner/dist/chunk-hooks.js:1574:12)\n    at processTicksAndRejections (node:internal/process/task_queues:104:5)"],"meta":{}},{"ancestorTitles":["tauri invoke wrappers"],"fullName":"tauri invoke wrappers invokes tailscale wrappers","status":"failed","title":"invokes tailscale wrappers","duration":1.622400000000198,"failureMessages":["Error: Electron capability unavailable\n    at callLegacyCapability (W:\\DESKbook\\我的项目\\BlackRain\\apps\\desktop\\src\\services\\desktop.ts:57:25)\n    at Module.tailscaleStatus (W:\\DESKbook\\我的项目\\BlackRain\\apps\\desktop\\src\\services\\desktop.ts:1076:10)\n    at W:\\DESKbook\\我的项目\\BlackRain\\apps\\desktop\\src\\services\\tauri.test.ts:508:11\n    at file:///W:/DESKbook/%E6%88%91%E7%9A%84%E9%A1%B9%E7%9B%AE/BlackRain/apps/desktop/node_modules/@vitest/runner/dist/chunk-hooks.js:155:11\n    at file:///W:/DESKbook/%E6%88%91%E7%9A%84%E9%A1%B9%E7%9B%AE/BlackRain/apps/desktop/node_modules/@vitest/runner/dist/chunk-hooks.js:752:26\n    at file:///W:/DESKbook/%E6%88%91%E7%9A%84%E9%A1%B9%E7%9B%AE/BlackRain/apps/desktop/node_modules/@vitest/runner/dist/chunk-hooks.js:1897:20\n    at new Promise (<anonymous>)\n    at runWithTimeout (file:///W:/DESKbook/%E6%88%91%E7%9A%84%E9%A1%B9%E7%9B%AE/BlackRain/apps/desktop/node_modules/@vitest/runner/dist/chunk-hooks.js:1863:10)\n    at runTest (file:///W:/DESKbook/%E6%88%91%E7%9A%84%E9%A1%B9%E7%9B%AE/BlackRain/apps/desktop/node_modules/@vitest/runner/dist/chunk-hooks.js:1574:12)\n    at processTicksAndRejections (node:internal/process/task_queues:104:5)"],"meta":{}},{"ancestorTitles":["tauri invoke wrappers"],"fullName":"tauri invoke wrappers invokes model gateway wrappers","status":"failed","title":"invokes model gateway wrappers","duration":0.9852000000000771,"failureMessages":["Error: Electron capability unavailable\n    at callLegacyCapability (W:\\DESKbook\\我的项目\\BlackRain\\apps\\desktop\\src\\services\\desktop.ts:57:25)\n    at Module.modelGatewayProviderSecretStatus (W:\\DESKbook\\我的项目\\BlackRain\\apps\\desktop\\src\\services\\desktop.ts:1023:10)\n    at W:\\DESKbook\\我的项目\\BlackRain\\apps\\desktop\\src\\services\\tauri.test.ts:525:11\n    at file:///W:/DESKbook/%E6%88%91%E7%9A%84%E9%A1%B9%E7%9B%AE/BlackRain/apps/desktop/node_modules/@vitest/runner/dist/chunk-hooks.js:155:11\n    at file:///W:/DESKbook/%E6%88%91%E7%9A%84%E9%A1%B9%E7%9B%AE/BlackRain/apps/desktop/node_modules/@vitest/runner/dist/chunk-hooks.js:752:26\n    at file:///W:/DESKbook/%E6%88%91%E7%9A%84%E9%A1%B9%E7%9B%AE/BlackRain/apps/desktop/node_modules/@vitest/runner/dist/chunk-hooks.js:1897:20\n    at new Promise (<anonymous>)\n    at runWithTimeout (file:///W:/DESKbook/%E6%88%91%E7%9A%84%E9%A1%B9%E7%9B%AE/BlackRain/apps/desktop/node_modules/@vitest/runner/dist/chunk-hooks.js:1863:10)\n    at runTest (file:///W:/DESKbook/%E6%88%91%E7%9A%84%E9%A1%B9%E7%9B%AE/BlackRain/apps/desktop/node_modules/@vitest/runner/dist/chunk-hooks.js:1574:12)\n    at processTicksAndRejections (node:internal/process/task_queues:104:5)"],"meta":{}},{"ancestorTitles":["tauri invoke wrappers"],"fullName":"tauri invoke wrappers invokes workbench package wrappers with only structured arguments","status":"failed","title":"invokes workbench package wrappers with only structured arguments","duration":2.6060999999999694,"failureMessages":["Error: Electron capability unavailable\n    at callLegacyCapability (W:\\DESKbook\\我的项目\\BlackRain\\apps\\desktop\\src\\services\\desktop.ts:57:25)\n    at Module.workbenchActivationList (W:\\DESKbook\\我的项目\\BlackRain\\apps\\desktop\\src\\services\\desktop.ts:1913:10)\n    at W:\\DESKbook\\我的项目\\BlackRain\\apps\\desktop\\src\\services\\tauri.test.ts:553:11\n    at file:///W:/DESKbook/%E6%88%91%E7%9A%84%E9%A1%B9%E7%9B%AE/BlackRain/apps/desktop/node_modules/@vitest/runner/dist/chunk-hooks.js:155:11\n    at file:///W:/DESKbook/%E6%88%91%E7%9A%84%E9%A1%B9%E7%9B%AE/BlackRain/apps/desktop/node_modules/@vitest/runner/dist/chunk-hooks.js:752:26\n    at file:///W:/DESKbook/%E6%88%91%E7%9A%84%E9%A1%B9%E7%9B%AE/BlackRain/apps/desktop/node_modules/@vitest/runner/dist/chunk-hooks.js:1897:20\n    at new Promise (<anonymous>)\n    at runWithTimeout (file:///W:/DESKbook/%E6%88%91%E7%9A%84%E9%A1%B9%E7%9B%AE/BlackRain/apps/desktop/node_modules/@vitest/runner/dist/chunk-hooks.js:1863:10)\n    at runTest (file:///W:/DESKbook/%E6%88%91%E7%9A%84%E9%A1%B9%E7%9B%AE/BlackRain/apps/desktop/node_modules/@vitest/runner/dist/chunk-hooks.js:1574:12)\n    at processTicksAndRejections (node:internal/process/task_queues:104:5)"],"meta":{}},{"ancestorTitles":["tauri invoke wrappers"],"fullName":"tauri invoke wrappers reads agent.md for a workspace","status":"failed","title":"reads agent.md for a workspace","duration":2.5659999999998035,"failureMessages":["Error: Electron capability unavailable\n    at callLegacyCapability (W:\\DESKbook\\我的项目\\BlackRain\\apps\\desktop\\src\\services\\desktop.ts:57:25)\n    at fileRead (W:\\DESKbook\\我的项目\\BlackRain\\apps\\desktop\\src\\services\\desktop.ts:174:10)\n    at Module.readAgentMd (W:\\DESKbook\\我的项目\\BlackRain\\apps\\desktop\\src\\services\\desktop.ts:1231:10)\n    at W:\\DESKbook\\我的项目\\BlackRain\\apps\\desktop\\src\\services\\tauri.test.ts:584:11\n    at file:///W:/DESKbook/%E6%88%91%E7%9A%84%E9%A1%B9%E7%9B%AE/BlackRain/apps/desktop/node_modules/@vitest/runner/dist/chunk-hooks.js:155:11\n    at file:///W:/DESKbook/%E6%88%91%E7%9A%84%E9%A1%B9%E7%9B%AE/BlackRain/apps/desktop/node_modules/@vitest/runner/dist/chunk-hooks.js:752:26\n    at file:///W:/DESKbook/%E6%88%91%E7%9A%84%E9%A1%B9%E7%9B%AE/BlackRain/apps/desktop/node_modules/@vitest/runner/dist/chunk-hooks.js:1897:20\n    at new Promise (<anonymous>)\n    at runWithTimeout (file:///W:/DESKbook/%E6%88%91%E7%9A%84%E9%A1%B9%E7%9B%AE/BlackRain/apps/desktop/node_modules/@vitest/runner/dist/chunk-hooks.js:1863:10)\n    at runTest (file:///W:/DESKbook/%E6%88%91%E7%9A%84%E9%A1%B9%E7%9B%AE/BlackRain/apps/desktop/node_modules/@vitest/runner/dist/chunk-hooks.js:1574:12)"],"meta":{}},{"ancestorTitles":["tauri invoke wrappers"],"fullName":"tauri invoke wrappers writes agent.md for a workspace","status":"failed","title":"writes agent.md for a workspace","duration":1.0044000000002598,"failureMessages":["Error: Electron capability unavailable\n    at callLegacyCapability (W:\\DESKbook\\我的项目\\BlackRain\\apps\\desktop\\src\\services\\desktop.ts:57:25)\n    at fileWrite (W:\\DESKbook\\我的项目\\BlackRain\\apps\\desktop\\src\\services\\desktop.ts:188:10)\n    at Module.writeAgentMd (W:\\DESKbook\\我的项目\\BlackRain\\apps\\desktop\\src\\services\\desktop.ts:1235:10)\n    at W:\\DESKbook\\我的项目\\BlackRain\\apps\\desktop\\src\\services\\tauri.test.ts:597:11\n    at file:///W:/DESKbook/%E6%88%91%E7%9A%84%E9%A1%B9%E7%9B%AE/BlackRain/apps/desktop/node_modules/@vitest/runner/dist/chunk-hooks.js:155:11\n    at file:///W:/DESKbook/%E6%88%91%E7%9A%84%E9%A1%B9%E7%9B%AE/BlackRain/apps/desktop/node_modules/@vitest/runner/dist/chunk-hooks.js:752:26\n    at file:///W:/DESKbook/%E6%88%91%E7%9A%84%E9%A1%B9%E7%9B%AE/BlackRain/apps/desktop/node_modules/@vitest/runner/dist/chunk-hooks.js:1897:20\n    at new Promise (<anonymous>)\n    at runWithTimeout (file:///W:/DESKbook/%E6%88%91%E7%9A%84%E9%A1%B9%E7%9B%AE/BlackRain/apps/desktop/node_modules/@vitest/runner/dist/chunk-hooks.js:1863:10)\n    at runTest (file:///W:/DESKbook/%E6%88%91%E7%9A%84%E9%A1%B9%E7%9B%AE/BlackRain/apps/desktop/node_modules/@vitest/runner/dist/chunk-hooks.js:1574:12)"],"meta":{}},{"ancestorTitles":["tauri invoke wrappers"],"fullName":"tauri invoke wrappers reads global AGENTS.md","status":"failed","title":"reads global AGENTS.md","duration":0.7947000000003754,"failureMessages":["Error: Electron capability unavailable\n    at callLegacyCapability (W:\\DESKbook\\我的项目\\BlackRain\\apps\\desktop\\src\\services\\desktop.ts:57:25)\n    at fileRead (W:\\DESKbook\\我的项目\\BlackRain\\apps\\desktop\\src\\services\\desktop.ts:174:10)\n    at Module.readGlobalAgentsMd (W:\\DESKbook\\我的项目\\BlackRain\\apps\\desktop\\src\\services\\desktop.ts:198:10)\n    at W:\\DESKbook\\我的项目\\BlackRain\\apps\\desktop\\src\\services\\tauri.test.ts:611:11\n    at file:///W:/DESKbook/%E6%88%91%E7%9A%84%E9%A1%B9%E7%9B%AE/BlackRain/apps/desktop/node_modules/@vitest/runner/dist/chunk-hooks.js:155:11\n    at file:///W:/DESKbook/%E6%88%91%E7%9A%84%E9%A1%B9%E7%9B%AE/BlackRain/apps/desktop/node_modules/@vitest/runner/dist/chunk-hooks.js:752:26\n    at file:///W:/DESKbook/%E6%88%91%E7%9A%84%E9%A1%B9%E7%9B%AE/BlackRain/apps/desktop/node_modules/@vitest/runner/dist/chunk-hooks.js:1897:20\n    at new Promise (<anonymous>)\n    at runWithTimeout (file:///W:/DESKbook/%E6%88%91%E7%9A%84%E9%A1%B9%E7%9B%AE/BlackRain/apps/desktop/node_modules/@vitest/runner/dist/chunk-hooks.js:1863:10)\n    at runTest (file:///W:/DESKbook/%E6%88%91%E7%9A%84%E9%A1%B9%E7%9B%AE/BlackRain/apps/desktop/node_modules/@vitest/runner/dist/chunk-hooks.js:1574:12)"],"meta":{}},{"ancestorTitles":["tauri invoke wrappers"],"fullName":"tauri invoke wrappers writes global AGENTS.md","status":"failed","title":"writes global AGENTS.md","duration":0.7209000000002561,"failureMessages":["Error: Electron capability unavailable\n    at callLegacyCapability (W:\\DESKbook\\我的项目\\BlackRain\\apps\\desktop\\src\\services\\desktop.ts:57:25)\n    at fileWrite (W:\\DESKbook\\我的项目\\BlackRain\\apps\\desktop\\src\\services\\desktop.ts:188:10)\n    at Module.writeGlobalAgentsMd (W:\\DESKbook\\我的项目\\BlackRain\\apps\\desktop\\src\\services\\desktop.ts:202:10)\n    at W:\\DESKbook\\我的项目\\BlackRain\\apps\\desktop\\src\\services\\tauri.test.ts:624:11\n    at file:///W:/DESKbook/%E6%88%91%E7%9A%84%E9%A1%B9%E7%9B%AE/BlackRain/apps/desktop/node_modules/@vitest/runner/dist/chunk-hooks.js:155:11\n    at file:///W:/DESKbook/%E6%88%91%E7%9A%84%E9%A1%B9%E7%9B%AE/BlackRain/apps/desktop/node_modules/@vitest/runner/dist/chunk-hooks.js:752:26\n    at file:///W:/DESKbook/%E6%88%91%E7%9A%84%E9%A1%B9%E7%9B%AE/BlackRain/apps/desktop/node_modules/@vitest/runner/dist/chunk-hooks.js:1897:20\n    at new Promise (<anonymous>)\n    at runWithTimeout (file:///W:/DESKbook/%E6%88%91%E7%9A%84%E9%A1%B9%E7%9B%AE/BlackRain/apps/desktop/node_modules/@vitest/runner/dist/chunk-hooks.js:1863:10)\n    at runTest (file:///W:/DESKbook/%E6%88%91%E7%9A%84%E9%A1%B9%E7%9B%AE/BlackRain/apps/desktop/node_modules/@vitest/runner/dist/chunk-hooks.js:1574:12)"],"meta":{}},{"ancestorTitles":["tauri invoke wrappers"],"fullName":"tauri invoke wrappers reads global config.toml","status":"failed","title":"reads global config.toml","duration":1.2804000000000997,"failureMessages":["Error: Electron capability unavailable\n    at callLegacyCapability (W:\\DESKbook\\我的项目\\BlackRain\\apps\\desktop\\src\\services\\desktop.ts:57:25)\n    at fileRead (W:\\DESKbook\\我的项目\\BlackRain\\apps\\desktop\\src\\services\\desktop.ts:174:10)\n    at Module.readGlobalCodexConfigToml (W:\\DESKbook\\我的项目\\BlackRain\\apps\\desktop\\src\\services\\desktop.ts:206:10)\n    at W:\\DESKbook\\我的项目\\BlackRain\\apps\\desktop\\src\\services\\tauri.test.ts:638:11\n    at file:///W:/DESKbook/%E6%88%91%E7%9A%84%E9%A1%B9%E7%9B%AE/BlackRain/apps/desktop/node_modules/@vitest/runner/dist/chunk-hooks.js:155:11\n    at file:///W:/DESKbook/%E6%88%91%E7%9A%84%E9%A1%B9%E7%9B%AE/BlackRain/apps/desktop/node_modules/@vitest/runner/dist/chunk-hooks.js:752:26\n    at file:///W:/DESKbook/%E6%88%91%E7%9A%84%E9%A1%B9%E7%9B%AE/BlackRain/apps/desktop/node_modules/@vitest/runner/dist/chunk-hooks.js:1897:20\n    at new Promise (<anonymous>)\n    at runWithTimeout (file:///W:/DESKbook/%E6%88%91%E7%9A%84%E9%A1%B9%E7%9B%AE/BlackRain/apps/desktop/node_modules/@vitest/runner/dist/chunk-hooks.js:1863:10)\n    at runTest (file:///W:/DESKbook/%E6%88%91%E7%9A%84%E9%A1%B9%E7%9B%AE/BlackRain/apps/desktop/node_modules/@vitest/runner/dist/chunk-hooks.js:1574:12)"],"meta":{}},{"ancestorTitles":["tauri invoke wrappers"],"fullName":"tauri invoke wrappers writes global config.toml","status":"failed","title":"writes global config.toml","duration":0.7658999999998741,"failureMessages":["Error: Electron capability unavailable\n    at callLegacyCapability (W:\\DESKbook\\我的项目\\BlackRain\\apps\\desktop\\src\\services\\desktop.ts:57:25)\n    at fileWrite (W:\\DESKbook\\我的项目\\BlackRain\\apps\\desktop\\src\\services\\desktop.ts:188:10)\n    at Module.writeGlobalCodexConfigToml (W:\\DESKbook\\我的项目\\BlackRain\\apps\\desktop\\src\\services\\desktop.ts:210:10)\n    at W:\\DESKbook\\我的项目\\BlackRain\\apps\\desktop\\src\\services\\tauri.test.ts:651:11\n    at file:///W:/DESKbook/%E6%88%91%E7%9A%84%E9%A1%B9%E7%9B%AE/BlackRain/apps/desktop/node_modules/@vitest/runner/dist/chunk-hooks.js:155:11\n    at file:///W:/DESKbook/%E6%88%91%E7%9A%84%E9%A1%B9%E7%9B%AE/BlackRain/apps/desktop/node_modules/@vitest/runner/dist/chunk-hooks.js:752:26\n    at file:///W:/DESKbook/%E6%88%91%E7%9A%84%E9%A1%B9%E7%9B%AE/BlackRain/apps/desktop/node_modules/@vitest/runner/dist/chunk-hooks.js:1897:20\n    at new Promise (<anonymous>)\n    at runWithTimeout (file:///W:/DESKbook/%E6%88%91%E7%9A%84%E9%A1%B9%E7%9B%AE/BlackRain/apps/desktop/node_modules/@vitest/runner/dist/chunk-hooks.js:1863:10)\n    at runTest (file:///W:/DESKbook/%E6%88%91%E7%9A%84%E9%A1%B9%E7%9B%AE/BlackRain/apps/desktop/node_modules/@vitest/runner/dist/chunk-hooks.js:1574:12)"],"meta":{}},{"ancestorTitles":["tauri invoke wrappers"],"fullName":"tauri invoke wrappers reads agents settings","status":"failed","title":"reads agents settings","duration":1.8738000000003012,"failureMessages":["Error: Electron capability unavailable\n    at callLegacyCapability (W:\\DESKbook\\我的项目\\BlackRain\\apps\\desktop\\src\\services\\desktop.ts:57:25)\n    at Module.getAgentsSettings (W:\\DESKbook\\我的项目\\BlackRain\\apps\\desktop\\src\\services\\desktop.ts:214:10)\n    at W:\\DESKbook\\我的项目\\BlackRain\\apps\\desktop\\src\\services\\tauri.test.ts:671:11\n    at file:///W:/DESKbook/%E6%88%91%E7%9A%84%E9%A1%B9%E7%9B%AE/BlackRain/apps/desktop/node_modules/@vitest/runner/dist/chunk-hooks.js:155:11\n    at file:///W:/DESKbook/%E6%88%91%E7%9A%84%E9%A1%B9%E7%9B%AE/BlackRain/apps/desktop/node_modules/@vitest/runner/dist/chunk-hooks.js:752:26\n    at file:///W:/DESKbook/%E6%88%91%E7%9A%84%E9%A1%B9%E7%9B%AE/BlackRain/apps/desktop/node_modules/@vitest/runner/dist/chunk-hooks.js:1897:20\n    at new Promise (<anonymous>)\n    at runWithTimeout (file:///W:/DESKbook/%E6%88%91%E7%9A%84%E9%A1%B9%E7%9B%AE/BlackRain/apps/desktop/node_modules/@vitest/runner/dist/chunk-hooks.js:1863:10)\n    at runTest (file:///W:/DESKbook/%E6%88%91%E7%9A%84%E9%A1%B9%E7%9B%AE/BlackRain/apps/desktop/node_modules/@vitest/runner/dist/chunk-hooks.js:1574:12)\n    at processTicksAndRejections (node:internal/process/task_queues:104:5)"],"meta":{}},{"ancestorTitles":["tauri invoke wrappers"],"fullName":"tauri invoke wrappers updates core agents settings","status":"failed","title":"updates core agents settings","duration":0.9327000000002954,"failureMessages":["Error: Electron capability unavailable\n    at callLegacyCapability (W:\\DESKbook\\我的项目\\BlackRain\\apps\\desktop\\src\\services\\desktop.ts:57:25)\n    at Module.setAgentsCoreSettings (W:\\DESKbook\\我的项目\\BlackRain\\apps\\desktop\\src\\services\\desktop.ts:220:10)\n    at W:\\DESKbook\\我的项目\\BlackRain\\apps\\desktop\\src\\services\\tauri.test.ts:686:11\n    at file:///W:/DESKbook/%E6%88%91%E7%9A%84%E9%A1%B9%E7%9B%AE/BlackRain/apps/desktop/node_modules/@vitest/runner/dist/chunk-hooks.js:155:11\n    at file:///W:/DESKbook/%E6%88%91%E7%9A%84%E9%A1%B9%E7%9B%AE/BlackRain/apps/desktop/node_modules/@vitest/runner/dist/chunk-hooks.js:752:26\n    at file:///W:/DESKbook/%E6%88%91%E7%9A%84%E9%A1%B9%E7%9B%AE/BlackRain/apps/desktop/node_modules/@vitest/runner/dist/chunk-hooks.js:1897:20\n    at new Promise (<anonymous>)\n    at runWithTimeout (file:///W:/DESKbook/%E6%88%91%E7%9A%84%E9%A1%B9%E7%9B%AE/BlackRain/apps/desktop/node_modules/@vitest/runner/dist/chunk-hooks.js:1863:10)\n    at runTest (file:///W:/DESKbook/%E6%88%91%E7%9A%84%E9%A1%B9%E7%9B%AE/BlackRain/apps/desktop/node_modules/@vitest/runner/dist/chunk-hooks.js:1574:12)\n    at processTicksAndRejections (node:internal/process/task_queues:104:5)"],"meta":{}},{"ancestorTitles":["tauri invoke wrappers"],"fullName":"tauri invoke wrappers creates an agent","status":"failed","title":"creates an agent","duration":0.7260000000001128,"failureMessages":["Error: Electron capability unavailable\n    at callLegacyCapability (W:\\DESKbook\\我的项目\\BlackRain\\apps\\desktop\\src\\services\\desktop.ts:57:25)\n    at Module.createAgent (W:\\DESKbook\\我的项目\\BlackRain\\apps\\desktop\\src\\services\\desktop.ts:224:10)\n    at W:\\DESKbook\\我的项目\\BlackRain\\apps\\desktop\\src\\services\\tauri.test.ts:701:11\n    at file:///W:/DESKbook/%E6%88%91%E7%9A%84%E9%A1%B9%E7%9B%AE/BlackRain/apps/desktop/node_modules/@vitest/runner/dist/chunk-hooks.js:155:11\n    at file:///W:/DESKbook/%E6%88%91%E7%9A%84%E9%A1%B9%E7%9B%AE/BlackRain/apps/desktop/node_modules/@vitest/runner/dist/chunk-hooks.js:752:26\n    at file:///W:/DESKbook/%E6%88%91%E7%9A%84%E9%A1%B9%E7%9B%AE/BlackRain/apps/desktop/node_modules/@vitest/runner/dist/chunk-hooks.js:1897:20\n    at new Promise (<anonymous>)\n    at runWithTimeout (file:///W:/DESKbook/%E6%88%91%E7%9A%84%E9%A1%B9%E7%9B%AE/BlackRain/apps/desktop/node_modules/@vitest/runner/dist/chunk-hooks.js:1863:10)\n    at runTest (file:///W:/DESKbook/%E6%88%91%E7%9A%84%E9%A1%B9%E7%9B%AE/BlackRain/apps/desktop/node_modules/@vitest/runner/dist/chunk-hooks.js:1574:12)\n    at processTicksAndRejections (node:internal/process/task_queues:104:5)"],"meta":{}},{"ancestorTitles":["tauri invoke wrappers"],"fullName":"tauri invoke wrappers updates an agent","status":"failed","title":"updates an agent","duration":1.6001999999998588,"failureMessages":["Error: Electron capability unavailable\n    at callLegacyCapability (W:\\DESKbook\\我的项目\\BlackRain\\apps\\desktop\\src\\services\\desktop.ts:57:25)\n    at Module.updateAgent (W:\\DESKbook\\我的项目\\BlackRain\\apps\\desktop\\src\\services\\desktop.ts:228:10)\n    at W:\\DESKbook\\我的项目\\BlackRain\\apps\\desktop\\src\\services\\tauri.test.ts:726:11\n    at file:///W:/DESKbook/%E6%88%91%E7%9A%84%E9%A1%B9%E7%9B%AE/BlackRain/apps/desktop/node_modules/@vitest/runner/dist/chunk-hooks.js:155:11\n    at file:///W:/DESKbook/%E6%88%91%E7%9A%84%E9%A1%B9%E7%9B%AE/BlackRain/apps/desktop/node_modules/@vitest/runner/dist/chunk-hooks.js:752:26\n    at file:///W:/DESKbook/%E6%88%91%E7%9A%84%E9%A1%B9%E7%9B%AE/BlackRain/apps/desktop/node_modules/@vitest/runner/dist/chunk-hooks.js:1897:20\n    at new Promise (<anonymous>)\n    at runWithTimeout (file:///W:/DESKbook/%E6%88%91%E7%9A%84%E9%A1%B9%E7%9B%AE/BlackRain/apps/desktop/node_modules/@vitest/runner/dist/chunk-hooks.js:1863:10)\n    at runTest (file:///W:/DESKbook/%E6%88%91%E7%9A%84%E9%A1%B9%E7%9B%AE/BlackRain/apps/desktop/node_modules/@vitest/runner/dist/chunk-hooks.js:1574:12)\n    at processTicksAndRejections (node:internal/process/task_queues:104:5)"],"meta":{}},{"ancestorTitles":["tauri invoke wrappers"],"fullName":"tauri invoke wrappers deletes an agent","status":"failed","title":"deletes an agent","duration":1.3261999999999716,"failureMessages":["Error: Electron capability unavailable\n    at callLegacyCapability (W:\\DESKbook\\我的项目\\BlackRain\\apps\\desktop\\src\\services\\desktop.ts:57:25)\n    at Module.deleteAgent (W:\\DESKbook\\我的项目\\BlackRain\\apps\\desktop\\src\\services\\desktop.ts:232:10)\n    at W:\\DESKbook\\我的项目\\BlackRain\\apps\\desktop\\src\\services\\tauri.test.ts:749:11\n    at file:///W:/DESKbook/%E6%88%91%E7%9A%84%E9%A1%B9%E7%9B%AE/BlackRain/apps/desktop/node_modules/@vitest/runner/dist/chunk-hooks.js:155:11\n    at file:///W:/DESKbook/%E6%88%91%E7%9A%84%E9%A1%B9%E7%9B%AE/BlackRain/apps/desktop/node_modules/@vitest/runner/dist/chunk-hooks.js:752:26\n    at file:///W:/DESKbook/%E6%88%91%E7%9A%84%E9%A1%B9%E7%9B%AE/BlackRain/apps/desktop/node_modules/@vitest/runner/dist/chunk-hooks.js:1897:20\n    at new Promise (<anonymous>)\n    at runWithTimeout (file:///W:/DESKbook/%E6%88%91%E7%9A%84%E9%A1%B9%E7%9B%AE/BlackRain/apps/desktop/node_modules/@vitest/runner/dist/chunk-hooks.js:1863:10)\n    at runTest (file:///W:/DESKbook/%E6%88%91%E7%9A%84%E9%A1%B9%E7%9B%AE/BlackRain/apps/desktop/node_modules/@vitest/runner/dist/chunk-hooks.js:1574:12)\n    at processTicksAndRejections (node:internal/process/task_queues:104:5)"],"meta":{}},{"ancestorTitles":["tauri invoke wrappers"],"fullName":"tauri invoke wrappers reads an agent config file","status":"failed","title":"reads an agent config file","duration":0.9956999999999425,"failureMessages":["Error: Electron capability unavailable\n    at callLegacyCapability (W:\\DESKbook\\我的项目\\BlackRain\\apps\\desktop\\src\\services\\desktop.ts:57:25)\n    at Module.readAgentConfigToml (W:\\DESKbook\\我的项目\\BlackRain\\apps\\desktop\\src\\services\\desktop.ts:236:10)\n    at W:\\DESKbook\\我的项目\\BlackRain\\apps\\desktop\\src\\services\\tauri.test.ts:766:11\n    at file:///W:/DESKbook/%E6%88%91%E7%9A%84%E9%A1%B9%E7%9B%AE/BlackRain/apps/desktop/node_modules/@vitest/runner/dist/chunk-hooks.js:155:11\n    at file:///W:/DESKbook/%E6%88%91%E7%9A%84%E9%A1%B9%E7%9B%AE/BlackRain/apps/desktop/node_modules/@vitest/runner/dist/chunk-hooks.js:752:26\n    at file:///W:/DESKbook/%E6%88%91%E7%9A%84%E9%A1%B9%E7%9B%AE/BlackRain/apps/desktop/node_modules/@vitest/runner/dist/chunk-hooks.js:1897:20\n    at new Promise (<anonymous>)\n    at runWithTimeout (file:///W:/DESKbook/%E6%88%91%E7%9A%84%E9%A1%B9%E7%9B%AE/BlackRain/apps/desktop/node_modules/@vitest/runner/dist/chunk-hooks.js:1863:10)\n    at runTest (file:///W:/DESKbook/%E6%88%91%E7%9A%84%E9%A1%B9%E7%9B%AE/BlackRain/apps/desktop/node_modules/@vitest/runner/dist/chunk-hooks.js:1574:12)\n    at processTicksAndRejections (node:internal/process/task_queues:104:5)"],"meta":{}},{"ancestorTitles":["tauri invoke wrappers"],"fullName":"tauri invoke wrappers writes an agent config file","status":"failed","title":"writes an agent config file","duration":0.7993999999998778,"failureMessages":["Error: Electron capability unavailable\n    at callLegacyCapability (W:\\DESKbook\\我的项目\\BlackRain\\apps\\desktop\\src\\services\\desktop.ts:57:25)\n    at Module.writeAgentConfigToml (W:\\DESKbook\\我的项目\\BlackRain\\apps\\desktop\\src\\services\\desktop.ts:243:10)\n    at W:\\DESKbook\\我的项目\\BlackRain\\apps\\desktop\\src\\services\\tauri.test.ts:777:11\n    at file:///W:/DESKbook/%E6%88%91%E7%9A%84%E9%A1%B9%E7%9B%AE/BlackRain/apps/desktop/node_modules/@vitest/runner/dist/chunk-hooks.js:155:11\n    at file:///W:/DESKbook/%E6%88%91%E7%9A%84%E9%A1%B9%E7%9B%AE/BlackRain/apps/desktop/node_modules/@vitest/runner/dist/chunk-hooks.js:752:26\n    at file:///W:/DESKbook/%E6%88%91%E7%9A%84%E9%A1%B9%E7%9B%AE/BlackRain/apps/desktop/node_modules/@vitest/runner/dist/chunk-hooks.js:1897:20\n    at new Promise (<anonymous>)\n    at runWithTimeout (file:///W:/DESKbook/%E6%88%91%E7%9A%84%E9%A1%B9%E7%9B%AE/BlackRain/apps/desktop/node_modules/@vitest/runner/dist/chunk-hooks.js:1863:10)\n    at runTest (file:///W:/DESKbook/%E6%88%91%E7%9A%84%E9%A1%B9%E7%9B%AE/BlackRain/apps/desktop/node_modules/@vitest/runner/dist/chunk-hooks.js:1574:12)\n    at processTicksAndRejections (node:internal/process/task_queues:104:5)"],"meta":{}},{"ancestorTitles":["tauri invoke wrappers"],"fullName":"tauri invoke wrappers generates an improved agent description","status":"failed","title":"generates an improved agent description","duration":0.5829000000003361,"failureMessages":["Error: Electron capability unavailable\n    at callLegacyCapability (W:\\DESKbook\\我的项目\\BlackRain\\apps\\desktop\\src\\services\\desktop.ts:57:25)\n    at Module.generateAgentDescription (W:\\DESKbook\\我的项目\\BlackRain\\apps\\desktop\\src\\services\\desktop.ts:1867:10)\n    at W:\\DESKbook\\我的项目\\BlackRain\\apps\\desktop\\src\\services\\tauri.test.ts:793:11\n    at file:///W:/DESKbook/%E6%88%91%E7%9A%84%E9%A1%B9%E7%9B%AE/BlackRain/apps/desktop/node_modules/@vitest/runner/dist/chunk-hooks.js:155:11\n    at file:///W:/DESKbook/%E6%88%91%E7%9A%84%E9%A1%B9%E7%9B%AE/BlackRain/apps/desktop/node_modules/@vitest/runner/dist/chunk-hooks.js:752:26\n    at file:///W:/DESKbook/%E6%88%91%E7%9A%84%E9%A1%B9%E7%9B%AE/BlackRain/apps/desktop/node_modules/@vitest/runner/dist/chunk-hooks.js:1897:20\n    at new Promise (<anonymous>)\n    at runWithTimeout (file:///W:/DESKbook/%E6%88%91%E7%9A%84%E9%A1%B9%E7%9B%AE/BlackRain/apps/desktop/node_modules/@vitest/runner/dist/chunk-hooks.js:1863:10)\n    at runTest (file:///W:/DESKbook/%E6%88%91%E7%9A%84%E9%A1%B9%E7%9B%AE/BlackRain/apps/desktop/node_modules/@vitest/runner/dist/chunk-hooks.js:1574:12)\n    at processTicksAndRejections (node:internal/process/task_queues:104:5)"],"meta":{}},{"ancestorTitles":["tauri invoke wrappers"],"fullName":"tauri invoke wrappers fills sendUserMessage defaults in payload","status":"failed","title":"fills sendUserMessage defaults in payload","duration":5.93139999999994,"failureMessages":["Error: Electron capability unavailable\n    at callLegacyCapability (W:\\DESKbook\\我的项目\\BlackRain\\apps\\desktop\\src\\services\\desktop.ts:57:25)\n    at getAppSettings (W:\\DESKbook\\我的项目\\BlackRain\\apps\\desktop\\src\\services\\desktop.ts:975:10)\n    at normalizeImagesForRpc (W:\\DESKbook\\我的项目\\BlackRain\\apps\\desktop\\src\\services\\desktop.ts:456:52)\n    at Module.sendUserMessage (W:\\DESKbook\\我的项目\\BlackRain\\apps\\desktop\\src\\services\\desktop.ts:483:24)\n    at W:\\DESKbook\\我的项目\\BlackRain\\apps\\desktop\\src\\services\\tauri.test.ts:805:11\n    at file:///W:/DESKbook/%E6%88%91%E7%9A%84%E9%A1%B9%E7%9B%AE/BlackRain/apps/desktop/node_modules/@vitest/runner/dist/chunk-hooks.js:155:11\n    at file:///W:/DESKbook/%E6%88%91%E7%9A%84%E9%A1%B9%E7%9B%AE/BlackRain/apps/desktop/node_modules/@vitest/runner/dist/chunk-hooks.js:752:26\n    at file:///W:/DESKbook/%E6%88%91%E7%9A%84%E9%A1%B9%E7%9B%AE/BlackRain/apps/desktop/node_modules/@vitest/runner/dist/chunk-hooks.js:1897:20\n    at new Promise (<anonymous>)\n    at runWithTimeout (file:///W:/DESKbook/%E6%88%91%E7%9A%84%E9%A1%B9%E7%9B%AE/BlackRain/apps/desktop/node_modules/@vitest/runner/dist/chunk-hooks.js:1863:10)"],"meta":{}},{"ance
[...]
tml>\u001b[39m\n  \u001b[36m<head />\u001b[39m\n  \u001b[36m<body>\u001b[39m\n    \u001b[36m<div />\u001b[39m\n    \u001b[36m<div />\u001b[39m\n    \u001b[36m<div />\u001b[39m\n    \u001b[36m<div />\u001b[39m\n    \u001b[36m<div />\u001b[39m\n    \u001b[36m<div />\u001b[39m\n    \u001b[36m<div />\u001b[39m\n    \u001b[36m<div />\u001b[39m\n    \u001b[36m<div />\u001b[39m\n    \u001b[36m<div />\u001b[39m\n    \u001b[36m<div />\u001b[39m\n    \u001b[36m<div />\u001b[39m\n  \u001b[36m</body>\u001b[39m\n\u001b[36m</html>\u001b[39m\n    at W:\\DESKbook\\我的项目\\BlackRain\\apps\\desktop\\src\\features\\update\\hooks\\useUpdater.test.ts:338:9\n    at runWithExpensiveErrorDiagnosticsDisabled (W:\\DESKbook\\我的项目\\BlackRain\\apps\\desktop\\node_modules\\@testing-library\\dom\\dist\\config.js:47:12)\n    at checkCallback (W:\\DESKbook\\我的项目\\BlackRain\\apps\\desktop\\node_modules\\@testing-library\\dom\\dist\\wait-for.js:124:77)\n    at Timeout.checkRealTimersCallback (W:\\DESKbook\\我的项目\\BlackRain\\apps\\desktop\\node_modules\\@testing-library\\dom\\dist\\wait-for.js:118:16)\n    at listOnTimeout (node:internal/timers:605:17)\n    at processTimers (node:internal/timers:541:7)"],"meta":{}}],"startTime":1785854361470,"endTime":1785854366691.8494,"status":"failed","message":"","name":"W:/DESKbook/我的项目/BlackRain/apps/desktop/src/features/update/hooks/useUpdater.test.ts"},{"assertionResults":[{"ancestorTitles":["ModalShell"],"fullName":"ModalShell renders root and card classes and handles backdrop click","status":"passed","title":"renders root and card classes and handles backdrop click","duration":223.8739999999998,"failureMessages":[],"meta":{}},{"ancestorTitles":["ModalShell"],"fullName":"ModalShell supports aria-labelledby and aria-describedby","status":"passed","title":"supports aria-labelledby and aria-describedby","duration":121.32769999999982,"failureMessages":[],"meta":{}},{"ancestorTitles":["ModalShell"],"fullName":"ModalShell moves focus into the dialog, traps Tab, handles Escape, and restores focus","status":"passed","title":"moves focus into the dialog, traps Tab, handles Escape, and restores focus","duration":530.5684999999994,"failureMessages":[],"meta":{}}],"startTime":1785854376742,"endTime":1785854377618.5686,"status":"passed","message":"","name":"W:/DESKbook/我的项目/BlackRain/apps/desktop/src/features/design-system/components/modal/ModalShell.test.tsx"},{"assertionResults":[{"ancestorTitles":["useRenameWorktreePrompt"],"fullName":"useRenameWorktreePrompt opens prompt and shows upstream confirmation after rename","status":"passed","title":"opens prompt and shows upstream confirmation after rename","duration":47.831599999999526,"failureMessages":[],"meta":{}},{"ancestorTitles":["useRenameWorktreePrompt"],"fullName":"useRenameWorktreePrompt surfaces rename errors","status":"passed","title":"surfaces rename errors","duration":23.03269999999975,"failureMessages":[],"meta":{}}],"startTime":1785854413366,"endTime":1785854413438.0327,"status":"passed","message":"","name":"W:/DESKbook/我的项目/BlackRain/apps/desktop/src/features/workspaces/hooks/useRenameWorktreePrompt.test.tsx"},{"assertionResults":[{"ancestorTitles":["useWorkspaceDropZone"],"fullName":"useWorkspaceDropZone tracks drag over state for file transfers","status":"passed","title":"tracks drag over state for file transfers","duration":63.29529999999977,"failureMessages":[],"meta":{}},{"ancestorTitles":["useWorkspaceDropZone"],"fullName":"useWorkspaceDropZone emits file paths on drop when available","status":"passed","title":"emits file paths on drop when available","duration":7.369300000000294,"failureMessages":[],"meta":{}}],"startTime":1785854405255,"endTime":1785854405325.3694,"status":"passed","message":"","name":"W:/DESKbook/我的项目/BlackRain/apps/desktop/src/features/workspaces/hooks/useWorkspaceDropZone.test.ts"},{"assertionResults":[{"ancestorTitles":["useWorkspaceHome"],"fullName":"useWorkspaceHome uses provider model name for worktree runs","status":"passed","title":"uses provider model name for worktree runs","duration":41.740099999999984,"failureMessages":[],"meta":{}},{"ancestorTitles":["useWorkspaceHome"],"fullName":"useWorkspaceHome allows image-only local runs","status":"passed","title":"allows image-only local runs","duration":7.751499999999396,"failureMessages":[],"meta":{}},{"ancestorTitles":["useWorkspaceHome"],"fullName":"useWorkspaceHome blocks worktree runs without model selections","status":"passed","title":"blocks worktree runs without model selections","duration":8.074499999999716,"failureMessages":[],"meta":{}},{"ancestorTitles":["useWorkspaceHome"],"fullName":"useWorkspaceHome captures partial failures for multi-instance worktree runs","status":"passed","title":"captures partial failures for multi-instance worktree runs","duration":25.96440000000075,"failureMessages":[],"meta":{}},{"ancestorTitles":["useWorkspaceHome"],"fullName":"useWorkspaceHome updates title after metadata resolves for local runs","status":"passed","title":"updates title after metadata resolves for local runs","duration":8.411600000000362,"failureMessages":[],"meta":{}},{"ancestorTitles":["useWorkspaceHome"],"fullName":"useWorkspaceHome keeps attachments when worktree selection is missing","status":"passed","title":"keeps attachments when worktree selection is missing","duration":7.448200000000725,"failureMessages":[],"meta":{}}],"startTime":1785854392282,"endTime":1785854392385.4482,"status":"passed","message":"","name":"W:/DESKbook/我的项目/BlackRain/apps/desktop/src/features/workspaces/hooks/useWorkspaceHome.test.tsx"},{"assertionResults":[{"ancestorTitles":["useWorkspaceRefreshOnFocus"],"fullName":"useWorkspaceRefreshOnFocus refreshes workspaces and connected threads on focus","status":"passed","title":"refreshes workspaces and connected threads on focus","duration":41.53240000000005,"failureMessages":[],"meta":{}},{"ancestorTitles":["useWorkspaceRefreshOnFocus"],"fullName":"useWorkspaceRefreshOnFocus polls automatically in remote mode","status":"passed","title":"polls automatically in remote mode","duration":7.340799999999945,"failureMessages":[],"meta":{}},{"ancestorTitles":["useWorkspaceRefreshOnFocus"],"fullName":"useWorkspaceRefreshOnFocus does not poll when backend mode is local","status":"passed","title":"does not poll when backend mode is local","duration":19.5591000000004,"failureMessages":[],"meta":{}},{"ancestorTitles":["useWorkspaceRefreshOnFocus"],"fullName":"useWorkspaceRefreshOnFocus starts polling when backend mode changes from local to remote","status":"passed","title":"starts polling when backend mode changes from local to remote","duration":43.937699999999495,"failureMessages":[],"meta":{}},{"ancestorTitles":["useWorkspaceRefreshOnFocus"],"fullName":"useWorkspaceRefreshOnFocus stops polling while hidden and resumes when visible again","status":"passed","title":"stops polling while hidden and resumes when visible again","duration":7.359000000000378,"failureMessages":[],"meta":{}}],"startTime":1785854406403,"endTime":1785854406523.359,"status":"passed","message":"","name":"W:/DESKbook/我的项目/BlackRain/apps/desktop/src/features/workspaces/hooks/useWorkspaceRefreshOnFocus.test.tsx"},{"assertionResults":[{"ancestorTitles":["useWorkspaces.renameWorktree"],"fullName":"useWorkspaces.renameWorktree optimistically updates and reconciles on success","status":"passed","title":"optimistically updates and reconciles on success","duration":42.6857,"failureMessages":[],"meta":{}},{"ancestorTitles":["useWorkspaces.renameWorktree"],"fullName":"useWorkspaces.renameWorktree rolls back optimistic update on failure","status":"passed","title":"rolls back optimistic update on failure","duration":29.628499999999804,"failureMessages":[],"meta":{}},{"ancestorTitles":["useWorkspaces.renameWorktree"],"fullName":"useWorkspaces.renameWorktree exposes upstream rename helper","status":"passed","title":"exposes upstream rename helper","duration":35.77430000000004,"failureMessages":[],"meta":{}},{"ancestorTitles":["useWorkspaces.updateWorkspaceSettings"],"fullName":"useWorkspaces.updateWorkspaceSettings does not throw when multiple updates are queued in the same tick","status":"passed","title":"does not throw when multiple updates are queued in the same tick","duration":28.89589999999953,"failureMessages":[],"meta":{}},{"ancestorTitles":["useWorkspaces.addWorkspaceFromPath"],"fullName":"useWorkspaces.addWorkspaceFromPath adds a workspace and sets it active","status":"passed","title":"adds a workspace and sets it active","duration":8.178200000000288,"failureMessages":[],"meta":{}},{"ancestorTitles":["useWorkspaces.connectWorkspace"],"fullName":"useWorkspaces.connectWorkspace marks workspace as connected after a successful connect","status":"passed","title":"marks workspace as connected after a successful connect","duration":12.829800000000432,"failureMessages":[],"meta":{}},{"ancestorTitles":["useWorkspaces.addWorkspacesFromPaths"],"fullName":"useWorkspaces.addWorkspacesFromPaths adds multiple workspaces, activates the first, and returns structured result","status":"passed","title":"adds multiple workspaces, activates the first, and returns structured result","duration":10.02179999999953,"failureMessages":[],"meta":{}},{"ancestorTitles":["useWorkspaces.addWorkspacesFromPaths"],"fullName":"useWorkspaces.addWorkspacesFromPaths returns skipped and failure details without UI side effects","status":"passed","title":"returns skipped and failure details without UI side effects","duration":16.901499999999942,"failureMessages":[],"meta":{}},{"ancestorTitles":["useWorkspaces.addWorkspacesFromPaths"],"fullName":"useWorkspaces.addWorkspacesFromPaths treats Windows namespace paths as duplicates of existing workspace roots","status":"passed","title":"treats Windows namespace paths as duplicates of existing workspace roots","duration":28.983500000000276,"failureMessages":[],"meta":{}},{"ancestorTitles":["useWorkspaces.addWorkspacesFromPaths"],"fullName":"useWorkspaces.addWorkspacesFromPaths treats Windows UNC namespace paths as duplicates of existing workspace roots","status":"passed","title":"treats Windows UNC namespace paths as duplicates of existing workspace roots","duration":28.55079999999998,"failureMessages":[],"meta":{}},{"ancestorTitles":["useWorkspaces.addWorkspacesFromPaths"],"fullName":"useWorkspaces.addWorkspacesFromPaths tries raw tilde paths before inferred home-prefix expansion","status":"passed","title":"tries raw tilde paths before inferred home-prefix expansion","duration":21.291000000000167,"failureMessages":[],"meta":{}},{"ancestorTitles":["useWorkspaces.addWorkspacesFromPaths"],"fullName":"useWorkspaces.addWorkspacesFromPaths skips raw tilde paths when an equivalent inferred path already exists","status":"passed","title":"skips raw tilde paths when an equivalent inferred path already exists","duration":10.772099999999227,"failureMessages":[],"meta":{}},{"ancestorTitles":["useWorkspaces.addWorkspacesFromPaths"],"fullName":"useWorkspaces.addWorkspacesFromPaths falls back to inferred home-prefix expansion when raw tilde path is invalid","status":"passed","title":"falls back to inferred home-prefix expansion when raw tilde path is invalid","duration":7.0362999999997555,"failureMessages":[],"meta":{}},{"ancestorTitles":["useWorkspaces.addWorkspacesFromPaths"],"fullName":"useWorkspaces.addWorkspacesFromPaths does not skip when an earlier inferred fallback candidate already exists","status":"passed","title":"does not skip when an earlier inferred fallback candidate already exists","duration":11.5003999999999,"failureMessages":[],"meta":{}},{"ancestorTitles":["useWorkspaces.addWorkspaceFromGitUrl"],"fullName":"useWorkspaces.addWorkspaceFromGitUrl invokes service and activates workspace","status":"passed","title":"invokes service and activates workspace","duration":8.100099999999657,"failureMessages":[],"meta":{}}],"startTime":1785854398877,"endTime":1785854399180.1,"status":"passed","message":"","name":"W:/DESKbook/我的项目/BlackRain/apps/desktop/src/features/workspaces/hooks/useWorkspaces.test.tsx"},{"assertionResults":[{"ancestorTitles":["useWorktreePrompt"],"fullName":"useWorktreePrompt derives branch from name until branch is manually edited","status":"passed","title":"derives branch from name until branch is manually edited","duration":44.60200000000077,"failureMessages":[],"meta":{}},{"ancestorTitles":["useWorktreePrompt"],"fullName":"useWorktreePrompt does not override branch when name is cleared","status":"passed","title":"does not override branch when name is cleared","duration":7.8740999999999985,"failureMessages":[],"meta":{}},{"ancestorTitles":["useWorktreePrompt"],"fullName":"useWorktreePrompt passes copyAgentsMd to addWorktreeAgent","status":"passed","title":"passes copyAgentsMd to addWorktreeAgent","duration":13.743500000000495,"failureMessages":[],"meta":{}}],"startTime":1785854408558,"endTime":1785854408624.7434,"status":"passed","message":"","name":"W:/DESKbook/我的项目/BlackRain/apps/desktop/src/features/workspaces/hooks/useWorktreePrompt.test.tsx"},{"assertionResults":[{"ancestorTitles":["ClonePrompt"],"fullName":"ClonePrompt guards backdrop cancel while busy","status":"passed","title":"guards backdrop cancel while busy","duration":254.91589999999997,"failureMessages":[],"meta":{}},{"ancestorTitles":["ClonePrompt"],"fullName":"ClonePrompt handles Escape and Enter keyboard actions","status":"passed","title":"handles Escape and Enter keyboard actions","duration":90.28539999999975,"failureMessages":[],"meta":{}}],"startTime":1785854395840,"endTime":1785854396185.2854,"status":"passed","message":"","name":"W:/DESKbook/我的项目/BlackRain/apps/desktop/src/features/workspaces/components/ClonePrompt.test.tsx"},{"assertionResults":[{"ancestorTitles":["MobileRemoteWorkspacePrompt"],"fullName":"MobileRemoteWorkspacePrompt focuses paths textarea and moves caret to end after selecting a recent path","status":"passed","title":"focuses paths textarea and moves caret to end after selecting a recent path","duration":699.1106,"failureMessages":[],"meta":{}}],"startTime":1785854380308,"endTime":1785854381007.1106,"status":"passed","message":"","name":"W:/DESKbook/我的项目/BlackRain/apps/desktop/src/features/workspaces/components/MobileRemoteWorkspacePrompt.test.tsx"},{"assertionResults":[{"ancestorTitles":["WorkspaceHomeGitInitBanner"],"fullName":"WorkspaceHomeGitInitBanner calls onInitGitRepo when clicked","status":"passed","title":"calls onInitGitRepo when clicked","duration":465.40350000000035,"failureMessages":[],"meta":{}},{"ancestorTitles":["WorkspaceHomeGitInitBanner"],"fullName":"WorkspaceHomeGitInitBanner disables the button when loading","status":"passed","title":"disables the button when loading","duration":196.59700000000066,"failureMessages":[],"meta":{}}],"startTime":1785854383965,"endTime":1785854384627.597,"status":"passed","message":"","name":"W:/DESKbook/我的项目/BlackRain/apps/desktop/src/features/workspaces/components/WorkspaceHomeGitInitBanner.test.tsx"},{"assertionResults":[{"ancestorTitles":["WorktreePrompt"],"fullName":"WorktreePrompt guards backdrop cancel while busy","status":"passed","title":"guards backdrop cancel while busy","duration":186.0101999999997,"failureMessages":[],"meta":{}},{"ancestorTitles":["WorktreePrompt"],"fullName":"WorktreePrompt handles Escape and Enter on branch input","status":"passed","title":"handles Escape and Enter on branch input","duration":82.09960000000046,"failureMessages":[],"meta":{}}],"startTime":1785854390438,"endTime":1785854390706.0996,"status":"passed","message":"","name":"W:/DESKbook/我的项目/BlackRain/apps/desktop/src/features/workspaces/components/WorktreePrompt.test.tsx"},{"assertionResults":[{"ancestorTitles":["ToastPrimitives"],"fullName":"ToastPrimitives renders viewport role and aria-live semantics","status":"passed","title":"renders viewport role and aria-live semantics","duration":493.3069999999998,"failureMessages":[],"meta":{}},{"ancestorTitles":["ToastPrimitives"],"fullName":"ToastPrimitives renders card, text, and section primitive classes","status":"passed","title":"renders card, text, and section primitive classes","duration":166.73260000000028,"failureMessages":[],"meta":{}}],"startTime":1785854381228,"endTime":1785854381888.7327,"status":"passed","message":"","name":"W:/DESKbook/我的项目/BlackRain/apps/desktop/src/features/design-system/components/toast/ToastPrimitives.test.tsx"},{"assertionResults":[{"ancestorTitles":["SettingsAgentsSection"],"fullName":"SettingsAgentsSection enables create generation only when name is present","status":"passed","title":"enables create generation only when name is present","duration":855.6023999999998,"failureMessages":[],"meta":{}},{"ancestorTitles":["SettingsAgentsSection"],"fullName":"SettingsAgentsSection applies generated description to create textarea","status":"passed","title":"applies generated description to create textarea","duration":487.96299999999974,"failureMessages":[],"meta":{}},{"ancestorTitles":["SettingsAgentsSection"],"fullName":"SettingsAgentsSection does not send developerInstructions when unchanged during edit","status":"passed","title":"does not send developerInstructions when unchanged during edit","duration":596.7212,"failureMessages":[],"meta":{}},{"ancestorTitles":["SettingsAgentsSection"],"fullName":"SettingsAgentsSection updates max depth from stepper control","status":"passed","title":"updates max depth from stepper control","duration":411.97030000000086,"failureMessages":[],"meta":{}},{"ancestorTitles":["SettingsAgentsSection"],"fullName":"SettingsAgentsSection does not increase max depth beyond 4","status":"passed","title":"does not increase max depth beyond 4","duration":329.5648999999994,"failureMessages":[],"meta":{}}],"startTime":1785854366446,"endTime":1785854369127.565,"status":"passed","message":"","name":"W:/DESKbook/我的项目/BlackRain/apps/desktop/src/features/settings/components/sections/SettingsAgentsSection.test.tsx"},{"assertionResults":[{"ancestorTitles":["SettingsDisplaySection"],"fullName":"SettingsDisplaySection persists language preference changes","status":"passed","title":"persists language preference changes","duration":204.0092999999997,"failureMessages":[],"meta":{}},{"ancestorTitles":["SettingsDisplaySection"],"fullName":"SettingsDisplaySection toggles auto-generated thread titles","status":"passed","title":"toggles auto-generated thread titles","duration":593.5361999999996,"failureMessages":[],"meta":{}},{"ancestorTitles":["SettingsDisplaySection"],"fullName":"SettingsDisplaySection toggles unlimited chat history","status":"passed","title":"toggles unlimited chat history","duration":260.7659999999996,"failureMessages":[],"meta":{}},{"ancestorTitles":["SettingsDisplaySection"],"fullName":"SettingsDisplaySection disables scrollback controls when unlimited chat history is enabled","status":"passed","title":"disables scrollback controls when unlimited chat history is enabled","duration":146.01180000000022,"failureMessages":[],"meta":{}},{"ancestorTitles":["SettingsDisplaySection"],"fullName":"SettingsDisplaySection applies scrollback presets","status":"passed","title":"applies scrollback presets","duration":122.4338000000007,"failureMessages":[],"meta":{}},{"ancestorTitles":["SettingsDisplaySection"],"fullName":"SettingsDisplaySection does not persist scrollback draft on blur when toggling unlimited","status":"passed","title":"does not persist scrollback draft on blur when toggling unlimited","duration":199.58340000000044,"failureMessages":[],"meta":{}},{"ancestorTitles":["SettingsDisplaySection"],"fullName":"SettingsDisplaySection does not persist scrollback draft on blur when clicking Reset","status":"passed","title":"does not persist scrollback draft on blur when clicking Reset","duration":290.6436999999996,"failureMessages":[],"meta":{}}],"startTime":1785854366749,"endTime":1785854368565.6438,"status":"passed","message":"","name":"W:/DESKbook/我的项目/BlackRain/apps/desktop/src/features/settings/components/sections/SettingsDisplaySection.test.tsx"}]}