{"numTotalTestSuites":393,"numPassedTestSuites":387,"numFailedTestSuites":6,"numPendingTestSuites":0,"numTotalTests":1130,"numPassedTests":1124,"numFailedTests":3,"numPendingTests":3,"numTodoTests":0,"snapshot":{"added":0,"failure":false,"filesAdded":0,"filesRemoved":0,"filesRemovedList":[],"filesUnmatched":0,"filesUpdated":0,"matched":0,"total":0,"unchecked":0,"uncheckedKeysByFile":[],"unmatched":0,"updated":0,"didUpdate":false},"startTime":1785856181462,"success":false,"testResults":[{"assertionResults":[{"ancestorTitles":["main sentry bootstrap"],"fullName":"main sentry bootstrap initializes sentry and records app_open","status":"passed","title":"initializes sentry and records app_open","duration":96.51530000000002,"failureMessages":[],"meta":{}}],"startTime":1785856213551,"endTime":1785856213647.5154,"status":"passed","message":"","name":"W:/DESKbook/我的项目/BlackRain/apps/desktop/src/main.test.tsx"},{"assertionResults":[{"ancestorTitles":["Browser client 制品完整性"],"fullName":"Browser client 制品完整性 接受仓库锁定的 client/hash/license","status":"passed","title":"接受仓库锁定的 client/hash/license","duration":51.11829999999986,"failureMessages":[],"meta":{}},{"ancestorTitles":["Browser client 制品完整性"],"fullName":"Browser client 制品完整性 拒绝 client 内容与 manifest 摘要不一致","status":"passed","title":"拒绝 client 内容与 manifest 摘要不一致","duration":135.8538000000001,"failureMessages":[],"meta":{}}],"startTime":1785856228727,"endTime":1785856228913.8538,"status":"passed","message":"","name":"W:/DESKbook/我的项目/BlackRain/apps/desktop/scripts/verify-browser-client.test.ts"},{"assertionResults":[{"ancestorTitles":["Codex runtime 完整性校验"],"fullName":"Codex runtime 完整性校验 拒绝与生成态 manifest 一起被替换的 runtime 文件","status":"passed","title":"拒绝与生成态 manifest 一起被替换的 runtime 文件","duration":128.16219999999998,"failureMessages":[],"meta":{}}],"startTime":1785856228707,"endTime":1785856228835.162,"status":"passed","message":"","name":"W:/DESKbook/我的项目/BlackRain/apps/desktop/scripts/verify-codex-runtime.test.ts"},{"assertionResults":[{"ancestorTitles":["i18n"],"fullName":"i18n normalizes unsupported language preferences to system","status":"passed","title":"normalizes unsupported language preferences to system","duration":2.7491999999999734,"failureMessages":[],"meta":{}},{"ancestorTitles":["i18n"],"fullName":"i18n resolves system language to a supported locale","status":"passed","title":"resolves system language to a supported locale","duration":0.6263000000001284,"failureMessages":[],"meta":{}},{"ancestorTitles":["i18n"],"fullName":"i18n translates and interpolates values","status":"passed","title":"translates and interpolates values","duration":1.0230000000001382,"failureMessages":[],"meta":{}}],"startTime":1785856233440,"endTime":1785856233445.023,"status":"passed","message":"","name":"W:/DESKbook/我的项目/BlackRain/apps/desktop/src/i18n/i18n.test.ts"},{"assertionResults":[{"ancestorTitles":["Agent host service"],"fullName":"Agent host service 在 Electron 下投影 thread、turn、steer 与 interrupt typed API","status":"passed","title":"在 Electron 下投影 thread、turn、steer 与 interrupt typed API","duration":15.200900000000274,"failureMessages":[],"meta":{}}],"startTime":1785856226791,"endTime":1785856226806.201,"status":"passed","message":"","name":"W:/DESKbook/我的项目/BlackRain/apps/desktop/src/services/agent.test.ts"},{"assertionResults":[{"ancestorTitles":["Electron typed 事件入口"],"fullName":"Electron typed 事件入口 补拉、排序并去重 App Server 事件","status":"passed","title":"补拉、排序并去重 App Server 事件","duration":6.008899999999812,"failureMessages":[],"meta":{}},{"ancestorTitles":["Electron typed 事件入口"],"fullName":"Electron typed 事件入口 统一扇出 terminal data/exit 并在最后一个订阅释放时解绑","status":"passed","title":"统一扇出 terminal data/exit 并在最后一个订阅释放时解绑","duration":6.037599999999657,"failureMessages":[],"meta":{}}],"startTime":1785856226617,"endTime":1785856226630.0376,"status":"passed","message":"","name":"W:/DESKbook/我的项目/BlackRain/apps/desktop/src/services/events.test.ts"},{"assertionResults":[{"ancestorTitles":["error toasts"],"fullName":"error toasts publishes error toasts to subscribers","status":"passed","title":"publishes error toasts to subscribers","duration":7.5861999999999625,"failureMessages":[],"meta":{}}],"startTime":1785856232317,"endTime":1785856232324.5862,"status":"passed","message":"","name":"W:/DESKbook/我的项目/BlackRain/apps/desktop/src/services/toasts.test.ts"},{"assertionResults":[{"ancestorTitles":["workspace host service"],"fullName":"workspace host service Electron 下使用 typed workspace API","status":"passed","title":"Electron 下使用 typed workspace API","duration":10.465200000000095,"failureMessages":[],"meta":{}}],"startTime":1785856227228,"endTime":1785856227238.465,"status":"passed","message":"","name":"W:/DESKbook/我的项目/BlackRain/apps/desktop/src/services/workspaces.test.ts"},{"assertionResults":[{"ancestorTitles":["appServerEvents"],"fullName":"appServerEvents extracts method and params safely","status":"passed","title":"extracts method and params safely","duration":6.647899999999936,"failureMessages":[],"meta":{}},{"ancestorTitles":["appServerEvents"],"fullName":"appServerEvents checks supported method and approval requests","status":"passed","title":"checks supported method and approval requests","duration":1.2866999999998825,"failureMessages":[],"meta":{}},{"ancestorTitles":["appServerEvents"],"fullName":"appServerEvents matches canonical skills update event method only","status":"passed","title":"matches canonical skills update event method only","duration":1.266300000000001,"failureMessages":[],"meta":{}},{"ancestorTitles":["appServerEvents"],"fullName":"appServerEvents matches canonical app list update event method only","status":"passed","title":"matches canonical app list update event method only","duration":0.3524999999999636,"failureMessages":[],"meta":{}},{"ancestorTitles":["appServerEvents"],"fullName":"appServerEvents gracefully handles malformed event payloads","status":"passed","title":"gracefully handles malformed event payloads","duration":0.5996999999999844,"failureMessages":[],"meta":{}},{"ancestorTitles":["appServerEvents"],"fullName":"appServerEvents keeps supported methods aligned with useAppServerEvents routing","status":"passed","title":"keeps supported methods aligned with useAppServerEvents routing","duration":0.4236000000000786,"failureMessages":[],"meta":{}}],"startTime":1785856233152,"endTime":1785856233163.4236,"status":"passed","message":"","name":"W:/DESKbook/我的项目/BlackRain/apps/desktop/src/utils/appServerEvents.test.ts"},{"assertionResults":[{"ancestorTitles":["normalizeCodexArgsInput"],"fullName":"normalizeCodexArgsInput normalizes smart punctuation and strips whole-string quotes","status":"passed","title":"normalizes smart punctuation and strips whole-string quotes","duration":2.7853999999999814,"failureMessages":[],"meta":{}},{"ancestorTitles":["normalizeCodexArgsInput"],"fullName":"normalizeCodexArgsInput returns null for empty/whitespace values","status":"passed","title":"returns null for empty/whitespace values","duration":0.3813000000000102,"failureMessages":[],"meta":{}},{"ancestorTitles":["normalizeCodexArgsInput"],"fullName":"normalizeCodexArgsInput keeps already-valid args unchanged","status":"passed","title":"keeps already-valid args unchanged","duration":0.37800000000004275,"failureMessages":[],"meta":{}},{"ancestorTitles":["normalizeCodexArgsInput"],"fullName":"normalizeCodexArgsInput preserves long-flag equals forms when normalizing smart dashes","status":"passed","title":"preserves long-flag equals forms when normalizing smart dashes","duration":0.3869999999999436,"failureMessages":[],"meta":{}}],"startTime":1785856234496,"endTime":1785856234500.387,"status":"passed","message":"","name":"W:/DESKbook/我的项目/BlackRain/apps/desktop/src/utils/codexArgsInput.test.ts"},{"assertionResults":[{"ancestorTitles":["shouldApplyCommitMessage"],"fullName":"shouldApplyCommitMessage returns true when workspace ids match","status":"passed","title":"returns true when workspace ids match","duration":1.900600000000054,"failureMessages":[],"meta":{}},{"ancestorTitles":["shouldApplyCommitMessage"],"fullName":"shouldApplyCommitMessage returns false when workspace ids differ","status":"passed","title":"returns false when workspace ids differ","duration":0.3724000000000842,"failureMessages":[],"meta":{}},{"ancestorTitles":["shouldApplyCommitMessage"],"fullName":"shouldApplyCommitMessage returns false when active workspace is null","status":"passed","title":"returns false when active workspace is null","duration":0.22790000000009059,"failureMessages":[],"meta":{}}],"startTime":1785856235025,"endTime":1785856235028.2278,"status":"passed","message":"","name":"W:/DESKbook/我的项目/BlackRain/apps/desktop/src/utils/commitMessage.test.ts"},{"assertionResults":[{"ancestorTitles":["parseFileUrlLocation"],"fullName":"parseFileUrlLocation keeps encoded #L-like path segments as part of the decoded filename","status":"passed","title":"keeps encoded #L-like path segments as part of the decoded filename","duration":3.086999999999989,"failureMessages":[],"meta":{}},{"ancestorTitles":["parseFileUrlLocation"],"fullName":"parseFileUrlLocation uses only the real URL fragment as a line anchor","status":"passed","title":"uses only the real URL fragment as a line anchor","duration":0.6095000000000255,"failureMessages":[],"meta":{}},{"ancestorTitles":["parseFileUrlLocation"],"fullName":"parseFileUrlLocation keeps Windows drive paths when decoding a file URL with an unescaped percent","status":"passed","title":"keeps Windows drive paths when decoding a file URL with an unescaped percent","duration":0.2948000000000093,"failureMessages":[],"meta":{}},{"ancestorTitles":["parseFileUrlLocation"],"fullName":"parseFileUrlLocation keeps UNC host paths when decoding a file URL with an unescaped percent","status":"passed","title":"keeps UNC host paths when decoding a file URL with an unescaped percent","duration":0.22900000000004184,"failureMessages":[],"meta":{}},{"ancestorTitles":["parseFileUrlLocation"],"fullName":"parseFileUrlLocation preserves Windows drive info when the URL constructor fallback is used","status":"passed","title":"preserves Windows drive info when the URL constructor fallback is used","duration":0.5815999999999804,"failureMessages":[],"meta":{}},{"ancestorTitles":["parseFileUrlLocation"],"fullName":"parseFileUrlLocation preserves UNC host info when the URL constructor fallback is used","status":"passed","title":"preserves UNC host info when the URL constructor fallback is used","duration":0.32159999999998945,"failureMessages":[],"meta":{}},{"ancestorTitles":["parseFileUrlLocation"],"fullName":"parseFileUrlLocation keeps encoded #L-like path segments when the URL constructor fallback is used","status":"passed","title":"keeps encoded #L-like path segments when the URL constructor fallback is used","duration":0.3630000000000564,"failureMessages":[],"meta":{}},{"ancestorTitles":["parseFileUrlLocation"],"fullName":"parseFileUrlLocation round-trips Windows namespace drive paths through file URLs","status":"passed","title":"round-trips Windows namespace drive paths through file URLs","duration":0.75750000000005,"failureMessages":[],"meta":{}},{"ancestorTitles":["parseFileUrlLocation"],"fullName":"parseFileUrlLocation round-trips Windows namespace UNC paths through file URLs","status":"passed","title":"round-trips Windows namespace UNC paths through file URLs","duration":0.44249999999999545,"failureMessages":[],"meta":{}}],"startTime":1785856233392,"endTime":1785856233399.4424,"status":"passed","message":"","name":"W:/DESKbook/我的项目/BlackRain/apps/desktop/src/utils/fileLinks.test.ts"},{"assertionResults":[{"ancestorTitles":["playNotificationSound"],"fullName":"playNotificationSound plays notification audio via Web Audio API","status":"passed","title":"plays notification audio via Web Audio API","duration":97.1210000000001,"failureMessages":[],"meta":{}},{"ancestorTitles":["playNotificationSound"],"fullName":"playNotificationSound logs debug information when fetch fails","status":"passed","title":"logs debug information when fetch fails","duration":156.76960000000008,"failureMessages":[],"meta":{}},{"ancestorTitles":["playNotificationSound"],"fullName":"playNotificationSound attempts to resume suspended contexts before playback","status":"passed","title":"attempts to resume suspended contexts before playback","duration":150.9697000000001,"failureMessages":[],"meta":{}}],"startTime":1785856205005,"endTime":1785856205409.9697,"status":"passed","message":"","name":"W:/DESKbook/我的项目/BlackRain/apps/desktop/src/utils/notificationSounds.test.ts"},{"assertionResults":[{"ancestorTitles":["isMobilePlatform"],"fullName":"isMobilePlatform returns true for iPhone-like user agents","status":"passed","title":"returns true for iPhone-like user agents","duration":2.53430000000003,"failureMessages":[],"meta":{}},{"ancestorTitles":["isMobilePlatform"],"fullName":"isMobilePlatform returns false for desktop platforms","status":"passed","title":"returns false for desktop platforms","duration":1.0317000000000007,"failureMessages":[],"meta":{}},{"ancestorTitles":["isMobilePlatform"],"fullName":"isMobilePlatform returns true for iPad desktop user agents with touch support","status":"passed","title":"returns true for iPad desktop user agents with touch support","duration":0.4275000000000091,"failureMessages":[],"meta":{}}],"startTime":1785856234944,"endTime":1785856234948.4275,"status":"passed","message":"","name":"W:/DESKbook/我的项目/BlackRain/apps/desktop/src/utils/platformPaths.test.ts"},{"assertionResults":[{"ancestorTitles":["buildPullRequestReviewPrompt"],"fullName":"buildPullRequestReviewPrompt includes metadata, diff excerpts, and request instructions","status":"passed","title":"includes metadata, diff excerpts, and request instructions","duration":3.1748000000000047,"failureMessages":[],"meta":{}},{"ancestorTitles":["buildPullRequestReviewPrompt"],"fullName":"buildPullRequestReviewPrompt includes selected range context when provided","status":"passed","title":"includes selected range context when provided","duration":0.565900000000056,"failureMessages":[],"meta":{}},{"ancestorTitles":["buildPullRequestReviewPrompt"],"fullName":"buildPullRequestReviewPrompt uses collision-safe fenced blocks for untrusted diff and selection content","status":"passed","title":"uses collision-safe fenced blocks for untrusted diff and selection content","duration":0.5962999999999283,"failureMessages":[],"meta":{}},{"ancestorTitles":["buildPullRequestReviewPrompt"],"fullName":"buildPullRequestReviewPrompt uses collision-safe fenced block for untrusted PR description content","status":"passed","title":"uses collision-safe fenced block for untrusted PR description content","duration":0.9675999999999476,"failureMessages":[],"meta":{}}],"startTime":1785856233370,"endTime":1785856233375.9675,"status":"passed","message":"","name":"W:/DESKbook/我的项目/BlackRain/apps/desktop/src/utils/pullRequestReviewPrompt.test.ts"},{"assertionResults":[{"ancestorTitles":["shortcuts"],"fullName":"shortcuts maps cmd+ctrl to Ctrl+Alt on non-mac platforms","status":"passed","title":"maps cmd+ctrl to Ctrl+Alt on non-mac platforms","duration":4.192800000000261,"failureMessages":[],"meta":{}},{"ancestorTitles":["shortcuts"],"fullName":"shortcuts keeps cmd as CmdOrCtrl on non-mac platforms","status":"passed","title":"keeps cmd as CmdOrCtrl on non-mac platforms","duration":0.5357000000003609,"failureMessages":[],"meta":{}},{"ancestorTitles":["shortcuts"],"fullName":"shortcuts requires both cmd and ctrl on macOS","status":"passed","title":"requires both cmd and ctrl on macOS","duration":0.7202000000002045,"failureMessages":[],"meta":{}}],"startTime":1785856227796,"endTime":1785856227801.7202,"status":"passed","message":"","name":"W:/DESKbook/我的项目/BlackRain/apps/desktop/src/utils/shortcuts.test.ts"},{"assertionResults":[{"ancestorTitles":["threadItems"],"fullName":"threadItems truncates long message text in normalizeItem","status":"passed","title":"truncates long message text in normalizeItem","duration":5.07340000000022,"failureMessages":[],"meta":{}},{"ancestorTitles":["threadItems"],"fullName":"threadItems truncates extremely large tool output for fileChange and commandExecution","status":"passed","title":"truncates extremely large tool output for fileChange and commandExecution","duration":1.0265999999996893,"failureMessages":[],"meta":{}},{"ancestorTitles":["threadItems"],"fullName":"threadItems truncates older tool output in prepareThreadItems","status":"passed","title":"truncates older tool output in prepareThreadItems","duration":3.6680999999998676,"failureMessages":[],"meta":{}},{"ancestorTitles":["threadItems"],"fullName":"threadItems respects custom max items per thread in prepareThreadItems","status":"passed","title":"respects custom max items per thread in prepareThreadItems","duration":1.7910999999999149,"failureMessages":[],"meta":{}},{"ancestorTitles":["threadItems"],"fullName":"threadItems supports unlimited max items per thread in prepareThreadItems","status":"passed","title":"supports unlimited max items per thread in prepareThreadItems","duration":0.6059000000000196,"failureMessages":[],"meta":{}},{"ancestorTitles":["threadItems"],"fullName":"threadItems drops assistant review summaries that duplicate completed review items","status":"passed","title":"drops assistant review summaries that duplicate completed review items","duration":0.9590000000002874,"failureMessages":[],"meta":{}},{"ancestorTitles":["threadItems"],"fullName":"threadItems summarizes explored reads and hides raw commands","status":"passed","title":"summarizes explored reads and hides raw commands","duration":3.3179999999997563,"failureMessages":[],"meta":{}},{"ancestorTitles":["threadItems"],"fullName":"threadItems treats inProgress command status as exploring","status":"passed","title":"treats inProgress command status as exploring","duration":0.8569999999999709,"failureMessages":[],"meta":{}},{"ancestorTitles":["threadItems"],"fullName":"threadItems deduplicates explore entries when consecutive summaries merge","status":"passed","title":"deduplicates explore entries when consecutive summaries merge","duration":1.1831999999999425,"failureMessages":[],"meta":{}},{"ancestorTitles":["threadItems"],"fullName":"threadItems preserves distinct read paths that share the same basename","status":"passed","title":"preserves distinct read paths that share the same basename","duration":3.4774999999999636,"failureMessages":[],"meta":{}},{"ancestorTitles":["threadItems"],"fullName":"threadItems preserves multi-path read commands instead of collapsing to the last path","status":"passed","title":"preserves multi-path read commands instead of collapsing to the last path","duration":0.8657000000002881,"failureMessages":[],"meta":{}},{"ancestorTitles":["threadItems"],"fullName":"threadItems ignores glob patterns when summarizing rg --files commands","status":"passed","title":"ignores glob patterns when summarizing rg --files commands","duration":0.9328999999997905,"failureMessages":[],"meta":{}},{"ancestorTitles":["threadItems"],"fullName":"threadItems skips rg glob flag values and keeps the actual search path","status":"passed","title":"skips rg glob flag values and keeps the actual search path","duration":0.6799999999998363,"failureMessages":[],"meta":{}},{"ancestorTitles":["threadItems"],"fullName":"threadItems unwraps unquoted /bin/zsh -lc rg commands","status":"passed","title":"unwraps unquoted /bin/zsh -lc rg commands","duration":0.6340000000000146,"failureMessages":[],"meta":{}},{"ancestorTitles":["threadItems"],"fullName":"threadItems treats nl -ba as a read command","status":"passed","title":"treats nl -ba as a read command","duration":0.6259000000000015,"failureMessages":[],"meta":{}},{"ancestorTitles":["threadItems"],"fullName":"threadItems summarizes piped nl commands using the left-hand read","status":"passed","title":"summarizes piped nl commands using the left-hand read","duration":0.8301000000001295,"failureMessages":[],"meta":{}},{"ancestorTitles":["threadItems"],"fullName":"threadItems does not trim pipes that appear inside quoted arguments","status":"passed","title":"does not trim pipes that appear inside quoted arguments","duration":0.8067000000000917,"failureMessages":[],"meta":{}},{"ancestorTitles":["threadItems"],"fullName":"threadItems keeps raw commands when they are not recognized","status":"passed","title":"keeps raw commands when they are not recognized","duration":0.38950000000022555,"failureMessages":[],"meta":{}},{"ancestorTitles":["threadItems"],"fullName":"threadItems keeps raw commands when they fail","status":"passed","title":"keeps raw commands when they fail","duration":0.30030000000033397,"failureMessages":[],"meta":{}},{"ancestorTitles":["threadItems"],"fullName":"threadItems builds file change items with summary details","status":"passed","title":"builds file change items with summary details","duration":1.2924000000002707,"failureMessages":[],"meta":{}},{"ancestorTitles":["threadItems"],"fullName":"threadItems defaults web search items to completed status","status":"passed","title":"defaults web search items to completed status","duration":0.3847000000000662,"failureMessages":[],"meta":{}},{"ancestorTitles":["threadItems"],"fullName":"threadItems merges thread items preferring non-empty remote tool output","status":"passed","title":"merges thread items preferring non-empty remote tool output","duration":0.87920000000031,"failureMessages":[],"meta":{}},{"ancestorTitles":["threadItems"],"fullName":"threadItems keeps local tool output when remote output is empty","status":"passed","title":"keeps local tool output when remote output is empty","duration":0.4823999999998705,"failureMessages":[],"meta":{}},{"ancestorTitles":["threadItems"],"fullName":"threadItems keeps local tool status when remote status is empty","status":"passed","title":"keeps local tool status when remote status is empty","duration":0.33590000000003783,"failureMessages":[],"meta":{}},{"ancestorTitles":["threadItems"],"fullName":"threadItems preserves streamed plan output when completion item has empty output","status":"passed","title":"preserves streamed plan output when completion item has empty output","duration":0.8335999999999331,"failureMessages":[],"meta":{}},{"ancestorTitles":["threadItems"],"fullName":"threadItems uses incoming tool output even when shorter than existing output","status":"passed","title":"uses incoming tool output even when shorter than existing output","duration":0.5104000000001179,"failureMessages":[],"meta":{}},{"ancestorTitles":["threadItems"],"fullName":"threadItems preserves streamed reasoning content when completion item is empty","status":"passed","title":"preserves streamed reasoning content when completion item is empty","duration":0.38049999999975626,"failureMessages":[],"meta":{}},{"ancestorTitles":["threadItems"],"fullName":"threadItems preserves existing userInput answers when incoming payload has equal question count and no answers","status":"passed","title":"preserves existing userInput answers when incoming payload has equal question count and no answers","duration":0.7842000000000553,"failureMessages":[],"meta":{}},{"ancestorTitles":["threadItems"],"fullName":"threadItems preserves existing answers for questions that are empty in a partial userInput upsert","status":"passed","title":"preserves existing answers for questions that are empty in a partial userInput upsert","duration":0.5387999999998101,"failureMessages":[],"meta":{}},{"ancestorTitles":["threadItems"],"fullName":"threadItems preserves answered questions missing from a partial userInput upsert","status":"passed","title":"preserves answered questions missing from a partial userInput upsert","duration":0.6783000000000357,"failureMessages":[],"meta":{}},{"ancestorTitles":["threadItems"],"fullName":"threadItems builds user message text from mixed inputs","status":"passed","title":"builds user message text from mixed inputs","duration":1.8601000000003296,"failureMessages":[],"meta":{}},{"ancestorTitles":["threadItems"],"fullName":"threadItems keeps image-only user messages without placeholder text","status":"passed","title":"keeps image-only user messages without placeholder text","duration":0.37980000000015934,"failureMessages":[],"meta":{}},{"ancestorTitles":["threadItems"],"fullName":"threadItems formats collab tool calls with receivers and agent states","status":"passed","title":"formats collab tool calls with receivers and agent states","duration":1.6539999999999964,"failureMessages":[],"meta":{}},{"ancestorTitles":["threadItems"],"fullName":"threadItems captures rich collab metadata from receiver_agents and agent_statuses","status":"passed","title":"captures rich collab metadata from receiver_agents and agent_statuses","duration":0.9239000000002306,"failureMessages":[],"meta":{}},{"ancestorTitles":["threadItems"],"fullName":"threadItems builds context compaction items","status":"passed","title":"builds context compaction items","duration":0.3326999999999316,"failureMessages":[],"meta":{}},{"ancestorTitles":["threadItems"],"fullName":"threadItems builds context compaction items from thread history","status":"passed","title":"builds context compaction items from thread history","duration":0.2717999999999847,"failureMessages":[],"meta":{}},{"ancestorTitles":["threadItems"],"fullName":"threadItems preserves owning turn ids when building items from a thread","status":"passed","title":"preserves owning turn ids when building items from a thread","duration":0.43840000000000146,"failureMessages":[],"meta":{}},{"ancestorTitles":["threadItems"],"fullName":"threadItems prefers explicit turn ids over item ids when both are present","status":"passed","title":"prefers explicit turn ids over item ids when both are present","duration":0.1922999999997046,"failureMessages":[],"meta":{}},{"ancestorTitles":["threadItems"],"fullName":"threadItems parses ISO timestamps for thread updates","status":"passed","title":"parses ISO timestamps for thread updates","duration":0.2946999999999207,"failureMessages":[],"meta":{}},{"ancestorTitles":["threadItems"],"fullName":"threadItems returns 0 for invalid thread timestamps","status":"passed","title":"returns 0 for invalid thread timestamps","duration":0.13160000000016225,"failureMessages":[],"meta":{}},{"ancestorTitles":["threadItems"],"fullName":"threadItems parses created timestamps","status":"passed","title":"parses created timestamps","duration":0.25840000000016516,"failureMessages":[],"meta":{}}],"startTime":1785856230771,"endTime":1785856230814.2583,"status":"passed","message":"","name":"W:/DESKbook/我的项目/BlackRain/apps/desktop/src/utils/threadItems.test.ts"},{"assertionResults":[{"ancestorTitles":["threadStatus"],"fullName":"threadStatus prioritizes pending user input over processing state","status":"passed","title":"prioritizes pending user input over processing state","duration":2.58929999999998,"failureMessages":[],"meta":{}},{"ancestorTitles":["threadStatus"],"fullName":"threadStatus maps thread status to workspace home labels and classes","status":"passed","title":"maps thread status to workspace home labels and classes","duration":1.7736000000001013,"failureMessages":[],"meta":{}},{"ancestorTitles":["threadStatus"],"fullName":"threadStatus keeps running state when processing and reviewing are both true","status":"passed","title":"keeps running state when processing and reviewing are both true","duration":0.41200000000003456,"failureMessages":[],"meta":{}}],"startTime":1785856232735,"endTime":1785856232740.412,"status":"passed","message":"","name":"W:/DESKbook/我的项目/BlackRain/apps/desktop/src/utils/threadStatus.test.ts"},{"assertionResults":[{"ancestorTitles":["formatRelativeTime"],"fullName":"formatRelativeTime keeps labels stable across host locales","status":"passed","title":"keeps labels stable across host locales","duration":48.73199999999997,"failureMessages":[],"meta":{}}],"startTime":1785856230228,"endTime":1785856230276.732,"status":"passed","message":"","name":"W:/DESKbook/我的项目/BlackRain/apps/desktop/src/utils/time.test.ts"},{"assertionResults":[{"ancestorTitles":["resolveBlackRainDataPaths"],"fullName":"resolveBlackRainDataPaths 只在 BlackRain app-data 下建立 Electron 宿主状态目录","status":"passed","title":"只在 BlackRain app-data 下建立 Electron 宿主状态目录","duration":4.423099999999977,"failureMessages":[],"meta":{}},{"ancestorTitles":["resolveBlackRainDataPaths"],"fullName":"resolveBlackRainDataPaths 拒绝相对 appData 路径","status":"passed","title":"拒绝相对 appData 路径","duration":1.7824000000000524,"failureMessages":[],"meta":{}},{"ancestorTitles":["resolveElectronAppDataPath"],"fullName":"resolveElectronAppDataPath 仅在 BLACKRAIN_ELECTRON_SMOKE 测试运行中使用隔离目录","status":"passed","title":"仅在 BLACKRAIN_ELECTRON_SMOKE 测试运行中使用隔离目录","duration":0.6104000000000269,"failureMessages":[],"meta":{}},{"ancestorTitles":["resolveElectronAppDataPath"],"fullName":"resolveElectronAppDataPath 仅在 BLACKRAIN_ELECTRON_E2E 测试运行中使用隔离目录","status":"passed","title":"仅在 BLACKRAIN_ELECTRON_E2E 测试运行中使用隔离目录","duration":0.2279999999998381,"failureMessages":[],"meta":{}},{"ancestorTitles":["resolveElectronAppDataPath"],"fullName":"resolveElectronAppDataPath 仅在 BLACKRAIN_ELECTRON_NATIVE_INPUT_PROBE 测试运行中使用隔离目录","status":"passed","title":"仅在 BLACKRAIN_ELECTRON_NATIVE_INPUT_PROBE 测试运行中使用隔离目录","duration":0.2883999999999105,"failureMessages":[],"meta":{}},{"ancestorTitles":["resolveElectronAppDataPath"],"fullName":"resolveElectronAppDataPath 普通启动忽略测试目录 override","status":"passed","title":"普通启动忽略测试目录 override","duration":0.31790000000000873,"failureMessages":[],"meta":{}}],"startTime":1785856233841,"endTime":1785856233849.3179,"status":"passed","message":"","name":"W:/DESKbook/我的项目/BlackRain/apps/desktop/electron/main/app/data-paths.test.ts"},{"assertionResults":[{"ancestorTitles":["RuntimeBootstrapCoordinator"],"fullName":"RuntimeBootstrapCoordinator 诊断缓冲会脱敏凭据和本机绝对路径","status":"passed","title":"诊断缓冲会脱敏凭据和本机绝对路径","duration":3.6685999999999694,"failureMessages":[],"meta":{}},{"ancestorTitles":["RuntimeBootstrapCoordinator"],"fullName":"RuntimeBootstrapCoordinator 启动唯一 app-server 并识别已登录 Home","status":"passed","title":"启动唯一 app-server 并识别已登录 Home","duration":4.326400000000149,"failureMessages":[],"meta":{}},{"ancestorTitles":["RuntimeBootstrapCoordinator"],"fullName":"RuntimeBootstrapCoordinator 无 Codex 账户时保持可见的未登录状态，并允许幂等初始化","status":"passed","title":"无 Codex 账户时保持可见的未登录状态，并允许幂等初始化","duration":2.9602000000002135,"failureMessages":[],"meta":{}},{"ancestorTitles":["RuntimeBootstrapCoordinator"],"fullName":"RuntimeBootstrapCoordinator 启动失败进入 degraded，重试只复用 Electron runtime","status":"passed","title":"启动失败进入 degraded，重试只复用 Electron runtime","duration":7.261600000000044,"failureMessages":[],"meta":{}}],"startTime":1785856231448,"endTime":1785856231466.2617,"status":"passed","message":"","name":"W:/DESKbook/我的项目/BlackRain/apps/desktop/electron/main/app/runtime-bootstrap.test.ts"},{"assertionResults":[{"ancestorTitles":["SystemPowerLifecycle"],"fullName":"SystemPowerLifecycle 串行执行睡眠与唤醒恢复，并合并重复事件","status":"passed","title":"串行执行睡眠与唤醒恢复，并合并重复事件","duration":6.532500000000027,"failureMessages":[],"meta":{}},{"ancestorTitles":["SystemPowerLifecycle"],"fullName":"SystemPowerLifecycle 单个目标失败后仍允许后续唤醒恢复","status":"passed","title":"单个目标失败后仍允许后续唤醒恢复","duration":68.2337,"failureMessages":[],"meta":{}},{"ancestorTitles":["SystemPowerLifecycle"],"fullName":"SystemPowerLifecycle 绑定并释放 Electron powerMonitor 事件","status":"passed","title":"绑定并释放 Electron powerMonitor 事件","duration":1.1931999999999334,"failureMessages":[],"meta":{}}],"startTime":1785856228725,"endTime":1785856228800.193,"status":"passed","message":"","name":"W:/DESKbook/我的项目/BlackRain/apps/desktop/electron/main/app/system-power-lifecycle.test.ts"},{"assertionResults":[{"ancestorTitles":["SystemUiService"],"fullName":"SystemUiService 只接受 schema 内的菜单项并返回用户选择","status":"passed","title":"只接受 schema 内的菜单项并返回用户选择","duration":9.86999999999989,"failureMessages":[],"meta":{}},{"ancestorTitles":["SystemUiService"],"fullName":"SystemUiService 通过 Electron Notification 展示经过校验的通知","status":"passed","title":"通过 Electron Notification 展示经过校验的通知","duration":4.58809999999994,"failureMessages":[],"meta":{}}],"startTime":1785856232086,"endTime":1785856232100.5881,"status":"passed","message":"","name":"W:/DESKbook/我的项目/BlackRain/apps/desktop/electron/main/app/system-ui-service.test.ts"},{"assertionResults":[{"ancestorTitles":["AgentEventStream"],"fullName":"AgentEventStream 按 sequence 发布、补拉和退订事件","status":"passed","title":"按 sequence 发布、补拉和退订事件","duration":10.476000000000113,"failureMessages":[],"meta":{}},{"ancestorTitles":["AgentEventStream"],"fullName":"AgentEventStream 限制队列数量并标记过旧 cursor","status":"passed","title":"限制队列数量并标记过旧 cursor","duration":10.257900000000063,"failureMessages":[],"meta":{}},{"ancestorTitles":["AgentEventStream"],"fullName":"AgentEventStream 拒绝超大或不可序列化消息且不推进 sequence","status":"passed","title":"拒绝超大或不可序列化消息且不推进 sequence","duration":4.139400000000023,"failureMessages":[],"meta":{}}],"startTime":1785856230982,"endTime":1785856231007.1394,"status":"passed","message":"","name":"W:/DESKbook/我的项目/BlackRain/apps/desktop/electron/main/app-server/agent-event-stream.test.ts"},{"assertionResults":[{"ancestorTitles":["AppServerProcess"],"fullName":"AppServerProcess spawn 子进程并跑通 initialize、双向 request、stderr 与退出","status":"passed","title":"spawn 子进程并跑通 initialize、双向 request、stderr 与退出","duration":483.81039999999985,"failureMessages":[],"meta":{}},{"ancestorTitles":["AppServerProcess"],"fullName":"AppServerProcess 构造固定的原装 codex app-server 启动参数","status":"passed","title":"构造固定的原装 codex app-server 启动参数","duration":0.6971000000000913,"failureMessages":[],"meta":{}},{"ancestorTitles":["AppServerProcess"],"fullName":"AppServerProcess spawn 失败后仍可完成 stop，且退出只结算一次","status":"passed","title":"spawn 失败后仍可完成 stop，且退出只结算一次","duration":5.663700000000063,"failureMessages":[],"meta":{}},{"ancestorTitles":["AppServerProcess"],"fullName":"AppServerProcess grace deadline 后强制回收 Windows App Server 进程树","status":"passed","title":"grace deadline 后强制回收 Windows App Server 进程树","duration":455.38509999999997,"failureMessages":[],"meta":{}},{"ancestorTitles":["AppServerProcess"],"fullName":"AppServerProcess 使用 taskkill /T /F 回收 App Server 后代进程","status":"passed","title":"使用 taskkill /T /F 回收 App Server 后代进程","duration":1843.2389000000003,"failureMessages":[],"meta":{}}],"startTime":1785856226898,"endTime":1785856229687.239,"status":"passed","message":"","name":"W:/DESKbook/我的项目/BlackRain/apps/desktop/electron/main/app-server/app-server-process.test.ts"},{"assertionResults":[{"ancestorTitles":["AppServerRuntime"],"fullName":"AppServerRuntime 拒绝不完整 Browser MCP 配置和双路由配置","status":"passed","title":"拒绝不完整 Browser MCP 配置和双路由配置","duration":6.215699999999742,"failureMessages":[],"meta":{}},{"ancestorTitles":["AppServerRuntime"],"fullName":"AppServerRuntime 跑通 thread/turn/dynamic tool 到唯一 Browser backend","status":"passed","title":"跑通 thread/turn/dynamic tool 到唯一 Browser backend","duration":1004.7973000000002,"failureMessages":[],"meta":{}},{"ancestorTitles":["AppServerRuntime"],"fullName":"AppServerRuntime app-server 在活跃 turn 崩溃后释放 Browser 控制并允许重新启动","status":"passed","title":"app-server 在活跃 turn 崩溃后释放 Browser 控制并允许重新启动","duration":948.5479999999998,"failureMessages":[],"meta":{}},{"ancestorTitles":["AppServerRuntime"],"fullName":"AppServerRuntime 将审批 server request 绑定 workspace 转发并只接受一次响应","status":"passed","title":"将审批 server request 绑定 workspace 转发并只接受一次响应","duration":415.51590000000033,"failureMessages":[],"meta":{}},{"ancestorTitles":["AppServerRuntime"],"fullName":"AppServerRuntime 通过同一 app-server 管理账户登录、取消和退出","status":"passed","title":"通过同一 app-server 管理账户登录、取消和退出","duration":297.85480000000007,"failureMessages":[],"meta":{}},{"ancestorTitles":["AppServerRuntime"],"fullName":"AppServerRuntime 恢复 thread、取消审批 request，并在 interrupt 后释放 Browser 控制","status":"passed","title":"恢复 thread、取消审批 request，并在 interrupt 后释放 Browser 控制","duration":579.4791999999998,"failureMessages":[],"meta":{}},{"ancestorTitles":["AppServerRuntime"],"fullName":"AppServerRuntime 睡眠前停止 App Server 与 Browser transport，唤醒后恢复此前运行的 runtime","status":"passed","title":"睡眠前停止 App Server 与 Browser transport，唤醒后恢复此前运行的 runtime","duration":629.9564,"failureMessages":[],"meta":{}}],"startTime":1785856227827,"endTime":1785856231711.9563,"status":"passed","message":"","name":"W:/DESKbook/我的项目/BlackRain/apps/desktop/electron/main/app-server/app-server-runtime.test.ts"},{"assertionResults":[{"ancestorTitles":["bundled codex app-server 集成探针"],"fullName":"bundled codex app-server 集成探针 从生产资源布局启动、初始化 thread 并优雅退出","status":"skipped","title":"从生产资源布局启动、初始化 thread 并优雅退出","failureMessages":[],"meta":{}}],"startTime":1785856181462,"endTime":1785856181462,"status":"passed","message":"","name":"W:/DESKbook/我的项目/BlackRain/apps/desktop/electron/main/app-server/bundled-app-server-probe.test.ts"},{"assertionResults":[{"ancestorTitles":["bundled codex Browser MCP 生产接缝探针"],"fullName":"bundled codex Browser MCP 生产接缝探针 注册 stdio MCP、发现窄接口工具并透传可信 route metadata","status":"skipped","title":"注册 stdio MCP、发现窄接口工具并透传可信 route metadata","failureMessages":[],"meta":{}}],"startTime":1785856181462,"endTime":1785856181462,"status":"passed","message":"","name":"W:/DESKbook/我的项目/BlackRain/apps/desktop/electron/main/app-server/bundled-browser-mcp-probe.test.ts"},{"assertionResults":[{"ancestorTitles":["resolveCodexExecutablePath"],"fullName":"resolveCodexExecutablePath 开发覆盖只接受存在的绝对路径","status":"passed","title":"开发覆盖只接受存在的绝对路径","duration":12.496499999999969,"failureMessages":[],"meta":{}},{"ancestorTitles":["resolveCodexExecutablePath"],"fullName":"resolveCodexExecutablePath 按官方 package 布局解析 bundled codex.exe","status":"passed","title":"按官方 package 布局解析 bundled codex.exe","duration":347.09820000000013,"failureMessages":[],"meta":{}}],"startTime":1785856228310,"endTime":1785856228670.0981,"status":"passed","message":"","name":"W:/DESKbook/我的项目/BlackRain/apps/desktop/electron/main/app-server/codex-executable.test.ts"},{"assertionResults":[{"ancestorTitles":["applyCodexHomeSelection"],"fullName":"applyCodexHomeSelection 默认保留父进程环境并沿用 Codex CLI 标准 Home 解析","status":"passed","title":"默认保留父进程环境并沿用 Codex CLI 标准 Home 解析","duration":3.318599999999833,"failureMessages":[],"meta":{}},{"ancestorTitles":["applyCodexHomeSelection"],"fullName":"applyCodexHomeSelection custom 模式只接受用户显式选择的绝对路径","status":"passed","title":"custom 模式只接受用户显式选择的绝对路径","duration":1.855600000000095,"failureMessages":[],"meta":{}},{"ancestorTitles":["applyCodexHomeSelection"],"fullName":"applyCodexHomeSelection 标准 Home 沿用 CODEX_HOME，否则使用用户目录下的 .codex","status":"passed","title":"标准 Home 沿用 CODEX_HOME，否则使用用户目录下的 .codex","duration":0.7182000000000244,"failureMessages":[],"meta":{}},{"ancestorTitles":["applyCodexHomeSelection"],"fullName":"applyCodexHomeSelection 为同一个 Home 生成稳定且不暴露路径的标识","status":"passed","title":"为同一个 Home 生成稳定且不暴露路径的标识","duration":1.1770000000001346,"failureMessages":[],"meta":{}}],"startTime":1785856232132,"endTime":1785856232139.177,"status":"passed","message":"","name":"W:/DESKbook/我的项目/BlackRain/apps/desktop/electron/main/app-server/codex-home.test.ts"},{"assertionResults":[{"ancestorTitles":["真实 codex app-server 协议探针"],"fullName":"真实 codex app-server 协议探针 initialize 后用 dynamicTools 启动真实 thread","status":"skipped","title":"initialize 后用 dynamicTools 启动真实 thread","failureMessages":[],"meta":{}}],"startTime":1785856181462,"endTime":1785856181462,"status":"passed","message":"","name":"W:/DESKbook/我的项目/BlackRain/apps/desktop/electron/main/app-server/real-app-server-probe.test.ts"},{"assertionResults":[{"ancestorTitles":["AppServerStdioRpcConnection"],"fullName":"AppServerStdioRpcConnection 按 JSONL 分派 client request、response 和 notification","status":"passed","title":"按 JSONL 分派 client request、response 和 notification","duration":20.43179999999984,"failureMessages":[],"meta":{}},{"ancestorTitles":["AppServerStdioRpcConnection"],"fullName":"AppServerStdioRpcConnection 处理 app-server 发起的 request 并返回 response","status":"passed","title":"处理 app-server 发起的 request 并返回 response","duration":8.01150000000007,"failureMessages":[],"meta":{}},{"ancestorTitles":["AppServerStdioRpcConnection"],"fullName":"AppServerStdioRpcConnection 取消超时的 server request 并只返回一次错误","status":"passed","title":"取消超时的 server request 并只返回一次错误","duration":53.43920000000003,"failureMessages":[],"meta":{}},{"ancestorTitles":["AppServerStdioRpcConnection"],"fullName":"AppServerStdioRpcConnection 在 request 超时后拒绝 pending 并发送取消通知","status":"passed","title":"在 request 超时后拒绝 pending 并发送取消通知","duration":38.72880000000009,"failureMessages":[],"meta":{}},{"ancestorTitles":["AppServerStdioRpcConnection"],"fullName":"AppServerStdioRpcConnection 将 stderr 作为独立诊断流而不是协议消息","status":"passed","title":"将 stderr 作为独立诊断流而不是协议消息","duration":21.502099999999928,"failureMessages":[],"meta":{}},{"ancestorTitles":["AppServerStdioRpcConnection"],"fullName":"AppServerStdioRpcConnection 畸形 JSON 会 fail closed 并拒绝全部 pending request","status":"passed","title":"畸形 JSON 会 fail closed 并拒绝全部 pending request","duration":2.9496999999998934,"failureMessages":[],"meta":{}},{"ancestorTitles":["AppServerStdioRpcConnection"],"fullName":"AppServerStdioRpcConnection stdout EOF 会确定性拒绝 pending request","status":"passed","title":"stdout EOF 会确定性拒绝 pending request","duration":6.791999999999916,"failureMessages":[],"meta":{}},{"ancestorTitles":["AppServerStdioRpcConnection"],"fullName":"AppServerStdioRpcConnection 拒绝同时携带 result 和 error 的非法 response envelope","status":"passed","title":"拒绝同时携带 result 和 error 的非法 response envelope","duration":1.0424000000000433,"failureMessages":[],"meta":{}},{"ancestorTitles":["AppServerClient"],"fullName":"AppServerClient 完成 initialize/initialized 后才进入 ready","status":"passed","title":"完成 initialize/initialized 后才进入 ready","duration":45.15740000000005,"failureMessages":[],"meta":{}}],"startTime":1785856228294,"endTime":1785856228496.1575,"status":"passed","message":"","name":"W:/DESKbook/我的项目/BlackRain/apps/desktop/electron/main/app-server/stdio-rpc-connection.test.ts"},{"assertionResults":[{"ancestorTitles":["BrowserCdpController"],"fullName":"BrowserCdpController 通过 CDP 切换页面 active/frozen 生命周期","status":"passed","title":"通过 CDP 切换页面 active/frozen 生命周期","duration":4.359299999999848,"failureMessages":[],"meta":{}},{"ancestorTitles":["BrowserCdpController"],"fullName":"BrowserCdpController 标准化 dialog 事件、响应命令并在意外 detach 后恢复 debugger","status":"passed","title":"标准化 dialog 事件、响应命令并在意外 detach 后恢复 debugger","duration":75.14260000000013,"failureMessages":[],"meta":{}},{"ancestorTitles":["BrowserCdpController"],"fullName":"BrowserCdpController 生成有界 accessibility 文本和短期可操作 ref","status":"passed","title":"生成有界 accessibility 文本和短期可操作 ref","duration":23.319400000000087,"failureMessages":[],"meta":{}},{"ancestorTitles":["BrowserCdpController"],"fullName":"BrowserCdpController 导航或 TTL 到期后拒绝旧 snapshot/ref","status":"passed","title":"导航或 TTL 到期后拒绝旧 snapshot/ref","duration":5.7905000000000655,"failureMessages":[],"meta":{}},{"ancestorTitles":["BrowserCdpController"],"fullName":"BrowserCdpController 只通过 box model 中心发送受限点击事件","status":"passed","title":"只通过 box model 中心发送受限点击事件","duration":5.7900999999999385,"failureMessages":[],"meta":{}},{"ancestorTitles":["BrowserCdpController"],"fullName":"BrowserCdpController 允许最后一次点击事件自身触发页面导航","status":"passed","title":"允许最后一次点击事件自身触发页面导航","duration":5.276399999999967,"failureMessages":[],"meta":{}},{"ancestorTitles":["BrowserCdpController"],"fullName":"BrowserCdpController 聚焦可编辑 ref、选择现有内容并插入文本","status":"passed","title":"聚焦可编辑 ref、选择现有内容并插入文本","duration":2.7368000000001302,"failureMessages":[],"meta":{}},{"ancestorTitles":["BrowserCdpController"],"fullName":"BrowserCdpController 输入前使用同一远端 object token 重新确认焦点与目标","status":"passed","title":"输入前使用同一远端 object token 重新确认焦点与目标","duration":8.143699999999853,"failureMessages":[],"meta":{}},{"ancestorTitles":["BrowserCdpController"],"fullName":"BrowserCdpController 为 Enter 键发送可激活页面控件的完整 CDP 键盘事件","status":"passed","title":"为 Enter 键发送可激活页面控件的完整 CDP 键盘事件","duration":0.8381000000001677,"failureMessages":[],"meta":{}},{"ancestorTitles":["BrowserCdpController"],"fullName":"BrowserCdpController 等待唯一 locator 出现并通过两帧 actionability 稳定检查","status":"passed","title":"等待唯一 locator 出现并通过两帧 actionability 稳定检查","duration":108.21989999999983,"failureMessages":[],"meta":{}},{"ancestorTitles":["BrowserCdpController"],"fullName":"BrowserCdpController 合并增量 ARIA 更新，locator 轮询不重复读取完整 AX tree","status":"passed","title":"合并增量 ARIA 更新，locator 轮询不重复读取完整 AX tree","duration":6.142499999999927,"failureMessages":[],"meta":{}},{"ancestorTitles":["BrowserCdpController"],"fullName":"BrowserCdpController isolated selector runtime 发现语义 DOM 变化后刷新 AX tree","status":"passed","title":"isolated selector runtime 发现语义 DOM 变化后刷新 AX tree","duration":2.103800000000092,"failureMessages":[],"meta":{}},{"ancestorTitles":["BrowserCdpController"],"fullName":"BrowserCdpController 区分 attached 与 actionable，并为不可操作元素返回有界超时","status":"passed","title":"区分 attached 与 actionable，并为不可操作元素返回有界超时","duration":4.955400000000054,"failureMessages":[],"meta":{}},{"ancestorTitles":["BrowserCdpController"],"fullName":"BrowserCdpController locator 匹配不唯一时立即返回明确失败","status":"passed","title":"locator 匹配不唯一时立即返回明确失败","duration":3.413899999999785,"failureMessages":[],"meta":{}},{"ancestorTitles":["BrowserCdpController"],"fullName":"BrowserCdpController OOPIF locator 轮询复用同一 child session","status":"passed","title":"OOPIF locator 轮询复用同一 child session","duration":105.52080000000001,"failureMessages":[],"meta":{}},{"ancestorTitles":["BrowserCdpController"],"fullName":"BrowserCdpController 只附着当前 page 派生的 OOPIF，并用对应 session 执行 ref","status":"passed","title":"只附着当前 page 派生的 OOPIF，并用对应 session 执行 ref","duration":1.5028999999999542,"failureMessages":[],"meta":{}},{"ancestorTitles":["BrowserCdpController"],"fullName":"BrowserCdpController OOPIF attach 后读取 AX 失败也会释放 child session","status":"passed","title":"OOPIF attach 后读取 AX 失败也会释放 child session","duration":2.2454999999999927,"failureMessages":[],"meta":{}},{"ancestorTitles":["BrowserCdpController"],"fullName":"BrowserCdpController 失效 snapshot 不主动 detach child session，后续 snapshot 仍可读取 OOPIF","status":"passed","title":"失效 snapshot 不主动 detach child session，后续 snapshot 仍可读取 OOPIF","duration":2.2127000000000407,"failureMessages":[],"meta":{}},{"ancestorTitles":["BrowserCdpController"],"fullName":"BrowserCdpController 只返回当前 viewport 的有界 PNG data URL","status":"passed","title":"只返回当前 viewport 的有界 PNG data URL","duration":2.5041000000001077,"failureMessages":[],"meta":{}},{"ancestorTitles":["BrowserCdpController"],"fullName":"BrowserCdpController 等待稳定 layout metrics 后截取有界 full-page PNG","status":"passed","title":"等待稳定 layout metrics 后截取有界 full-page PNG","duration":2.574299999999994,"failureMessages":[],"meta":{}},{"ancestorTitles":["BrowserCdpController"],"fullName":"BrowserCdpController 拒绝不稳定或超过预算的 full-page layout","status":"passed","title":"拒绝不稳定或超过预算的 full-page layout","duration":1.053000000000111,"failureMessages":[],"meta":{}},{"ancestorTitles":["BrowserCdpController"],"fullName":"BrowserCdpController 销毁 target 时清理 snapshot 并断开 debugger","status":"passed","title":"销毁 target 时清理 snapshot 并断开 debugger","duration":2.6475000000000364,"failureMessages":[],"meta":{}}],"startTime":1785856227667,"endTime":1785856228045.6475,"status":"passed","message":"","name":"W:/DESKbook/我的项目/BlackRain/apps/desktop/electron/main/browser/browser-cdp-controller.test.ts"},{"assertionResults":[{"ancestorTitles":["BrowserClientRuntime"],"fullName":"BrowserClientRuntime 实际加载打包 client，并按 thread/turn/generation 调用 framed transport","status":"passed","title":"实际加载打包 client，并按 thread/turn/generation 调用 framed transport","duration":56.47370000000001,"failureMessages":[],"meta":{}}],"startTime":1785856230070,"endTime":1785856230126.4736,"status":"passed","message":"","name":"W:/DESKbook/我的项目/BlackRain/apps/desktop/electron/main/browser/browser-client-runtime.test.ts"},{"assertionResults":[{"ancestorTitles":["BrowserClientTransportServer"],"fullName":"BrowserClientTransportServer 通过随机 endpoint、capability 和 session generation 握手后调用同一 backend","status":"passed","title":"通过随机 endpoint、capability 和 session generation 握手后调用同一 backend","duration":32.87540000000013,"failureMessages":[],"meta":{}},{"ancestorTitles":["BrowserClientTransportServer"],"fullName":"BrowserClientTransportServer 拒绝缺失或错误 capability、build、session 或 generation","status":"passed","title":"拒绝缺失或错误 capability、build、session 或 generation","duration":49.57950000000005,"failureMessages":[],"meta":{}},{"ancestorTitles":["BrowserClientTransportServer"],"fullName":"BrowserClientTransportServer 服务重启后拒绝旧 token 和旧 backend generation","status":"passed","title":"服务重启后拒绝旧 token 和旧 backend generation","duration":14.29340000000002,"failureMessages":[],"meta":{}},{"ancestorTitles":["BrowserClientTransportServer"],"fullName":"BrowserClientTransportServer 对旧 turn fail closed，并在完成 turn 后撤销 Agent 控制","status":"passed","title":"对旧 turn fail closed，并在完成 turn 后撤销 Agent 控制","duration":60.62930000000006,"failureMessages":[],"meta":{}},{"ancestorTitles":["BrowserClientTransportServer"],"fullName":"BrowserClientTransportServer 支持拆分 frame，并拒绝超过 8 MiB 的 frame","status":"passed","title":"支持拆分 frame，并拒绝超过 8 MiB 的 frame","duration":8.589600000000019,"failureMessages":[],"meta":{}},{"ancestorTitles":["BrowserClientTransportServer"],"fullName":"BrowserClientTransportServer socket 断连会取消当前 pending Browser 操作","status":"passed","title":"socket 断连会取消当前 pending Browser 操作","duration":134.98350000000005,"failureMessages":[],"meta":{}},{"ancestorTitles":["BrowserClientTransportServer"],"fullName":"BrowserClientTransportServer 超过 transport deadline 会中止 Browser 操作并返回有界错误","status":"passed","title":"超过 transport deadline 会中止 Browser 操作并返回有界错误","duration":55.80510000000004,"failureMessages":[],"meta":{}},{"ancestorTitles":["BrowserClientTransportServer"],"fullName":"BrowserClientTransportServer stop 会释放活跃 Browser Agent turn","status":"passed","title":"stop 会释放活跃 Browser Agent turn","duration":14.853999999999814,"failureMessages":[],"meta":{}},{"ancestorTitles":["BrowserClientTransportServer"],"fullName":"BrowserClientTransportServer 新 turn 会取消旧 turn 的 pending 操作并释放旧控制权","status":"passed","title":"新 turn 会取消旧 turn 的 pending 操作并释放旧控制权","duration":88.88540000000012,"failureMessages":[],"meta":{}},{"ancestorTitles":["BrowserClientTransportServer"],"fullName":"BrowserClientTransportServer 由独立 Browser client 子进程完成握手并调用 backend","status":"passed","title":"由独立 Browser client 子进程完成握手并调用 backend","duration":631.8849,"failureMessages":[],"meta":{}}],"startTime":1785856227768,"endTime":1785856228860.885,"status":"passed","message":"","name":"W:/DESKbook/我的项目/BlackRain/apps/desktop/electron/main/browser/browser-client-transport.test.ts"},{"assertionResults":[{"ancestorTitles":["BrowserDynamicToolAdapter"],"fullName":"BrowserDynamicToolAdapter 只为已注册的 active thread/turn 路由到同一 Browser backend","status":"passed","title":"只为已注册的 active thread/turn 路由到同一 Browser backend","duration":31.04390000000012,"failureMessages":[],"meta":{}},{"ancestorTitles":["BrowserDynamicToolAdapter"],"fullName":"BrowserDynamicToolAdapter 拒绝旧 turn、未知工具和已取消请求","status":"passed","title":"拒绝旧 turn、未知工具和已取消请求","duration":7.067299999999932,"failureMessages":[],"meta":{}},{"ancestorTitles":["BrowserDynamicToolAdapter"],"fullName":"BrowserDynamicToolAdapter 将 snapshot/ref/input/screenshot 路由到同一受限 backend","status":"passed","title":"将 snapshot/ref/input/screenshot 路由到同一受限 backend","duration":12.409099999999853,"failureMessages":[],"meta":{}}],"startTime":1785856229985,"endTime":1785856230035.4092,"status":"passed","message":"","name":"W:/DESKbook/我的项目/BlackRain/apps/desktop/electron/main/browser/browser-dynamic-tool-adapter.test.ts"},{"assertionResults":[{"ancestorTitles":["BrowserMcpRuntime"],"fullName":"BrowserMcpRuntime 通过 stdio MCP、可信 _meta 和自有 transport 调用唯一 backend","status":"passed","title":"通过 stdio MCP、可信 _meta 和自有 transport 调用唯一 backend","duration":418.0126,"failureMessages":[],"meta":{}},{"ancestorTitles":["BrowserMcpRuntime"],"fullName":"BrowserMcpRuntime 拒绝缺失可信 metadata、跨 thread 和旧 turn","status":"passed","title":"拒绝缺失可信 metadata、跨 thread 和旧 turn","duration":483.5203999999999,"failureMessages":[],"meta":{}},{"ancestorTitles":["BrowserMcpRuntime"],"fullName":"BrowserMcpRuntime MCP 取消会中止 backend 调用，并在下一次调用自动重连","status":"passed","title":"MCP 取消会中止 backend 调用，并在下一次调用自动重连","duration":690.8901999999998,"failureMessages":[],"meta":{}},{"ancestorTitles":["BrowserMcpRuntime"],"fullName":"BrowserMcpRuntime 生成进程级 MCP 配置并通过 env_vars 白名单转发 bootstrap","status":"passed","title":"生成进程级 MCP 配置并通过 env_vars 白名单转发 bootstrap","duration":1.0039000000001579,"failureMessages":[],"meta":{}}],"startTime":1785856227229,"endTime":1785856228823.004,"status":"passed","message":"","name":"W:/DESKbook/我的项目/BlackRain/apps/desktop/electron/main/browser/browser-mcp-runtime.test.ts"},{"assertionResults":[{"ancestorTitles":["Browser page policy"],"fullName":"Browser page policy 只接受无内嵌凭据的 http/https URL","status":"passed","title":"只接受无内嵌凭据的 http/https URL","duration":4.25019999999995,"failureMessages":[],"meta":{}},{"ancestorTitles":["Browser page policy"],"fullName":"Browser page policy 将 renderer bounds 约束在窗口 content area","status":"passed","title":"将 renderer bounds 约束在窗口 content area","duration":1.6231000000000222,"failureMessages":[],"meta":{}}],"startTime":1785856233810,"endTime":1785856233816.623,"status":"passed","message":"","name":"W:/DESKbook/我的项目/BlackRain/apps/desktop/electron/main/browser/browser-policy.test.ts"},{"assertionResults":[{"ancestorTitles":["BrowserRegistry"],"fullName":"BrowserRegistry 按 window/thread/route/view generation 校验 ownership","status":"passed","title":"按 window/thread/route/view generation 校验 ownership","duration":4.756799999999998,"failureMessages":[],"meta":{}},{"ancestorTitles":["BrowserRegistry"],"fullName":"BrowserRegistry 拒绝重复 tab 并按 owner 清单和移除","status":"passed","title":"拒绝重复 tab 并按 owner 清单和移除","duration":2.47829999999999,"failureMessages":[],"meta":{}},{"ancestorTitles":["BrowserRegistry"],"fullName":"BrowserRegistry Agent 路径仍按 thread/route/view generation 使用同一 record","status":"passed","title":"Agent 路径仍按 thread/route/view generation 使用同一 record","duration":0.751299999999901,"failureMessages":[],"meta":{}},{"ancestorTitles":["BrowserRegistry"],"fullName":"BrowserRegistry 按 owner 限制 tab 数量，不影响其他 owner","status":"passed","title":"按 owner 限制 tab 数量，不影响其他 owner","duration":1.7556999999999334,"failureMessages":[],"meta":{}}],"startTime":1785856233853,"endTime":1785856233862.7556,"status":"passed","message":"","name":"W:/DESKbook/我的项目/BlackRain/apps/desktop/electron/main/browser/browser-registry.test.ts"},{"assertionResults":[{"ancestorTitles":["BrowserSensitiveActionPolicy"],"fullName":"BrowserSensitiveActionPolicy 将 login 动作分类为一次性确认","status":"passed","title":"将 login 动作分类为一次性确认","duration":4.103799999999865,"failureMessages":[],"meta":{}},{"ancestorTitles":["BrowserSensitiveActionPolicy"],"fullName":"BrowserSensitiveActionPolicy 将 authorize 动作分类为一次性确认","status":"passed","title":"将 authorize 动作分类为一次性确认","duration":1.5256999999999152,"failureMessages":[],"meta":{}},{"ancestorTitles":["BrowserSensitiveActionPolicy"],"fullName":"BrowserSensitiveActionPolicy 将 send 动作分类为一次性确认","status":"passed","title":"将 send 动作分类为一次性确认","duration":0.8567000000000462,"failureMessages":[],"meta":{}},{"ancestorTitles":["BrowserSensitiveActionPolicy"],"fullName":"BrowserSensitiveActionPolicy 将 publish 动作分类为一次性确认","status":"passed","title":"将 publish 动作分类为一次性确认","duration":0.21289999999999054,"failureMessages":[],"meta":{}},{"ancestorTitles":["BrowserSensitiveActionPolicy"],"fullName":"BrowserSensitiveActionPolicy 将 purchase 动作分类为一次性确认","status":"passed","title":"将 purchase 动作分类为一次性确认","duration":0.17160000000012587,"failureMessages":[],"meta":{}},{"ancestorTitles":["BrowserSensitiveActionPolicy"],"fullName":"BrowserSensitiveActionPolicy 将 delete 动作分类为一次性确认","status":"passed","title":"将 delete 动作分类为一次性确认","duration":0.17230000000017753,"failureMessages":[],"meta":{}},{"ancestorTitles":["BrowserSensitiveActionPolicy"],"fullName":"BrowserSensitiveActionPolicy 不根据普通页面文本或非交互节点授予或请求权限","status":"passed","title":"不根据普通页面文本或非交互节点授予或请求权限","duration":0.40360000000009677,"failureMessages":[],"meta":{}},{"ancestorTitles":["BrowserSensitiveActionPolicy"],"fullName":"BrowserSensitiveActionPolicy 企业策略可以直接禁止动作类别","status":"passed","title":"企业策略可以直接禁止动作类别","duration":0.2544000000000324,"failureMessages":[],"meta":{}},{"ancestorTitles":["BrowserSensitiveActionPolicy"],"fullName":"BrowserSensitiveActionPolicy 将可能激活按钮或提交表单的 Enter 按键分类为一次性确认","status":"passed","title":"将可能激活按钮或提交表单的 Enter 按键分类为一次性确认","duration":0.31950000000006185,"failureMessages":[],"meta":{}},{"ancestorTitles":["BrowserSensitiveActionPolicy"],"fullName":"BrowserSensitiveActionPolicy 将可能激活按钮或提交表单的 NumpadEnter 按键分类为一次性确认","status":"passed","title":"将可能激活按钮或提交表单的 NumpadEnter 按键分类为一次性确认","duration":0.1431999999999789,"failureMessages":[],"meta":{}},{"ancestorTitles":["BrowserSensitiveActionPolicy"],"fullName":"BrowserSensitiveActionPolicy 将可能激活按钮或提交表单的   按键分类为一次性确认","status":"passed","title":"将可能激活按钮或提交表单的   按键分类为一次性确认","duration":0.11819999999988795,"failureMessages":[],"meta":{}},{"ancestorTitles":["BrowserSensitiveActionPolicy"],"fullName":"BrowserSensitiveActionPolicy 将可能激活按钮或提交表单的 Space 按键分类为一次性确认","status":"passed","title":"将可能激活按钮或提交表单的 Space 按键分类为一次性确认","duration":0.10050000000001091,"failureMessages":[],"meta":{}},{"ancestorTitles":["BrowserSensitiveActionPolicy"],"fullName":"BrowserSensitiveActionPolicy 普通导航按键不触发敏感动作确认","status":"passed","title":"普通导航按键不触发敏感动作确认","duration":0.18239999999991596,"failureMessages":[],"meta":{}}],"startTime":1785856232072,"endTime":1785856232080.3196,"status":"passed","message":"","name":"W:/DESKbook/我的项目/BlackRain/apps/desktop/electron/main/browser/browser-sensitive-action-policy.test.ts"},{"assertionResults":[{"ancestorTitles":["BrowserSessionStore"],"fullName":"BrowserSessionStore 原子保存并按 thread/route 恢复 tab 元数据","status":"passed","title":"原子保存并按 thread/route 恢复 tab 元数据","duration":47.327800000000025,"failureMessages":[],"meta":{}},{"ancestorTitles":["BrowserSessionStore"],"fullName":"BrowserSessionStore 兼容读取 v1 状态并补齐最低 reload 恢复合同","status":"passed","title":"兼容读取 v1 状态并补齐最低 reload 恢复合同","duration":11.934500000000071,"failureMessages":[],"meta":{}},{"ancestorTitles":["BrowserSessionStore"],"fullName":"BrowserSessionStore 忽略损坏状态且不执行任意恢复","status":"passed","title":"忽略损坏状态且不执行任意恢复","duration":12.688300000000027,"failureMessages":[],"meta":{}}],"startTime":1785856229566,"endTime":1785856229637.6882,"status":"passed","message":"","name":"W:/DESKbook/我的项目/BlackRain/apps/desktop/electron/main/browser/browser-session-store.test.ts"},{"assertionResults":[{"ancestorTitles":["planBrowserWorkingSet"],"fullName":"planBrowserWorkingSet 保留 8 个最近活动页面并挂起其余页面","status":"passed","title":"保留 8 个最近活动页面并挂起其余页面","duration":3.8838000000000648,"failureMessages":[],"meta":{}},{"ancestorTitles":["planBrowserWorkingSet"],"fullName":"planBrowserWorkingSet 优先保护可见或正在运行的页面并隔离 crashed 页面","status":"passed","title":"优先保护可见或正在运行的页面并隔离 crashed 页面","duration":1.348799999999983,"failureMessages":[],"meta":{}}],"startTime":1785856233439,"endTime":1785856233444.3489,"status":"passed","message":"","name":"W:/DESKbook/我的项目/BlackRain/apps/desktop/electron/main/browser/browser-working-set.test.ts"},{"assertionResults":[{"ancestorTitles":["BrowserLayoutStore"],"fullName":"BrowserLayoutStore 接受当前窗口 generation 的单调 revision","status":"passed","title":"接受当前窗口 generation 的单调 revision","duration":10.947599999999966,"failureMessages":[],"meta":{}},{"ancestorTitles":["BrowserLayoutStore"],"fullName":"BrowserLayoutStore 拒绝旧 generation 和旧 revision","status":"passed","title":"拒绝旧 generation 和旧 revision","duration":2.130100000000084,"failureMessages":[],"meta":{}},{"ancestorTitles":["BrowserLayoutStore"],"fullName":"BrowserLayoutStore 拒绝重复 tab 和无效 active tab","status":"passed","title":"拒绝重复 tab 和无效 active tab","duration":1.7801999999999225,"failureMessages":[],"meta":{}}],"startTime":1785856232691,"endTime":1785856232705.7803,"status":"passed","message":"","name":"W:/DESKbook/我的项目/BlackRain/apps/desktop/electron/main/browser/layout-store.test.ts"},{"assertionResults":[{"ancestorTitles":["AccountSessionStore"],"fullName":"AccountSessionStore 只持久化加密结果并支持读取和清除","status":"passed","title":"只持久化加密结果并支持读取和清除","duration":39.73900000000003,"failureMessages":[],"meta":{}},{"ancestorTitles":["AccountSessionStore"],"fullName":"AccountSessionStore 系统加密不可用时拒绝明文降级","status":"passed","title":"系统加密不可用时拒绝明文降级","duration":6.92430000000013,"failureMessages":[],"meta":{}}],"startTime":1785856230208,"endTime":1785856230254.9243,"status":"passed","message":"","name":"W:/DESKbook/我的项目/BlackRain/apps/desktop/electron/main/credentials/account-session-store.test.ts"},{"assertionResults":[{"ancestorTitles":["DesktopDialogService"],"fullName":"DesktopDialogService 按按钮索引返回确认结果并保留危险操作标签","status":"passed","title":"按按钮索引返回确认结果并保留危险操作标签","duration":9.29300000000012,"failureMessages":[],"meta":{}},{"ancestorTitles":["DesktopDialogService"],"fullName":"DesktopDialogService 取消返回 false，消息框只有安全的确认按钮","status":"passed","title":"取消返回 false，消息框只有安全的确认按钮","duration":2.7311999999999443,"failureMessages":[],"meta":{}},{"ancestorTitles":["DesktopDialogService"],"fullName":"DesktopDialogService 拒绝空消息和越界枚举","status":"passed","title":"拒绝空消息和越界枚举","duration":4.058500000000095,"failureMessages":[],"meta":{}}],"startTime":1785856231137,"endTime":1785856231154.0586,"status":"passed","message":"","name":"W:/DESKbook/我的项目/BlackRain/apps/desktop/electron/main/dialog/desktop-dialog-service.test.ts"},{"assertionResults":[{"ancestorTitles":["FileService"],"fullName":"FileService 列出并读取归属工作区内的普通文件","status":"passed","title":"列出并读取归属工作区内的普通文件","duration":83.31079999999997,"failureMessages":[],"meta":{}},{"ancestorTitles":["FileService"],"fullName":"FileService 拒绝目录穿越和不支持的图片扩展","status":"passed","title":"拒绝目录穿越和不支持的图片扩展","duration":54.964300000000094,"failureMessages":[],"meta":{}},{"ancestorTitles":["FileService"],"fullName":"FileService 最多读取 2 MiB 文本并标记截断","status":"passed","title":"最多读取 2 MiB 文本并标记截断","duration":48.92409999999995,"failureMessages":[],"meta":{}},{"ancestorTitles":["FileService"],"fullName":"FileService 不列出也不读取工作区内的符号链接","status":"passed","title":"不列出也不读取工作区内的符号链接","duration":37.76170000000002,"failureMessages":[],"meta":{}},{"ancestorTitles":["FileService"],"fullName":"FileService 只写入归属工作区内的普通文件","status":"passed","title":"只写入归属工作区内的普通文件","duration":41.39509999999996,"failureMessages":[],"meta":{}},{"ancestorTitles":["FileService"],"fullName":"FileService 拒绝通过符号链接写入工作区外部","status":"passed","title":"拒绝通过符号链接写入工作区外部","duration":32.56370000000015,"failureMessages":[],"meta":{}},{"ancestorTitles":["FileService"],"fullName":"FileService 按 UTF-8 字节数拒绝超过 8 MiB 的写入","status":"passed","title":"按 UTF-8 字节数拒绝超过 8 MiB 的写入","duration":72.33789999999999,"failureMessages":[],"meta":{}}],"startTime":1785856227826,"endTime":1785856228198.338,"status":"passed","message":"","name":"W:/DESKbook/我的项目/BlackRain/apps/desktop/electron/main/files/file-service.test.ts"},{"assertionResults":[{"ancestorTitles":["GitService"],"fullName":"GitService 在已登记 workspace 内完成 status/diff/log/branch 工作流","status":"failed","title":"在已登记 workspace 内完成 status/diff/log/branch 工作流","duration":5066.7952000000005,"failureMessages":["Error: STACK_TRACE_ERROR\n    at task (file:///W:/DESKbook/%E6%88%91%E7%9A%84%E9%A1%B9%E7%9B%AE/BlackRain/apps/desktop/node_modules/@vitest/runner/dist/chunk-hooks.js:638:27)\n    at Object.<anonymous> (file:///W:/DESKbook/%E6%88%91%E7%9A%84%E9%A1%B9%E7%9B%AE/BlackRain/apps/desktop/node_modules/@vitest/runner/dist/chunk-hooks.js:662:16)\n    at Object.<anonymous> (file:///W:/DESKbook/%E6%88%91%E7%9A%84%E9%A1%B9%E7%9B%AE/BlackRain/apps/desktop/node_modules/@vitest/runner/dist/chunk-hooks.js:458:28)\n    at chain (file:///W:/DESKbook/%E6%88%91%E7%9A%84%E9%A1%B9%E7%9B%AE/BlackRain/apps/desktop/node_modules/@vitest/runner/dist/chunk-hooks.js:369:14)\n    at W:\\DESKbook\\我的项目\\BlackRain\\apps\\desktop\\electron\\main\\git\\git-service.test.ts:18:3\n    at file:///W:/DESKbook/%E6%88%91%E7%9A%84%E9%A1%B9%E7%9B%AE/BlackRain/apps/desktop/node_modules/@vitest/runner/dist/chunk-hooks.js:734:40\n    at runWithSuite (file:///W:/DESKbook/%E6%88%91%E7%9A%84%E9%A1%B9%E7%9B%AE/BlackRain/apps/desktop/node_modules/@vitest/runner/dist/chunk-hooks.js:1849:8)\n    at Object.collect (file:///W:/DESKbook/%E6%88%91%E7%9A%84%E9%A1%B9%E7%9B%AE/BlackRain/apps/desktop/node_modules/@vitest/runner/dist/chunk-hooks.js:734:10)\n    at Object.collect (file:///W:/DESKbook/%E6%88%91%E7%9A%84%E9%A1%B9%E7%9B%AE/BlackRain/apps/desktop/node_modules/@vitest/runner/dist/chunk-hooks.js:738:54)\n    at processTicksAndRejections (node:internal/process/task_queues:104:5)\n    at collectTests (file:///W:/DESKbook/%E6%88%91%E7%9A%84%E9%A1%B9%E7%9B%AE/BlackRain/apps/desktop/node_modules/@vitest/runner/dist/chunk-hooks.js:1179:25)\n    at startTests (file:///W:/DESKbook/%E6%88%91%E7%9A%84%E9%A1%B9%E7%9B%AE/BlackRain/apps/desktop/node_modules/@vitest/runner/dist/chunk-hooks.js:1817:17)\n    at file:///W:/DESKbook/%E6%88%91%E7%9A%84%E9%A1%B9%E7%9B%AE/BlackRain/apps/desktop/node_modules/vitest/dist/chunks/runBaseTests.9Ij9_de-.js:117:26\n    at withEnv (file:///W:/DESKbook/%E6%88%91%E7%9A%84%E9%A1%B9%E7%9B%AE/BlackRain/apps/desktop/node_modules/vitest/dist/chunks/runBaseTests.9Ij9_de-.js:84:3)\n    at run (file:///W:/DESKbook/%E6%88%91%E7%9A%84%E9%A1%B9%E7%9B%AE/BlackRain/apps/desktop/node_modules/vitest/dist/chunks/runBaseTests.9Ij9_de-.js:109:2)","Error: EPERM, Permission denied: \\\\?\\W:\\CodexTemp\\process-temp\\blackrain-electron-git-MrKcpt '\\\\?\\W:\\CodexTemp\\process-temp\\blackrain-electron-git-MrKcpt'\n    at rmSync (node:fs:1222:18)\n    at W:\\DESKbook\\我的项目\\BlackRain\\apps\\desktop\\electron\\main\\git\\git-service.test.ts:13:5\n    at file:///W:/DESKbook/%E6%88%91%E7%9A%84%E9%A1%B9%E7%9B%AE/BlackRain/apps/desktop/node_modules/@vitest/runner/dist/chunk-hooks.js:155:11\n    at file:///W:/DESKbook/%E6%88%91%E7%9A%84%E9%A1%B9%E7%9B%AE/BlackRain/apps/desktop/node_modules/@vitest/runner/dist/chunk-hooks.js:1897:20\n    at new Promise (<anonymous>)\n    at runWithTimeout (file:///W:/DESKbook/%E6%88%91%E7%9A%84%E9%A1%B9%E7%9B%AE/BlackRain/apps/desktop/node_modules/@vitest/runner/dist/chunk-hooks.js:1863:10)\n    at runHook (file:///W:/DESKbook/%E6%88%91%E7%9A%84%E9%A1%B9%E7%9B%AE/BlackRain/apps/desktop/node_modules/@vitest/runner/dist/chunk-hooks.js:1436:51)\n    at callSuiteHook (file:///W:/DESKbook/%E6%88%91%E7%9A%84%E9%A1%B9%E7%9B%AE/BlackRain/apps/desktop/node_modules/@vitest/runner/dist/chunk-hooks.js:1442:25)\n    at callSuiteHook (file:///W:/DESKbook/%E6%88%91%E7%9A%84%E9%A1%B9%E7%9B%AE/BlackRain/apps/desktop/node_modules/@vitest/runner/dist/chunk-hooks.js:1449:27)\n    at runTest (file:///W:/DESKbook/%E6%88%91%E7%9A%84%E9%A1%B9%E7%9B%AE/BlackRain/apps/desktop/node_modules/@vitest/runner/dist/chunk-hooks.js:1597:11)"],"meta":{}},{"ancestorTitles":["GitService"],"fullName":"GitService 拒绝绝对路径和越出 workspace 的 Git 文件操作","status":"passed","title":"拒绝绝对路径和越出 workspace 的 Git 文件操作","duration":34.88749999999982,"failureMessages":[],"meta":{}}],"startTime":1785856226570,"endTime":1785856231671.8875,"status":"failed","message":"","name":"W:/DESKbook/我的项目/BlackRain/apps/desktop/electron/main/git/git-service.test.ts"},{"assertionResults":[{"ancestorTitles":["AppWindowRegistry"],"fullName":"AppWindowRegistry 只接受已注册且角色匹配的 sender","status":"passed","title":"只接受已注册且角色匹配的 sender","duration":6.01319999999987,"failureMessages":[],"meta":{}},{"ancestorTitles":["AppWindowRegistry"],"fullName":"AppWindowRegistry 拒绝重复注册并支持注销","status":"passed","title":"拒绝重复注册并支持注销","duration":1.145699999999806,"failureMessages":[],"meta":{}}],"startTime":1785856234487,"endTime":1785856234494.1458,"status":"passed","message":"","name":"W:/DESKbook/我的项目/BlackRain/apps/desktop/electron/main/security/window-registry.test.ts"},{"assertionResults":[{"ancestorTitles":["SettingsStore"],"fullName":"SettingsStore 原子持久化并重新读取设置","status":"passed","title":"原子持久化并重新读取设置","duration":24.455400000000054,"failureMessages":[],"meta":{}},{"ancestorTitles":["SettingsStore"],"fullName":"SettingsStore 拒绝非对象和过大的设置","status":"passed","title":"拒绝非对象和过大的设置","duration":10.813200000000052,"failureMessages":[],"meta":{}}],"startTime":1785856231019,"endTime":1785856231054.8132,"status":"passed","message":"","name":"W:/DESKbook/我的项目/BlackRain/apps/desktop/electron/main/settings/settings-store.test.ts"},{"assertionResults":[{"ancestorTitles":["DesktopShellService"],"fullName":"DesktopShellService 只允许受支持的外部协议","status":"passed","title":"只允许受支持的外部协议","duration":9.96810000000005,"failureMessages":[],"meta":{}},{"ancestorTitles":["DesktopShellService"],"fullName":"DesktopShellService 只向文件管理器传递规范化的绝对路径","status":"passed","title":"只向文件管理器传递规范化的绝对路径","duration":3.1884999999999764,"failureMessages":[],"meta":{}}],"startTime":1785856231643,"endTime":1785856231656.1885,"status":"passed","message":"","name":"W:/DESKbook/我的项目/BlackRain/apps/desktop/electron/main/shell/desktop-shell-service.test.ts"},{"assertionResults":[{"ancestorTitles":["TerminalService"],"fullName":"TerminalService 绑定 workspace ownership 并转发 ConPTY data/exit","status":"passed","title":"绑定 workspace ownership 并转发 ConPTY data/exit","duration":11.377500000000055,"failureMessages":[],"meta":{}},{"ancestorTitles":["TerminalService"],"fullName":"TerminalService 拒绝跨 workspace 访问 terminal","status":"passed","title":"拒绝跨 workspace 访问 terminal","duration":3.5833999999999833,"failureMessages":[],"meta":{}}],"startTime":1785856231410,"endTime":1785856231425.5835,"status":"passed","message":"","name":"W:/DESKbook/我的项目/BlackRain/apps/desktop/electron/main/terminal/terminal-service.test.ts"},{"assertionResults":[{"ancestorTitles":["Electron E2E main harness"],"fullName":"Electron E2E main harness 未显式启用或 packaged 时不安装","status":"passed","title":"未显式启用或 packaged 时不安装","duration":4.233500000000049,"failureMessages":[],"meta":{}},{"ancestorTitles":["Electron E2E main harness"],"fullName":"Electron E2E main harness 只在开发 E2E 中路由合成的 dynamic tool request","status":"passed","title":"只在开发 E2E 中路由合成的 dynamic tool request","duration":12.824200000000019,"failureMessages":[],"meta":{}}],"startTime":1785856231038,"endTime":1785856231054.8242,"status":"passed","message":"","name":"W:/DESKbook/我的项目/BlackRain/apps/desktop/electron/main/testing/electron-e2e-harness.test.ts"},{"assertionResults":[{"ancestorTitles":["UpdateService"],"fullName":"UpdateService 验证签名 manifest 后下载、校验 hash 并交给系统安装器","status":"passed","title":"验证签名 manifest 后下载、校验 hash 并交给系统安装器","duration":290.96669999999995,"failureMessages":[],"meta":{}},{"ancestorTitles":["UpdateService"],"fullName":"UpdateService 拒绝未通过 main manifest 批准的下载参数","status":"passed","title":"拒绝未通过 main manifest 批准的下载参数","duration":48.306299999999965,"failureMessages":[],"meta":{}},{"ancestorTitles":["UpdateService"],"fullName":"UpdateService 拒绝签名被篡改的 manifest","status":"passed","title":"拒绝签名被篡改的 manifest","duration":72.73429999999985,"failureMessages":[],"meta":{}},{"ancestorTitles":["UpdateService"],"fullName":"UpdateService 拒绝 staging 外部路径和非 MSIX 文件","status":"passed","title":"拒绝 staging 外部路径和非 MSIX 文件","duration":53.90420000000017,"failureMessages":[],"meta":{}}],"startTime":1785856228283,"endTime":1785856228750.9043,"status":"passed","message":"","name":"W:/DESKbook/我的项目/BlackRain/apps/desktop/electron/main/updates/update-service.test.ts"},{"assertionResults":[{"ancestorTitles":["WorkspaceStore"],"fullName":"WorkspaceStore 持久化、去重、更新并删除经过校验的目录","status":"passed","title":"持久化、去重、更新并删除经过校验的目录","duration":52.64909999999986,"failureMessages":[],"meta":{}},{"ancestorTitles":["WorkspaceStore"],"fullName":"WorkspaceStore 拒绝相对路径和普通文件","status":"passed","title":"拒绝相对路径和普通文件","duration":10.67820000000006,"failureMessages":[],"meta":{}}],"startTime":1785856229543,"endTime":1785856229606.6782,"status":"passed","message":"","name":"W:/DESKbook/我的项目/BlackRain/apps/desktop/electron/main/workspaces/workspace-store.test.ts"},{"assertionResults":[{"ancestorTitles":["AccountAuthCard"],"fullName":"AccountAuthCard 默认登录模式，可切到注册","status":"passed","title":"默认登录模式，可切到注册","duration":546.1019000000006,"failureMessages":[],"meta":{}},{"ancestorTitles":["AccountAuthCard"],"fullName":"AccountAuthCard 邮箱非法时不调用 onSignIn","status":"passed","title":"邮箱非法时不调用 onSignIn","duration":157.2443999999996,"failureMessages":[],"meta":{}},{"ancestorTitles":["AccountAuthCard"],"fullName":"AccountAuthCard 合法输入时调用 onSignIn","status":"passed","title":"合法输入时调用 onSignIn","duration":105.41529999999966,"failureMessages":[],"meta":{}},{"ancestorTitles":["AccountAuthCard"],"fullName":"AccountAuthCard 后端未配置时禁用提交并提示","status":"passed","title":"后端未配置时禁用提交并提示","duration":126.47780000000057,"failureMessages":[],"meta":{}},{"ancestorTitles":["AccountAuthCard"],"fullName":"AccountAuthCard 密码显隐切换","status":"passed","title":"密码显隐切换","duration":172.14940000000024,"failureMessages":[],"meta":{}},{"ancestorTitles":["AccountAuthCard"],"fullName":"AccountAuthCard 注册：两次密码不一致时不调用 onSignUp","status":"passed","title":"注册：两次密码不一致时不调用 onSignUp","duration":104.16660000000047,"failureMessages":[],"meta":{}},{"ancestorTitles":["AccountAuthCard"],"fullName":"AccountAuthCard 注册：两次密码一致时调用 onSignUp","status":"passed","title":"注册：两次密码一致时调用 onSignUp","duration":116.57740000000013,"failureMessages":[],"meta":{}},{"ancestorTitles":["AccountAuthCard"],"fullName":"AccountAuthCard 登录模式不显示确认密码字段","status":"passed","title":"登录模式不显示确认密码字段","duration":12.164600000000064,"failureMessages":[],"meta":{}},{"ancestorTitles":["AccountAuthCard"],"fullName":"AccountAuthCard 注册成功后进入验证码步骤（传了 onVerifyOtp）","status":"passed","title":"注册成功后进入验证码步骤（传了 onVerifyOtp）","duration":164.0532000000003,"failureMessages":[],"meta":{}},{"ancestorTitles":["AccountAuthCard"],"fullName":"AccountAuthCard 验证码足 6 位时调用 onVerifyOtp","status":"passed","title":"验证码足 6 位时调用 onVerifyOtp","duration":234.55289999999968,"failureMessages":[],"meta":{}}],"startTime":1785856188125,"endTime":1785856189864.553,"status":"passed","message":"","name":"W:/DESKbook/我的项目/BlackRain/apps/desktop/src/features/accounts/components/AccountAuthCard.test.tsx"},{"assertionResults":[{"ancestorTitles":["AccountGate 登录门禁"],"fullName":"AccountGate 登录门禁 signed-out → 显示登录开屏，不渲染 App","status":"passed","title":"signed-out → 显示登录开屏，不渲染 App","duration":122.77330000000075,"failureMessages":[],"meta":{}},{"ancestorTitles":["AccountGate 登录门禁"],"fullName":"AccountGate 登录门禁 loading → 显示恢复会话占位，不渲染 App","status":"passed","title":"loading → 显示恢复会话占位，不渲染 App","duration":6.653800000000047,"failureMessages":[],"meta":{}},{"ancestorTitles":["AccountGate 登录门禁"],"fullName":"AccountGate 登录门禁 signed-in → 放进 App","status":"passed","title":"signed-in → 放进 App","duration":4.875,"failureMessages":[],"meta":{}},{"ancestorTitles":["AccountGate 登录门禁"],"fullName":"AccountGate 登录门禁 unconfigured（无后端）→ 放进 App（保本地可用）","status":"passed","title":"unconfigured（无后端）→ 放进 App（保本地可用）","duration":5.997400000000198,"failureMessages":[],"meta":{}}],"startTime":1785856209151,"endTime":1785856209290.9973,"status":"passed","message":"","name":"W:/DESKbook/我的项目/BlackRain/apps/desktop/src/features/accounts/components/AccountGate.test.tsx"},{"assertionResults":[{"ancestorTitles":["creditDisplay"],"fullName":"creditDisplay formatCredits 整数直显、千分位","status":"passed","title":"formatCredits 整数直显、千分位","duration":37.94250000000011,"failureMessages":[],"meta":{}},{"ancestorTitles":["creditDisplay"],"fullName":"creditDisplay formatCredits 小数保留 1 位","status":"passed","title":"formatCredits 小数保留 1 位","duration":0.5079999999998108,"failureMessages":[],"meta":{}},{"ancestorTitles":["creditDisplay"],"fullName":"creditDisplay formatCredits 负数（超卖）显式带号","status":"passed","title":"formatCredits 负数（超卖）显式带号","duration":0.3331999999998061,"failureMessages":[],"meta":{}},{"ancestorTitles":["creditDisplay"],"fullName":"creditDisplay formatCredits 非有限值回退占位","status":"passed","title":"formatCredits 非有限值回退占位","duration":0.2218000000000302,"failureMessages":[],"meta":{}},{"ancestorTitles":["creditDisplay"],"fullName":"creditDisplay planLabel 映射三档","status":"passed","title":"planLabel 映射三档","duration":0.35400000000004184,"failureMessages":[],"meta":{}},{"ancestorTitles":["creditDisplay"],"fullName":"creditDisplay isCreditsDepleted ≤0 为真","status":"passed","title":"isCreditsDepleted ≤0 为真","duration":0.3394999999998163,"failureMessages":[],"meta":{}}],"startTime":1785856230277,"endTime":1785856230317.354,"status":"passed","message":"","name":"W:/DESKbook/我的项目/BlackRain/apps/desktop/src/features/accounts/utils/creditDisplay.test.ts"},{"assertionResults":[{"ancestorTitles":["creditPricing"],"fullName":"creditPricing flash 0.5x / pro 1.5x，比值钉死 DeepSeek 真实价 3:1","status":"passed","title":"flash 0.5x / pro 1.5x，比值钉死 DeepSeek 真实价 3:1","duration":1.7998000000000047,"failureMessages":[],"meta":{}},{"ancestorTitles":["creditPricing"],"fullName":"creditPricing 未知模型回退 1x，不误加价","status":"passed","title":"未知模型回退 1x，不误加价","duration":0.4940999999998894,"failureMessages":[],"meta":{}},{"ancestorTitles":["creditPricing"],"fullName":"creditPricing hasKnownMultiplier 只对自有模型为真","status":"passed","title":"hasKnownMultiplier 只对自有模型为真","duration":0.2660000000000764,"failureMessages":[],"meta":{}},{"ancestorTitles":["creditPricing"],"fullName":"creditPricing formatMultiplier 去除多余小数","status":"passed","title":"formatMultiplier 去除多余小数","duration":0.4117999999998574,"failureMessages":[],"meta":{}},{"ancestorTitles":["creditPricing"],"fullName":"creditPricing modelMultiplier 返回带标签","status":"passed","title":"modelMultiplier 返回带标签","duration":0.28710000000000946,"failureMessages":[],"meta":{}}],"startTime":1785856234890,"endTime":1785856234893.4119,"status":"passed","message":"","name":"W:/DESKbook/我的项目/BlackRain/apps/desktop/src/features/accounts/utils/creditPricing.test.ts"},{"assertionResults":[{"ancestorTitles":["ApprovalToasts"],"fullName":"ApprovalToasts renders live-region semantics and handles Enter on primary request","status":"passed","title":"renders live-region semantics and handles Enter on primary request","duration":401.5133999999998,"failureMessages":[],"meta":{}},{"ancestorTitles":["ApprovalToasts"],"fullName":"ApprovalToasts does not submit when an input is focused","status":"passed","title":"does not submit when an input is focused","duration":30.075399999999718,"failureMessages":[],"meta":{}}],"startTime":1785856196368,"endTime":1785856196800.0754,"status":"passed","message":"","name":"W:/DESKbook/我的项目/BlackRain/apps/desktop/src/features/app/components/ApprovalToasts.test.tsx"},{"assertionResults":[{"ancestorTitles":["ElectronBootstrapGate"],"fullName":"ElectronBootstrapGate degraded 时保留产品 UI，并提供重试和诊断导出","status":"passed","title":"degraded 时保留产品 UI，并提供重试和诊断导出","duration":716.5427,"failureMessages":[],"meta":{}}],"startTime":1785856194131,"endTime":1785856194847.5427,"status":"passed","message":"","name":"W:/DESKbook/我的项目/BlackRain/apps/desktop/src/features/app/components/ElectronBootstrapGate.test.tsx"},{"assertionResults":[{"ancestorTitles":["PinnedThreadList"],"fullName":"PinnedThreadList renders pinned rows and handles click/context menu","status":"passed","title":"renders pinned rows and handles click/context menu","duration":136.71040000000085,"failureMessages":[],"meta":{}},{"ancestorTitles":["PinnedThreadList"],"fullName":"PinnedThreadList routes callbacks for rows across workspaces","status":"passed","title":"routes callbacks for rows across workspaces","duration":28.513500000000022,"failureMessages":[],"meta":{}},{"ancestorTitles":["PinnedThreadList"],"fullName":"PinnedThreadList shows blue unread-style status when a pinned thread is waiting for user input","status":"passed","title":"shows blue unread-style status when a pinned thread is waiting for user input","duration":
[...]
ides only memory consolidation subagents from sidebar","duration":1.1568999999999505,"failureMessages":[],"meta":{}}],"startTime":1785856232748,"endTime":1785856232757.157,"status":"passed","message":"","name":"W:/DESKbook/我的项目/BlackRain/apps/desktop/src/features/threads/utils/threadRpc.test.ts"},{"assertionResults":[{"ancestorTitles":["useUpdater Electron 更新链路"],"fullName":"useUpdater Electron 更新链路 检查失败时进入 error 并记录诊断","status":"passed","title":"检查失败时进入 error 并记录诊断","duration":38.70689999999968,"failureMessages":[],"meta":{}},{"ancestorTitles":["useUpdater Electron 更新链路"],"fullName":"useUpdater Electron 更新链路 手动检查无更新时短暂显示 latest","status":"passed","title":"手动检查无更新时短暂显示 latest","duration":20.633700000000317,"failureMessages":[],"meta":{}},{"ancestorTitles":["useUpdater Electron 更新链路"],"fullName":"useUpdater Electron 更新链路 按 typed API 检查、下载并交给 Windows 安装器","status":"passed","title":"按 typed API 检查、下载并交给 Windows 安装器","duration":12.347599999999602,"failureMessages":[],"meta":{}},{"ancestorTitles":["useUpdater Electron 更新链路"],"fullName":"useUpdater Electron 更新链路 清理与当前版本不匹配的升级后标记","status":"passed","title":"清理与当前版本不匹配的升级后标记","duration":64.3789999999999,"failureMessages":[],"meta":{}}],"startTime":1785856206490,"endTime":1785856206626.379,"status":"passed","message":"","name":"W:/DESKbook/我的项目/BlackRain/apps/desktop/src/features/update/hooks/useUpdater.test.ts"},{"assertionResults":[{"ancestorTitles":["ClonePrompt"],"fullName":"ClonePrompt guards backdrop cancel while busy","status":"passed","title":"guards backdrop cancel while busy","duration":120.4991,"failureMessages":[],"meta":{}},{"ancestorTitles":["ClonePrompt"],"fullName":"ClonePrompt handles Escape and Enter keyboard actions","status":"passed","title":"handles Escape and Enter keyboard actions","duration":36.257800000000316,"failureMessages":[],"meta":{}}],"startTime":1785856205024,"endTime":1785856205181.2578,"status":"passed","message":"","name":"W:/DESKbook/我的项目/BlackRain/apps/desktop/src/features/workspaces/components/ClonePrompt.test.tsx"},{"assertionResults":[{"ancestorTitles":["MobileRemoteWorkspacePrompt"],"fullName":"MobileRemoteWorkspacePrompt focuses paths textarea and moves caret to end after selecting a recent path","status":"passed","title":"focuses paths textarea and moves caret to end after selecting a recent path","duration":551.9354999999996,"failureMessages":[],"meta":{}}],"startTime":1785856203087,"endTime":1785856203638.9355,"status":"passed","message":"","name":"W:/DESKbook/我的项目/BlackRain/apps/desktop/src/features/workspaces/components/MobileRemoteWorkspacePrompt.test.tsx"},{"assertionResults":[{"ancestorTitles":["WorkspaceHomeGitInitBanner"],"fullName":"WorkspaceHomeGitInitBanner calls onInitGitRepo when clicked","status":"passed","title":"calls onInitGitRepo when clicked","duration":324.6950999999999,"failureMessages":[],"meta":{}},{"ancestorTitles":["WorkspaceHomeGitInitBanner"],"fullName":"WorkspaceHomeGitInitBanner disables the button when loading","status":"passed","title":"disables the button when loading","duration":92.15679999999975,"failureMessages":[],"meta":{}}],"startTime":1785856201257,"endTime":1785856201675.1567,"status":"passed","message":"","name":"W:/DESKbook/我的项目/BlackRain/apps/desktop/src/features/workspaces/components/WorkspaceHomeGitInitBanner.test.tsx"},{"assertionResults":[{"ancestorTitles":["WorktreePrompt"],"fullName":"WorktreePrompt guards backdrop cancel while busy","status":"passed","title":"guards backdrop cancel while busy","duration":158.01850000000013,"failureMessages":[],"meta":{}},{"ancestorTitles":["WorktreePrompt"],"fullName":"WorktreePrompt handles Escape and Enter on branch input","status":"passed","title":"handles Escape and Enter on branch input","duration":48.84990000000016,"failureMessages":[],"meta":{}}],"startTime":1785856207869,"endTime":1785856208076.8499,"status":"passed","message":"","name":"W:/DESKbook/我的项目/BlackRain/apps/desktop/src/features/workspaces/components/WorktreePrompt.test.tsx"},{"assertionResults":[{"ancestorTitles":["useRenameWorktreePrompt"],"fullName":"useRenameWorktreePrompt opens prompt and shows upstream confirmation after rename","status":"passed","title":"opens prompt and shows upstream confirmation after rename","duration":34.60979999999927,"failureMessages":[],"meta":{}},{"ancestorTitles":["useRenameWorktreePrompt"],"fullName":"useRenameWorktreePrompt surfaces rename errors","status":"passed","title":"surfaces rename errors","duration":4.240799999999581,"failureMessages":[],"meta":{}}],"startTime":1785856220870,"endTime":1785856220909.2407,"status":"passed","message":"","name":"W:/DESKbook/我的项目/BlackRain/apps/desktop/src/features/workspaces/hooks/useRenameWorktreePrompt.test.tsx"},{"assertionResults":[{"ancestorTitles":["useWorkspaceDropZone"],"fullName":"useWorkspaceDropZone tracks drag over state for file transfers","status":"passed","title":"tracks drag over state for file transfers","duration":29.52679999999964,"failureMessages":[],"meta":{}},{"ancestorTitles":["useWorkspaceDropZone"],"fullName":"useWorkspaceDropZone emits file paths on drop when available","status":"passed","title":"emits file paths on drop when available","duration":5.986400000000231,"failureMessages":[],"meta":{}}],"startTime":1785856221109,"endTime":1785856221144.9863,"status":"passed","message":"","name":"W:/DESKbook/我的项目/BlackRain/apps/desktop/src/features/workspaces/hooks/useWorkspaceDropZone.test.ts"},{"assertionResults":[{"ancestorTitles":["useWorkspaceHome"],"fullName":"useWorkspaceHome uses provider model name for worktree runs","status":"passed","title":"uses provider model name for worktree runs","duration":43.04350000000022,"failureMessages":[],"meta":{}},{"ancestorTitles":["useWorkspaceHome"],"fullName":"useWorkspaceHome allows image-only local runs","status":"passed","title":"allows image-only local runs","duration":5.98319999999967,"failureMessages":[],"meta":{}},{"ancestorTitles":["useWorkspaceHome"],"fullName":"useWorkspaceHome blocks worktree runs without model selections","status":"passed","title":"blocks worktree runs without model selections","duration":6.015200000000277,"failureMessages":[],"meta":{}},{"ancestorTitles":["useWorkspaceHome"],"fullName":"useWorkspaceHome captures partial failures for multi-instance worktree runs","status":"passed","title":"captures partial failures for multi-instance worktree runs","duration":8.935899999999947,"failureMessages":[],"meta":{}},{"ancestorTitles":["useWorkspaceHome"],"fullName":"useWorkspaceHome updates title after metadata resolves for local runs","status":"passed","title":"updates title after metadata resolves for local runs","duration":6.228500000000167,"failureMessages":[],"meta":{}},{"ancestorTitles":["useWorkspaceHome"],"fullName":"useWorkspaceHome keeps attachments when worktree selection is missing","status":"passed","title":"keeps attachments when worktree selection is missing","duration":3.781500000000051,"failureMessages":[],"meta":{}}],"startTime":1785856218514,"endTime":1785856218588.7815,"status":"passed","message":"","name":"W:/DESKbook/我的项目/BlackRain/apps/desktop/src/features/workspaces/hooks/useWorkspaceHome.test.tsx"},{"assertionResults":[{"ancestorTitles":["useWorkspaceRefreshOnFocus"],"fullName":"useWorkspaceRefreshOnFocus refreshes workspaces and connected threads on focus","status":"passed","title":"refreshes workspaces and connected threads on focus","duration":42.997899999999845,"failureMessages":[],"meta":{}},{"ancestorTitles":["useWorkspaceRefreshOnFocus"],"fullName":"useWorkspaceRefreshOnFocus polls automatically in remote mode","status":"passed","title":"polls automatically in remote mode","duration":5.0797999999999774,"failureMessages":[],"meta":{}},{"ancestorTitles":["useWorkspaceRefreshOnFocus"],"fullName":"useWorkspaceRefreshOnFocus does not poll when backend mode is local","status":"passed","title":"does not poll when backend mode is local","duration":3.8271999999997206,"failureMessages":[],"meta":{}},{"ancestorTitles":["useWorkspaceRefreshOnFocus"],"fullName":"useWorkspaceRefreshOnFocus starts polling when backend mode changes from local to remote","status":"passed","title":"starts polling when backend mode changes from local to remote","duration":27.142699999999877,"failureMessages":[],"meta":{}},{"ancestorTitles":["useWorkspaceRefreshOnFocus"],"fullName":"useWorkspaceRefreshOnFocus stops polling while hidden and resumes when visible again","status":"passed","title":"stops polling while hidden and resumes when visible again","duration":9.021099999999933,"failureMessages":[],"meta":{}}],"startTime":1785856208063,"endTime":1785856208152.021,"status":"passed","message":"","name":"W:/DESKbook/我的项目/BlackRain/apps/desktop/src/features/workspaces/hooks/useWorkspaceRefreshOnFocus.test.tsx"},{"assertionResults":[{"ancestorTitles":["useWorkspaces.renameWorktree"],"fullName":"useWorkspaces.renameWorktree optimistically updates and reconciles on success","status":"passed","title":"optimistically updates and reconciles on success","duration":32.58939999999984,"failureMessages":[],"meta":{}},{"ancestorTitles":["useWorkspaces.renameWorktree"],"fullName":"useWorkspaces.renameWorktree rolls back optimistic update on failure","status":"passed","title":"rolls back optimistic update on failure","duration":6.670100000000275,"failureMessages":[],"meta":{}},{"ancestorTitles":["useWorkspaces.renameWorktree"],"fullName":"useWorkspaces.renameWorktree exposes upstream rename helper","status":"passed","title":"exposes upstream rename helper","duration":7.392499999999927,"failureMessages":[],"meta":{}},{"ancestorTitles":["useWorkspaces.updateWorkspaceSettings"],"fullName":"useWorkspaces.updateWorkspaceSettings does not throw when multiple updates are queued in the same tick","status":"passed","title":"does not throw when multiple updates are queued in the same tick","duration":26.44130000000041,"failureMessages":[],"meta":{}},{"ancestorTitles":["useWorkspaces.addWorkspaceFromPath"],"fullName":"useWorkspaces.addWorkspaceFromPath adds a workspace and sets it active","status":"passed","title":"adds a workspace and sets it active","duration":13.685999999999694,"failureMessages":[],"meta":{}},{"ancestorTitles":["useWorkspaces.connectWorkspace"],"fullName":"useWorkspaces.connectWorkspace marks workspace as connected after a successful connect","status":"passed","title":"marks workspace as connected after a successful connect","duration":5.541400000000067,"failureMessages":[],"meta":{}},{"ancestorTitles":["useWorkspaces.addWorkspacesFromPaths"],"fullName":"useWorkspaces.addWorkspacesFromPaths adds multiple workspaces, activates the first, and returns structured result","status":"passed","title":"adds multiple workspaces, activates the first, and returns structured result","duration":9.291799999999967,"failureMessages":[],"meta":{}},{"ancestorTitles":["useWorkspaces.addWorkspacesFromPaths"],"fullName":"useWorkspaces.addWorkspacesFromPaths returns skipped and failure details without UI side effects","status":"passed","title":"returns skipped and failure details without UI side effects","duration":7.094099999999344,"failureMessages":[],"meta":{}},{"ancestorTitles":["useWorkspaces.addWorkspacesFromPaths"],"fullName":"useWorkspaces.addWorkspacesFromPaths treats Windows namespace paths as duplicates of existing workspace roots","status":"passed","title":"treats Windows namespace paths as duplicates of existing workspace roots","duration":5.770599999999831,"failureMessages":[],"meta":{}},{"ancestorTitles":["useWorkspaces.addWorkspacesFromPaths"],"fullName":"useWorkspaces.addWorkspacesFromPaths treats Windows UNC namespace paths as duplicates of existing workspace roots","status":"passed","title":"treats Windows UNC namespace paths as duplicates of existing workspace roots","duration":4.1742999999996755,"failureMessages":[],"meta":{}},{"ancestorTitles":["useWorkspaces.addWorkspacesFromPaths"],"fullName":"useWorkspaces.addWorkspacesFromPaths tries raw tilde paths before inferred home-prefix expansion","status":"passed","title":"tries raw tilde paths before inferred home-prefix expansion","duration":7.850600000000668,"failureMessages":[],"meta":{}},{"ancestorTitles":["useWorkspaces.addWorkspacesFromPaths"],"fullName":"useWorkspaces.addWorkspacesFromPaths skips raw tilde paths when an equivalent inferred path already exists","status":"passed","title":"skips raw tilde paths when an equivalent inferred path already exists","duration":4.005900000000111,"failureMessages":[],"meta":{}},{"ancestorTitles":["useWorkspaces.addWorkspacesFromPaths"],"fullName":"useWorkspaces.addWorkspacesFromPaths falls back to inferred home-prefix expansion when raw tilde path is invalid","status":"passed","title":"falls back to inferred home-prefix expansion when raw tilde path is invalid","duration":12.898599999999533,"failureMessages":[],"meta":{}},{"ancestorTitles":["useWorkspaces.addWorkspacesFromPaths"],"fullName":"useWorkspaces.addWorkspacesFromPaths does not skip when an earlier inferred fallback candidate already exists","status":"passed","title":"does not skip when an earlier inferred fallback candidate already exists","duration":6.144900000000234,"failureMessages":[],"meta":{}},{"ancestorTitles":["useWorkspaces.addWorkspaceFromGitUrl"],"fullName":"useWorkspaces.addWorkspaceFromGitUrl invokes service and activates workspace","status":"passed","title":"invokes service and activates workspace","duration":3.474699999999757,"failureMessages":[],"meta":{}}],"startTime":1785856187385,"endTime":1785856187539.4746,"status":"passed","message":"","name":"W:/DESKbook/我的项目/BlackRain/apps/desktop/src/features/workspaces/hooks/useWorkspaces.test.tsx"},{"assertionResults":[{"ancestorTitles":["useWorktreePrompt"],"fullName":"useWorktreePrompt derives branch from name until branch is manually edited","status":"passed","title":"derives branch from name until branch is manually edited","duration":40.116399999999885,"failureMessages":[],"meta":{}},{"ancestorTitles":["useWorktreePrompt"],"fullName":"useWorktreePrompt does not override branch when name is cleared","status":"passed","title":"does not override branch when name is cleared","duration":5.152699999999641,"failureMessages":[],"meta":{}},{"ancestorTitles":["useWorktreePrompt"],"fullName":"useWorktreePrompt passes copyAgentsMd to addWorktreeAgent","status":"passed","title":"passes copyAgentsMd to addWorktreeAgent","duration":8.778599999999642,"failureMessages":[],"meta":{}}],"startTime":1785856220232,"endTime":1785856220285.7786,"status":"passed","message":"","name":"W:/DESKbook/我的项目/BlackRain/apps/desktop/src/features/workspaces/hooks/useWorktreePrompt.test.tsx"},{"assertionResults":[{"ancestorTitles":["ModalShell"],"fullName":"ModalShell renders root and card classes and handles backdrop click","status":"passed","title":"renders root and card classes and handles backdrop click","duration":100.19549999999981,"failureMessages":[],"meta":{}},{"ancestorTitles":["ModalShell"],"fullName":"ModalShell supports aria-labelledby and aria-describedby","status":"passed","title":"supports aria-labelledby and aria-describedby","duration":94.18179999999938,"failureMessages":[],"meta":{}},{"ancestorTitles":["ModalShell"],"fullName":"ModalShell moves focus into the dialog, traps Tab, handles Escape, and restores focus","status":"passed","title":"moves focus into the dialog, traps Tab, handles Escape, and restores focus","duration":339.79659999999967,"failureMessages":[],"meta":{}}],"startTime":1785856198187,"endTime":1785856198721.7966,"status":"passed","message":"","name":"W:/DESKbook/我的项目/BlackRain/apps/desktop/src/features/design-system/components/modal/ModalShell.test.tsx"},{"assertionResults":[{"ancestorTitles":["ToastPrimitives"],"fullName":"ToastPrimitives renders viewport role and aria-live semantics","status":"passed","title":"renders viewport role and aria-live semantics","duration":284.8000000000002,"failureMessages":[],"meta":{}},{"ancestorTitles":["ToastPrimitives"],"fullName":"ToastPrimitives renders card, text, and section primitive classes","status":"passed","title":"renders card, text, and section primitive classes","duration":47.63509999999951,"failureMessages":[],"meta":{}}],"startTime":1785856204456,"endTime":1785856204789.635,"status":"passed","message":"","name":"W:/DESKbook/我的项目/BlackRain/apps/desktop/src/features/design-system/components/toast/ToastPrimitives.test.tsx"},{"assertionResults":[{"ancestorTitles":["SettingsAgentsSection"],"fullName":"SettingsAgentsSection enables create generation only when name is present","status":"passed","title":"enables create generation only when name is present","duration":708.8279999999995,"failureMessages":[],"meta":{}},{"ancestorTitles":["SettingsAgentsSection"],"fullName":"SettingsAgentsSection applies generated description to create textarea","status":"passed","title":"applies generated description to create textarea","duration":266.9413000000004,"failureMessages":[],"meta":{}},{"ancestorTitles":["SettingsAgentsSection"],"fullName":"SettingsAgentsSection does not send developerInstructions when unchanged during edit","status":"passed","title":"does not send developerInstructions when unchanged during edit","duration":453.14549999999963,"failureMessages":[],"meta":{}},{"ancestorTitles":["SettingsAgentsSection"],"fullName":"SettingsAgentsSection updates max depth from stepper control","status":"passed","title":"updates max depth from stepper control","duration":216.8782999999994,"failureMessages":[],"meta":{}},{"ancestorTitles":["SettingsAgentsSection"],"fullName":"SettingsAgentsSection does not increase max depth beyond 4","status":"passed","title":"does not increase max depth beyond 4","duration":169.10770000000048,"failureMessages":[],"meta":{}}],"startTime":1785856188616,"endTime":1785856190431.1077,"status":"passed","message":"","name":"W:/DESKbook/我的项目/BlackRain/apps/desktop/src/features/settings/components/sections/SettingsAgentsSection.test.tsx"},{"assertionResults":[{"ancestorTitles":["SettingsDisplaySection"],"fullName":"SettingsDisplaySection persists language preference changes","status":"passed","title":"persists language preference changes","duration":176.66239999999925,"failureMessages":[],"meta":{}},{"ancestorTitles":["SettingsDisplaySection"],"fullName":"SettingsDisplaySection toggles auto-generated thread titles","status":"passed","title":"toggles auto-generated thread titles","duration":374.1163999999999,"failureMessages":[],"meta":{}},{"ancestorTitles":["SettingsDisplaySection"],"fullName":"SettingsDisplaySection toggles unlimited chat history","status":"passed","title":"toggles unlimited chat history","duration":81.9306000000006,"failureMessages":[],"meta":{}},{"ancestorTitles":["SettingsDisplaySection"],"fullName":"SettingsDisplaySection disables scrollback controls when unlimited chat history is enabled","status":"passed","title":"disables scrollback controls when unlimited chat history is enabled","duration":132.26879999999983,"failureMessages":[],"meta":{}},{"ancestorTitles":["SettingsDisplaySection"],"fullName":"SettingsDisplaySection applies scrollback presets","status":"passed","title":"applies scrollback presets","duration":110.60559999999987,"failureMessages":[],"meta":{}},{"ancestorTitles":["SettingsDisplaySection"],"fullName":"SettingsDisplaySection does not persist scrollback draft on blur when toggling unlimited","status":"passed","title":"does not persist scrollback draft on blur when toggling unlimited","duration":190.2464,"failureMessages":[],"meta":{}},{"ancestorTitles":["SettingsDisplaySection"],"fullName":"SettingsDisplaySection does not persist scrollback draft on blur when clicking Reset","status":"passed","title":"does not persist scrollback draft on blur when clicking Reset","duration":167.7473,"failureMessages":[],"meta":{}}],"startTime":1785856191993,"endTime":1785856193227.7473,"status":"passed","message":"","name":"W:/DESKbook/我的项目/BlackRain/apps/desktop/src/features/settings/components/sections/SettingsDisplaySection.test.tsx"}]}